18:59:55 DEBUG : Logs will be stored at 'E:/VIVADO_2022/Microblaze_Projects/PROJECTS/GPIO/IDE.log'.
19:00:10 INFO  : Launching XSCT server: xsct.bat -n  -interactive E:\VIVADO_2022\Microblaze_Projects\PROJECTS\GPIO\temp_xsdb_launch_script.tcl
19:00:19 INFO  : Registering command handlers for Vitis TCF services
19:00:21 INFO  : Platform repository initialization has completed.
19:00:36 INFO  : XSCT server has started successfully.
19:00:37 INFO  : plnx-install-location is set to ''
19:01:15 INFO  : Successfully done setting XSCT server connection channel  
19:01:16 INFO  : Successfully done query RDI_DATADIR 
19:01:16 INFO  : Successfully done setting workspace for the tool. 
19:03:08 INFO  : Result from executing command 'getProjects': design_1_wrapper
19:03:08 INFO  : Result from executing command 'getPlatforms': xilinx_zcu102_base_202220_1|E:/VITIS_2020.2/Vitis/2022.2/base_platforms/xilinx_zcu102_base_202220_1/xilinx_zcu102_base_202220_1.xpfm;xilinx_zcu102_base_dfx_202220_1|E:/VITIS_2020.2/Vitis/2022.2/base_platforms/xilinx_zcu102_base_dfx_202220_1/xilinx_zcu102_base_dfx_202220_1.xpfm;xilinx_zcu104_base_202220_1|E:/VITIS_2020.2/Vitis/2022.2/base_platforms/xilinx_zcu104_base_202220_1/xilinx_zcu104_base_202220_1.xpfm
19:03:09 WARN  : An unexpected exception occurred in the module 'platform project logging'
19:03:11 INFO  : Platform 'design_1_wrapper' is added to custom repositories.
19:03:27 INFO  : Platform 'design_1_wrapper' is added to custom repositories.
19:04:51 INFO  : Result from executing command 'getProjects': design_1_wrapper
19:04:51 INFO  : Result from executing command 'getPlatforms': design_1_wrapper|E:/VIVADO_2022/Microblaze_Projects/PROJECTS/GPIO/design_1_wrapper/export/design_1_wrapper/design_1_wrapper.xpfm;xilinx_zcu102_base_202220_1|E:/VITIS_2020.2/Vitis/2022.2/base_platforms/xilinx_zcu102_base_202220_1/xilinx_zcu102_base_202220_1.xpfm;xilinx_zcu102_base_dfx_202220_1|E:/VITIS_2020.2/Vitis/2022.2/base_platforms/xilinx_zcu102_base_dfx_202220_1/xilinx_zcu102_base_dfx_202220_1.xpfm;xilinx_zcu104_base_202220_1|E:/VITIS_2020.2/Vitis/2022.2/base_platforms/xilinx_zcu104_base_202220_1/xilinx_zcu104_base_202220_1.xpfm
19:14:24 INFO  : Checking for BSP changes to sync application flags for project 'gpio_led_blink'...
19:14:45 INFO  : Checking for BSP changes to sync application flags for project 'gpio_led_blink'...
19:17:18 INFO  : Bit file 'E:/VIVADO_2022/Microblaze_Projects/PROJECTS/GPIO/gpio_led_blink/_ide/bitstream/download.bit' is generated.
19:17:22 INFO  : Connected to target on host '127.0.0.1' and port '3121'.
19:17:29 INFO  : 'targets -set -filter {jtag_cable_name =~ "Digilent Arty 210319A288EEA" && level==0 && jtag_device_ctx=="jsn-Arty-210319A288EEA-0362d093-0"}' command is executed.
19:17:31 INFO  : Device configured successfully with "E:/VIVADO_2022/Microblaze_Projects/PROJECTS/GPIO/gpio_led_blink/_ide/bitstream/download.bit"
19:17:52 INFO  : Connected to target on host '127.0.0.1' and port '3121'.
19:17:53 INFO  : Jtag cable 'Digilent Arty 210319A288EEA' is selected.
19:17:53 INFO  : 'jtag frequency' command is executed.
19:17:53 INFO  : 'targets -set -filter {jtag_cable_name =~ "Digilent Arty 210319A288EEA" && level==0 && jtag_device_ctx=="jsn-Arty-210319A288EEA-0362d093-0"}' command is executed.
19:17:54 INFO  : Device configured successfully with "E:/VIVADO_2022/Microblaze_Projects/PROJECTS/GPIO/gpio_led_blink/_ide/bitstream/download.bit"
19:17:54 INFO  : Context for processor 'microblaze_0' is selected.
19:17:54 INFO  : Hardware design and registers information is loaded from 'E:/VIVADO_2022/Microblaze_Projects/PROJECTS/GPIO/design_1_wrapper/export/design_1_wrapper/hw/design_1_wrapper.xsa'.
19:17:54 INFO  : 'configparams mdm-detect-bscan-mask 2' command is executed.
19:17:54 INFO  : Context for processor 'microblaze_0' is selected.
19:17:54 INFO  : System reset is completed.
19:17:57 INFO  : 'after 3000' command is executed.
19:17:57 INFO  : Context for processor 'microblaze_0' is selected.
19:17:58 INFO  : The application 'E:/VIVADO_2022/Microblaze_Projects/PROJECTS/GPIO/gpio_led_blink/Debug/gpio_led_blink.elf' is downloaded to processor 'microblaze_0'.
19:17:58 INFO  : ----------------XSDB Script----------------
connect -url tcp:127.0.0.1:3121
targets -set -filter {jtag_cable_name =~ "Digilent Arty 210319A288EEA" && level==0 && jtag_device_ctx=="jsn-Arty-210319A288EEA-0362d093-0"}
fpga -file E:/VIVADO_2022/Microblaze_Projects/PROJECTS/GPIO/gpio_led_blink/_ide/bitstream/download.bit
targets -set -nocase -filter {name =~ "*microblaze*#0" && bscan=="USER2" }
loadhw -hw E:/VIVADO_2022/Microblaze_Projects/PROJECTS/GPIO/design_1_wrapper/export/design_1_wrapper/hw/design_1_wrapper.xsa -regs
configparams mdm-detect-bscan-mask 2
targets -set -nocase -filter {name =~ "*microblaze*#0" && bscan=="USER2" }
rst -system
after 3000
targets -set -nocase -filter {name =~ "*microblaze*#0" && bscan=="USER2" }
dow E:/VIVADO_2022/Microblaze_Projects/PROJECTS/GPIO/gpio_led_blink/Debug/gpio_led_blink.elf
----------------End of Script----------------

19:17:59 INFO  : Context for processor 'microblaze_0' is selected.
19:17:59 INFO  : 'con' command is executed.
19:17:59 INFO  : ----------------XSDB Script (After Launch)----------------
targets -set -nocase -filter {name =~ "*microblaze*#0" && bscan=="USER2" }
con
----------------End of Script----------------

19:17:59 INFO  : Launch script is exported to file 'E:\VIVADO_2022\Microblaze_Projects\PROJECTS\GPIO\gpio_led_blink_system\_ide\scripts\systemdebugger_gpio_led_blink_system_standalone.tcl'
19:19:52 INFO  : Disconnected from the channel tcfchan#2.
