TRACE::2024-07-17.19:22:46::SCWPlatform::Trying to open the hw design at E:/VIVADO_2022/Microblaze_Projects/design_1_wrapper_1/hw/design_1_wrapper.xsa
TRACE::2024-07-17.19:22:46::SCWPlatform::DSA given E:/VIVADO_2022/Microblaze_Projects/design_1_wrapper_1/hw/design_1_wrapper.xsa
TRACE::2024-07-17.19:22:46::SCWPlatform::DSA absoulate path E:/VIVADO_2022/Microblaze_Projects/design_1_wrapper_1/hw/design_1_wrapper.xsa
TRACE::2024-07-17.19:22:46::SCWPlatform::DSA directory E:/VIVADO_2022/Microblaze_Projects/design_1_wrapper_1/hw
TRACE::2024-07-17.19:22:46::SCWPlatform:: Platform Path E:/VIVADO_2022/Microblaze_Projects/design_1_wrapper_1/hw/design_1_wrapper.xsa
TRACE::2024-07-17.19:22:46::SCWPlatform:: Unique name xilinx:edgea7::0.0
TRACE::2024-07-17.19:22:46::SCWPlatform::Do not have an existing db opened. 
TRACE::2024-07-17.19:22:46::SCWPlatform::Opened new HwDB with name design_1_wrapper_14
TRACE::2024-07-17.19:22:46::SCWWriter::formatted JSON is {
	"platformName":	"design_1_wrapper_1",
	"sprVersion":	"2.0",
	"mode":	"gui",
	"dsaType":	"Fixed",
	"platformDesc":	"design_1_wrapper_1",
	"platHandOff":	"E:/VIVADO_2022/Microblaze_Projects/Uart_tx/uart_tx/design_1_wrapper.xsa",
	"platIntHandOff":	"<platformDir>/hw/design_1_wrapper.xsa",
	"deviceType":	"FPGA",
	"platIsPrebuiltAutogen":	"false",
	"platIsNoBootBsp":	"false",
	"hasFsblMakeHasChanges":	"false",
	"hasPmufwMakeHasChanges":	"false",
	"platPreBuiltFlag":	false,
	"platformSamplesDir":	""
}
TRACE::2024-07-17.19:22:46::SCWWriter::formatted JSON is {
	"platformName":	"design_1_wrapper_1",
	"sprVersion":	"2.0",
	"mode":	"gui",
	"dsaType":	"Fixed",
	"platformDesc":	"design_1_wrapper_1",
	"platHandOff":	"E:/VIVADO_2022/Microblaze_Projects/Uart_tx/uart_tx/design_1_wrapper.xsa",
	"platIntHandOff":	"<platformDir>/hw/design_1_wrapper.xsa",
	"deviceType":	"FPGA",
	"platIsPrebuiltAutogen":	"false",
	"platIsNoBootBsp":	"false",
	"hasFsblMakeHasChanges":	"false",
	"hasPmufwMakeHasChanges":	"false",
	"platPreBuiltFlag":	false,
	"platformSamplesDir":	"",
	"platActiveSys":	"design_1_wrapper_1",
	"systems":	[{
			"systemName":	"design_1_wrapper_1",
			"systemDesc":	"design_1_wrapper_1",
			"sysIsBootAutoGen":	"true",
			"systemDispName":	"design_1_wrapper_1"
		}]
}
TRACE::2024-07-17.19:22:46::SCWPlatform::Boot application domains not present, creating them
TRACE::2024-07-17.19:22:46::SCWPlatform::Pure FPGA device, no boot application will be created.
TRACE::2024-07-17.19:22:46::SCWWriter::formatted JSON is {
	"platformName":	"design_1_wrapper_1",
	"sprVersion":	"2.0",
	"mode":	"gui",
	"dsaType":	"Fixed",
	"platformDesc":	"design_1_wrapper_1",
	"platHandOff":	"E:/VIVADO_2022/Microblaze_Projects/Uart_tx/uart_tx/design_1_wrapper.xsa",
	"platIntHandOff":	"<platformDir>/hw/design_1_wrapper.xsa",
	"deviceType":	"FPGA",
	"platIsPrebuiltAutogen":	"false",
	"platIsNoBootBsp":	"false",
	"hasFsblMakeHasChanges":	"false",
	"hasPmufwMakeHasChanges":	"false",
	"platPreBuiltFlag":	false,
	"platformSamplesDir":	"",
	"platActiveSys":	"design_1_wrapper_1",
	"systems":	[{
			"systemName":	"design_1_wrapper_1",
			"systemDesc":	"design_1_wrapper_1",
			"sysIsBootAutoGen":	"true",
			"systemDispName":	"design_1_wrapper_1"
		}]
}
TRACE::2024-07-17.19:22:46::SCWWriter::formatted JSON is {
	"platformName":	"design_1_wrapper_1",
	"sprVersion":	"2.0",
	"mode":	"gui",
	"dsaType":	"Fixed",
	"platformDesc":	"design_1_wrapper_1",
	"platHandOff":	"E:/VIVADO_2022/Microblaze_Projects/Uart_tx/uart_tx/design_1_wrapper.xsa",
	"platIntHandOff":	"<platformDir>/hw/design_1_wrapper.xsa",
	"deviceType":	"FPGA",
	"platIsPrebuiltAutogen":	"false",
	"platIsNoBootBsp":	"false",
	"hasFsblMakeHasChanges":	"false",
	"hasPmufwMakeHasChanges":	"false",
	"platPreBuiltFlag":	false,
	"platformSamplesDir":	"",
	"platActiveSys":	"design_1_wrapper_1",
	"systems":	[{
			"systemName":	"design_1_wrapper_1",
			"systemDesc":	"design_1_wrapper_1",
			"sysIsBootAutoGen":	"true",
			"systemDispName":	"design_1_wrapper_1"
		}]
}
TRACE::2024-07-17.19:22:46::SCWPlatform::Trying to open the hw design at E:/VIVADO_2022/Microblaze_Projects/design_1_wrapper_1/hw/design_1_wrapper.xsa
TRACE::2024-07-17.19:22:46::SCWPlatform::DSA given E:/VIVADO_2022/Microblaze_Projects/design_1_wrapper_1/hw/design_1_wrapper.xsa
TRACE::2024-07-17.19:22:46::SCWPlatform::DSA absoulate path E:/VIVADO_2022/Microblaze_Projects/design_1_wrapper_1/hw/design_1_wrapper.xsa
TRACE::2024-07-17.19:22:46::SCWPlatform::DSA directory E:/VIVADO_2022/Microblaze_Projects/design_1_wrapper_1/hw
TRACE::2024-07-17.19:22:46::SCWPlatform:: Platform Path E:/VIVADO_2022/Microblaze_Projects/design_1_wrapper_1/hw/design_1_wrapper.xsa
TRACE::2024-07-17.19:22:46::SCWPlatform:: Unique name xilinx:edgea7::0.0
TRACE::2024-07-17.19:22:46::SCWPlatform::Trying to set the existing hwdb with name design_1_wrapper_14
TRACE::2024-07-17.19:22:46::SCWPlatform::Opened existing hwdb design_1_wrapper_14
TRACE::2024-07-17.19:22:46::SCWPlatform::Found the Hw Db part of the input DSA
TRACE::2024-07-17.19:22:46::SCWPlatform::Trying to open the hw design at E:/VIVADO_2022/Microblaze_Projects/design_1_wrapper_1/hw/design_1_wrapper.xsa
TRACE::2024-07-17.19:22:46::SCWPlatform::DSA given E:/VIVADO_2022/Microblaze_Projects/design_1_wrapper_1/hw/design_1_wrapper.xsa
TRACE::2024-07-17.19:22:46::SCWPlatform::DSA absoulate path E:/VIVADO_2022/Microblaze_Projects/design_1_wrapper_1/hw/design_1_wrapper.xsa
TRACE::2024-07-17.19:22:46::SCWPlatform::DSA directory E:/VIVADO_2022/Microblaze_Projects/design_1_wrapper_1/hw
TRACE::2024-07-17.19:22:46::SCWPlatform:: Platform Path E:/VIVADO_2022/Microblaze_Projects/design_1_wrapper_1/hw/design_1_wrapper.xsa
TRACE::2024-07-17.19:22:46::SCWPlatform:: Unique name xilinx:edgea7::0.0
TRACE::2024-07-17.19:22:46::SCWPlatform::Trying to set the existing hwdb with name design_1_wrapper_14
TRACE::2024-07-17.19:22:46::SCWPlatform::Opened existing hwdb design_1_wrapper_14
TRACE::2024-07-17.19:22:46::SCWPlatform::Found the Hw Db part of the input DSA
TRACE::2024-07-17.19:22:46::SCWDomain::checking for install qemu data   : 
TRACE::2024-07-17.19:22:46::SCWPlatform::Trying to open the hw design at E:/VIVADO_2022/Microblaze_Projects/design_1_wrapper_1/hw/design_1_wrapper.xsa
TRACE::2024-07-17.19:22:46::SCWPlatform::DSA given E:/VIVADO_2022/Microblaze_Projects/design_1_wrapper_1/hw/design_1_wrapper.xsa
TRACE::2024-07-17.19:22:46::SCWPlatform::DSA absoulate path E:/VIVADO_2022/Microblaze_Projects/design_1_wrapper_1/hw/design_1_wrapper.xsa
TRACE::2024-07-17.19:22:46::SCWPlatform::DSA directory E:/VIVADO_2022/Microblaze_Projects/design_1_wrapper_1/hw
TRACE::2024-07-17.19:22:46::SCWPlatform:: Platform Path E:/VIVADO_2022/Microblaze_Projects/design_1_wrapper_1/hw/design_1_wrapper.xsa
TRACE::2024-07-17.19:22:46::SCWPlatform:: Unique name xilinx:edgea7::0.0
TRACE::2024-07-17.19:22:46::SCWPlatform::Trying to set the existing hwdb with name design_1_wrapper_14
TRACE::2024-07-17.19:22:46::SCWPlatform::Opened existing hwdb design_1_wrapper_14
TRACE::2024-07-17.19:22:46::SCWPlatform::Found the Hw Db part of the input DSA
TRACE::2024-07-17.19:22:46::SCWPlatform::Trying to open the hw design at E:/VIVADO_2022/Microblaze_Projects/design_1_wrapper_1/hw/design_1_wrapper.xsa
TRACE::2024-07-17.19:22:46::SCWPlatform::DSA given E:/VIVADO_2022/Microblaze_Projects/design_1_wrapper_1/hw/design_1_wrapper.xsa
TRACE::2024-07-17.19:22:46::SCWPlatform::DSA absoulate path E:/VIVADO_2022/Microblaze_Projects/design_1_wrapper_1/hw/design_1_wrapper.xsa
TRACE::2024-07-17.19:22:46::SCWPlatform::DSA directory E:/VIVADO_2022/Microblaze_Projects/design_1_wrapper_1/hw
TRACE::2024-07-17.19:22:46::SCWPlatform:: Platform Path E:/VIVADO_2022/Microblaze_Projects/design_1_wrapper_1/hw/design_1_wrapper.xsa
TRACE::2024-07-17.19:22:46::SCWPlatform:: Unique name xilinx:edgea7::0.0
TRACE::2024-07-17.19:22:46::SCWPlatform::Trying to set the existing hwdb with name design_1_wrapper_14
TRACE::2024-07-17.19:22:46::SCWPlatform::Opened existing hwdb design_1_wrapper_14
TRACE::2024-07-17.19:22:46::SCWPlatform::Found the Hw Db part of the input DSA
TRACE::2024-07-17.19:22:46::SCWPlatform::Trying to open the hw design at E:/VIVADO_2022/Microblaze_Projects/design_1_wrapper_1/hw/design_1_wrapper.xsa
TRACE::2024-07-17.19:22:46::SCWPlatform::DSA given E:/VIVADO_2022/Microblaze_Projects/design_1_wrapper_1/hw/design_1_wrapper.xsa
TRACE::2024-07-17.19:22:46::SCWPlatform::DSA absoulate path E:/VIVADO_2022/Microblaze_Projects/design_1_wrapper_1/hw/design_1_wrapper.xsa
TRACE::2024-07-17.19:22:46::SCWPlatform::DSA directory E:/VIVADO_2022/Microblaze_Projects/design_1_wrapper_1/hw
TRACE::2024-07-17.19:22:46::SCWPlatform:: Platform Path E:/VIVADO_2022/Microblaze_Projects/design_1_wrapper_1/hw/design_1_wrapper.xsa
TRACE::2024-07-17.19:22:46::SCWPlatform:: Unique name xilinx:edgea7::0.0
TRACE::2024-07-17.19:22:46::SCWPlatform::Trying to set the existing hwdb with name design_1_wrapper_14
TRACE::2024-07-17.19:22:46::SCWPlatform::Opened existing hwdb design_1_wrapper_14
TRACE::2024-07-17.19:22:46::SCWPlatform::Found the Hw Db part of the input DSA
TRACE::2024-07-17.19:22:46::SCWMssOS::Checking the sw design at  E:/VIVADO_2022/Microblaze_Projects/design_1_wrapper_1/microblaze_0/standalone_microblaze_0/bsp/system.mss
TRACE::2024-07-17.19:22:46::SCWMssOS::DEBUG:  swdes dump  E:/VIVADO_2022/Microblaze_Projects/design_1_wrapper/microblaze_0/standalone_microblaze_0/bsp/system.mss|system||

TRACE::2024-07-17.19:22:46::SCWMssOS::No sw design opened at  E:/VIVADO_2022/Microblaze_Projects/design_1_wrapper_1/microblaze_0/standalone_microblaze_0/bsp/system.mss
TRACE::2024-07-17.19:22:46::SCWMssOS::mss does not exists at E:/VIVADO_2022/Microblaze_Projects/design_1_wrapper_1/microblaze_0/standalone_microblaze_0/bsp/system.mss
TRACE::2024-07-17.19:22:46::SCWMssOS::Creating sw design at  E:/VIVADO_2022/Microblaze_Projects/design_1_wrapper_1/microblaze_0/standalone_microblaze_0/bsp/system.mss
TRACE::2024-07-17.19:22:46::SCWMssOS::Adding the swdes entry, created swdb E:/VIVADO_2022/Microblaze_Projects/design_1_wrapper_1/microblaze_0/standalone_microblaze_0/bsp/system.mss with des name E:/VIVADO_2022/Microblaze_Projects/design_1_wrapper_1/microblaze_0/standalone_microblaze_0/bsp/system.mss
TRACE::2024-07-17.19:22:46::SCWMssOS::updating the scw layer changes to swdes at   E:/VIVADO_2022/Microblaze_Projects/design_1_wrapper_1/microblaze_0/standalone_microblaze_0/bsp/system.mss
TRACE::2024-07-17.19:22:46::SCWMssOS::Writing mss at E:/VIVADO_2022/Microblaze_Projects/design_1_wrapper_1/microblaze_0/standalone_microblaze_0/bsp/system.mss
TRACE::2024-07-17.19:22:46::SCWMssOS::Completed writing the mss file at E:/VIVADO_2022/Microblaze_Projects/design_1_wrapper_1/microblaze_0/standalone_microblaze_0/bsp
TRACE::2024-07-17.19:22:46::SCWMssOS::Picking up changes from newly written mss file into SCW Layer. 
TRACE::2024-07-17.19:22:46::SCWMssOS::Updated the changes from newly written mss file into SCW Layer. 
TRACE::2024-07-17.19:22:46::SCWMssOS::Completed writing the mss file at E:/VIVADO_2022/Microblaze_Projects/design_1_wrapper_1/microblaze_0/standalone_microblaze_0/bsp
TRACE::2024-07-17.19:22:46::SCWMssOS::Forcing BSP Sources regeneration.
TRACE::2024-07-17.19:22:49::SCWMssOS::Saving the mss changes E:/VIVADO_2022/Microblaze_Projects/design_1_wrapper_1/microblaze_0/standalone_microblaze_0/bsp/system.mss
TRACE::2024-07-17.19:22:49::SCWMssOS::Adding the swdes entry, mss present, able to open swdb E:/VIVADO_2022/Microblaze_Projects/design_1_wrapper_1/microblaze_0/standalone_microblaze_0/bsp/system.mss with des name system_0
TRACE::2024-07-17.19:22:49::SCWMssOS::Writing the mss file completed E:/VIVADO_2022/Microblaze_Projects/design_1_wrapper_1/microblaze_0/standalone_microblaze_0/bsp/system.mss
TRACE::2024-07-17.19:22:49::SCWMssOS::Commit changes completed.
TRACE::2024-07-17.19:22:49::SCWPlatform::Trying to open the hw design at E:/VIVADO_2022/Microblaze_Projects/design_1_wrapper_1/hw/design_1_wrapper.xsa
TRACE::2024-07-17.19:22:49::SCWPlatform::DSA given E:/VIVADO_2022/Microblaze_Projects/design_1_wrapper_1/hw/design_1_wrapper.xsa
TRACE::2024-07-17.19:22:49::SCWPlatform::DSA absoulate path E:/VIVADO_2022/Microblaze_Projects/design_1_wrapper_1/hw/design_1_wrapper.xsa
TRACE::2024-07-17.19:22:49::SCWPlatform::DSA directory E:/VIVADO_2022/Microblaze_Projects/design_1_wrapper_1/hw
TRACE::2024-07-17.19:22:49::SCWPlatform:: Platform Path E:/VIVADO_2022/Microblaze_Projects/design_1_wrapper_1/hw/design_1_wrapper.xsa
TRACE::2024-07-17.19:22:49::SCWPlatform:: Unique name xilinx:edgea7::0.0
TRACE::2024-07-17.19:22:49::SCWPlatform::Trying to set the existing hwdb with name design_1_wrapper_14
TRACE::2024-07-17.19:22:49::SCWPlatform::Opened existing hwdb design_1_wrapper_14
TRACE::2024-07-17.19:22:49::SCWPlatform::Found the Hw Db part of the input DSA
TRACE::2024-07-17.19:22:49::SCWMssOS::Checking the sw design at  E:/VIVADO_2022/Microblaze_Projects/design_1_wrapper_1/microblaze_0/standalone_microblaze_0/bsp/system.mss
TRACE::2024-07-17.19:22:49::SCWMssOS::DEBUG:  swdes dump  E:/VIVADO_2022/Microblaze_Projects/design_1_wrapper/microblaze_0/standalone_microblaze_0/bsp/system.mss|system||
E:/VIVADO_2022/Microblaze_Projects/design_1_wrapper_1/microblaze_0/standalone_microblaze_0/bsp/system.mss|system_0||

TRACE::2024-07-17.19:22:49::SCWMssOS::Sw design exists and opened at  E:/VIVADO_2022/Microblaze_Projects/design_1_wrapper_1/microblaze_0/standalone_microblaze_0/bsp/system.mss
TRACE::2024-07-17.19:22:49::SCWPlatform::Trying to open the hw design at E:/VIVADO_2022/Microblaze_Projects/design_1_wrapper_1/hw/design_1_wrapper.xsa
TRACE::2024-07-17.19:22:49::SCWPlatform::DSA given E:/VIVADO_2022/Microblaze_Projects/design_1_wrapper_1/hw/design_1_wrapper.xsa
TRACE::2024-07-17.19:22:49::SCWPlatform::DSA absoulate path E:/VIVADO_2022/Microblaze_Projects/design_1_wrapper_1/hw/design_1_wrapper.xsa
TRACE::2024-07-17.19:22:49::SCWPlatform::DSA directory E:/VIVADO_2022/Microblaze_Projects/design_1_wrapper_1/hw
TRACE::2024-07-17.19:22:49::SCWPlatform:: Platform Path E:/VIVADO_2022/Microblaze_Projects/design_1_wrapper_1/hw/design_1_wrapper.xsa
TRACE::2024-07-17.19:22:49::SCWPlatform:: Unique name xilinx:edgea7::0.0
TRACE::2024-07-17.19:22:49::SCWPlatform::Trying to set the existing hwdb with name design_1_wrapper_14
TRACE::2024-07-17.19:22:49::SCWPlatform::Opened existing hwdb design_1_wrapper_14
TRACE::2024-07-17.19:22:49::SCWPlatform::Found the Hw Db part of the input DSA
TRACE::2024-07-17.19:22:49::SCWMssOS::Checking the sw design at  E:/VIVADO_2022/Microblaze_Projects/design_1_wrapper_1/microblaze_0/standalone_microblaze_0/bsp/system.mss
TRACE::2024-07-17.19:22:49::SCWMssOS::DEBUG:  swdes dump  E:/VIVADO_2022/Microblaze_Projects/design_1_wrapper/microblaze_0/standalone_microblaze_0/bsp/system.mss|system||
E:/VIVADO_2022/Microblaze_Projects/design_1_wrapper_1/microblaze_0/standalone_microblaze_0/bsp/system.mss|system_0||

TRACE::2024-07-17.19:22:49::SCWMssOS::Sw design exists and opened at  E:/VIVADO_2022/Microblaze_Projects/design_1_wrapper_1/microblaze_0/standalone_microblaze_0/bsp/system.mss
TRACE::2024-07-17.19:22:49::SCWPlatform::Trying to open the hw design at E:/VIVADO_2022/Microblaze_Projects/design_1_wrapper_1/hw/design_1_wrapper.xsa
TRACE::2024-07-17.19:22:49::SCWPlatform::DSA given E:/VIVADO_2022/Microblaze_Projects/design_1_wrapper_1/hw/design_1_wrapper.xsa
TRACE::2024-07-17.19:22:49::SCWPlatform::DSA absoulate path E:/VIVADO_2022/Microblaze_Projects/design_1_wrapper_1/hw/design_1_wrapper.xsa
TRACE::2024-07-17.19:22:49::SCWPlatform::DSA directory E:/VIVADO_2022/Microblaze_Projects/design_1_wrapper_1/hw
TRACE::2024-07-17.19:22:49::SCWPlatform:: Platform Path E:/VIVADO_2022/Microblaze_Projects/design_1_wrapper_1/hw/design_1_wrapper.xsa
TRACE::2024-07-17.19:22:49::SCWPlatform:: Unique name xilinx:edgea7::0.0
TRACE::2024-07-17.19:22:49::SCWPlatform::Trying to set the existing hwdb with name design_1_wrapper_14
TRACE::2024-07-17.19:22:49::SCWPlatform::Opened existing hwdb design_1_wrapper_14
TRACE::2024-07-17.19:22:49::SCWPlatform::Found the Hw Db part of the input DSA
TRACE::2024-07-17.19:22:49::SCWMssOS::Checking the sw design at  E:/VIVADO_2022/Microblaze_Projects/design_1_wrapper_1/microblaze_0/standalone_microblaze_0/bsp/system.mss
TRACE::2024-07-17.19:22:49::SCWMssOS::DEBUG:  swdes dump  E:/VIVADO_2022/Microblaze_Projects/design_1_wrapper/microblaze_0/standalone_microblaze_0/bsp/system.mss|system||
E:/VIVADO_2022/Microblaze_Projects/design_1_wrapper_1/microblaze_0/standalone_microblaze_0/bsp/system.mss|system_0||

TRACE::2024-07-17.19:22:49::SCWMssOS::Sw design exists and opened at  E:/VIVADO_2022/Microblaze_Projects/design_1_wrapper_1/microblaze_0/standalone_microblaze_0/bsp/system.mss
TRACE::2024-07-17.19:22:49::SCWWriter::formatted JSON is {
	"platformName":	"design_1_wrapper_1",
	"sprVersion":	"2.0",
	"mode":	"gui",
	"dsaType":	"Fixed",
	"platformDesc":	"design_1_wrapper_1",
	"platHandOff":	"E:/VIVADO_2022/Microblaze_Projects/Uart_tx/uart_tx/design_1_wrapper.xsa",
	"platIntHandOff":	"<platformDir>/hw/design_1_wrapper.xsa",
	"deviceType":	"FPGA",
	"platIsPrebuiltAutogen":	"false",
	"platIsNoBootBsp":	"false",
	"hasFsblMakeHasChanges":	"false",
	"hasPmufwMakeHasChanges":	"false",
	"platPreBuiltFlag":	false,
	"platformSamplesDir":	"",
	"platActiveSys":	"design_1_wrapper_1",
	"systems":	[{
			"systemName":	"design_1_wrapper_1",
			"systemDesc":	"design_1_wrapper_1",
			"sysIsBootAutoGen":	"true",
			"systemDispName":	"design_1_wrapper_1",
			"sysActiveDom":	"standalone_microblaze_0",
			"sysDefaultDom":	"standalone_microblaze_0",
			"domains":	[{
					"domainName":	"standalone_microblaze_0",
					"domainDispName":	"standalone_microblaze_0",
					"domainDesc":	"standalone_microblaze_0",
					"processors":	"microblaze_0",
					"os":	"standalone",
					"sdxOs":	"standalone",
					"debugEnable":	"False",
					"domRuntimes":	["cpp"],
					"swRepo":	"",
					"mssOsVer":	"8.0",
					"mssFile":	"",
					"md5Digest":	"b07374f88f8351eb9e2fdf540c6ab14f",
					"compatibleApp":	"hello_world",
					"domType":	"mssDomain",
					"arch":	"32-bit",
					"appSettings":	{
						"appCompilerFlags":	"",
						"appLinkerFlags":	""
					},
					"addedLibs":	[],
					"libOptions":	{
						"libsContainingOptions":	[]
					},
					"prebuiltLibs":	{
						"prebuiltIncPath":	[],
						"prebuiltLibPath":	[]
					},
					"isolation":	{
					}
				}]
		}]
}
LOG::2024-07-17.19:22:49::SCWPlatform::Started generating the artifacts platform design_1_wrapper_1
TRACE::2024-07-17.19:22:49::SCWPlatform::Sanity checking of platform is completed
LOG::2024-07-17.19:22:49::SCWPlatform::Started generating the artifacts for system configuration design_1_wrapper_1
LOG::2024-07-17.19:22:49::SCWSystem::Checking the domain standalone_microblaze_0
LOG::2024-07-17.19:22:49::SCWSystem::Not a boot domain 
LOG::2024-07-17.19:22:49::SCWSystem::Started Processing the domain standalone_microblaze_0
TRACE::2024-07-17.19:22:49::SCWDomain::Generating domain artifcats
TRACE::2024-07-17.19:22:49::SCWMssOS::Generating standalone artifcats
TRACE::2024-07-17.19:22:49::SCWMssOS:: Copying the user libraries. 
TRACE::2024-07-17.19:22:49::SCWPlatform::Trying to open the hw design at E:/VIVADO_2022/Microblaze_Projects/design_1_wrapper_1/hw/design_1_wrapper.xsa
TRACE::2024-07-17.19:22:49::SCWPlatform::DSA given E:/VIVADO_2022/Microblaze_Projects/design_1_wrapper_1/hw/design_1_wrapper.xsa
TRACE::2024-07-17.19:22:49::SCWPlatform::DSA absoulate path E:/VIVADO_2022/Microblaze_Projects/design_1_wrapper_1/hw/design_1_wrapper.xsa
TRACE::2024-07-17.19:22:49::SCWPlatform::DSA directory E:/VIVADO_2022/Microblaze_Projects/design_1_wrapper_1/hw
TRACE::2024-07-17.19:22:49::SCWPlatform:: Platform Path E:/VIVADO_2022/Microblaze_Projects/design_1_wrapper_1/hw/design_1_wrapper.xsa
TRACE::2024-07-17.19:22:49::SCWPlatform:: Unique name xilinx:edgea7::0.0
TRACE::2024-07-17.19:22:49::SCWPlatform::Trying to set the existing hwdb with name design_1_wrapper_14
TRACE::2024-07-17.19:22:49::SCWPlatform::Opened existing hwdb design_1_wrapper_14
TRACE::2024-07-17.19:22:49::SCWPlatform::Found the Hw Db part of the input DSA
TRACE::2024-07-17.19:22:49::SCWMssOS::Checking the sw design at  E:/VIVADO_2022/Microblaze_Projects/design_1_wrapper_1/microblaze_0/standalone_microblaze_0/bsp/system.mss
TRACE::2024-07-17.19:22:49::SCWMssOS::DEBUG:  swdes dump  E:/VIVADO_2022/Microblaze_Projects/design_1_wrapper/microblaze_0/standalone_microblaze_0/bsp/system.mss|system||
E:/VIVADO_2022/Microblaze_Projects/design_1_wrapper_1/microblaze_0/standalone_microblaze_0/bsp/system.mss|system_0||

TRACE::2024-07-17.19:22:49::SCWMssOS::Sw design exists and opened at  E:/VIVADO_2022/Microblaze_Projects/design_1_wrapper_1/microblaze_0/standalone_microblaze_0/bsp/system.mss
TRACE::2024-07-17.19:22:49::SCWMssOS::Completed writing the mss file at E:/VIVADO_2022/Microblaze_Projects/design_1_wrapper_1/microblaze_0/standalone_microblaze_0/bsp
TRACE::2024-07-17.19:22:49::SCWMssOS::Mss edits present, copying mssfile into export location E:/VIVADO_2022/Microblaze_Projects/design_1_wrapper_1/microblaze_0/standalone_microblaze_0/bsp/system.mss
TRACE::2024-07-17.19:22:49::SCWMssOS::bsp generated is upto date with the mss file. Skipping bsp generation.
TRACE::2024-07-17.19:22:49::SCWMssOS::BSP is already built. skipping the bsp build ... 
TRACE::2024-07-17.19:22:49::SCWDomain::Skipping the build for domain :  standalone_microblaze_0
TRACE::2024-07-17.19:22:49::SCWMssOS::skipping the bsp build ... 
TRACE::2024-07-17.19:22:49::SCWMssOS::Copying to export directory.
TRACE::2024-07-17.19:22:49::SCWMssOS:: Checking if to create the Supporting Applications
TRACE::2024-07-17.19:22:49::SCWMssOS:: No Linux domain exists, trying to generate FSBL 
LOG::2024-07-17.19:22:49::SCWSystem::Completed Processing the domain standalone_microblaze_0
LOG::2024-07-17.19:22:49::SCWSystem::Completed Processing the sysconfig design_1_wrapper_1
LOG::2024-07-17.19:22:49::SCWPlatform::Completed generating the artifacts for system configuration design_1_wrapper_1
TRACE::2024-07-17.19:22:49::SCWPlatform::Started preparing the platform 
TRACE::2024-07-17.19:22:49::SCWSystem::Writing the bif file for system config design_1_wrapper_1
TRACE::2024-07-17.19:22:49::SCWSystem::dir created 
TRACE::2024-07-17.19:22:49::SCWSystem::Writing the bif 
TRACE::2024-07-17.19:22:49::SCWPlatform::Started writing the spfm file 
TRACE::2024-07-17.19:22:49::SCWPlatform::Started writing the xpfm file 
TRACE::2024-07-17.19:22:49::SCWPlatform::Completed generating the platform
TRACE::2024-07-17.19:22:49::SCWMssOS::Saving the mss changes E:/VIVADO_2022/Microblaze_Projects/design_1_wrapper_1/microblaze_0/standalone_microblaze_0/bsp/system.mss
TRACE::2024-07-17.19:22:49::SCWMssOS::Found a swdesign opened with the mssfile.
TRACE::2024-07-17.19:22:49::SCWMssOS::Completed writemss as part of save.
TRACE::2024-07-17.19:22:49::SCWMssOS::Commit changes completed.
TRACE::2024-07-17.19:22:49::SCWPlatform::Trying to open the hw design at E:/VIVADO_2022/Microblaze_Projects/design_1_wrapper_1/hw/design_1_wrapper.xsa
TRACE::2024-07-17.19:22:49::SCWPlatform::DSA given E:/VIVADO_2022/Microblaze_Projects/design_1_wrapper_1/hw/design_1_wrapper.xsa
TRACE::2024-07-17.19:22:49::SCWPlatform::DSA absoulate path E:/VIVADO_2022/Microblaze_Projects/design_1_wrapper_1/hw/design_1_wrapper.xsa
TRACE::2024-07-17.19:22:49::SCWPlatform::DSA directory E:/VIVADO_2022/Microblaze_Projects/design_1_wrapper_1/hw
TRACE::2024-07-17.19:22:49::SCWPlatform:: Platform Path E:/VIVADO_2022/Microblaze_Projects/design_1_wrapper_1/hw/design_1_wrapper.xsa
TRACE::2024-07-17.19:22:49::SCWPlatform:: Unique name xilinx:edgea7::0.0
TRACE::2024-07-17.19:22:49::SCWPlatform::Trying to set the existing hwdb with name design_1_wrapper_14
TRACE::2024-07-17.19:22:49::SCWPlatform::Opened existing hwdb design_1_wrapper_14
TRACE::2024-07-17.19:22:49::SCWPlatform::Found the Hw Db part of the input DSA
TRACE::2024-07-17.19:22:49::SCWMssOS::Checking the sw design at  E:/VIVADO_2022/Microblaze_Projects/design_1_wrapper_1/microblaze_0/standalone_microblaze_0/bsp/system.mss
TRACE::2024-07-17.19:22:49::SCWMssOS::DEBUG:  swdes dump  E:/VIVADO_2022/Microblaze_Projects/design_1_wrapper/microblaze_0/standalone_microblaze_0/bsp/system.mss|system||
E:/VIVADO_2022/Microblaze_Projects/design_1_wrapper_1/microblaze_0/standalone_microblaze_0/bsp/system.mss|system_0||

TRACE::2024-07-17.19:22:49::SCWMssOS::Sw design exists and opened at  E:/VIVADO_2022/Microblaze_Projects/design_1_wrapper_1/microblaze_0/standalone_microblaze_0/bsp/system.mss
TRACE::2024-07-17.19:22:49::SCWPlatform::Trying to open the hw design at E:/VIVADO_2022/Microblaze_Projects/design_1_wrapper_1/hw/design_1_wrapper.xsa
TRACE::2024-07-17.19:22:49::SCWPlatform::DSA given E:/VIVADO_2022/Microblaze_Projects/design_1_wrapper_1/hw/design_1_wrapper.xsa
TRACE::2024-07-17.19:22:49::SCWPlatform::DSA absoulate path E:/VIVADO_2022/Microblaze_Projects/design_1_wrapper_1/hw/design_1_wrapper.xsa
TRACE::2024-07-17.19:22:49::SCWPlatform::DSA directory E:/VIVADO_2022/Microblaze_Projects/design_1_wrapper_1/hw
TRACE::2024-07-17.19:22:49::SCWPlatform:: Platform Path E:/VIVADO_2022/Microblaze_Projects/design_1_wrapper_1/hw/design_1_wrapper.xsa
TRACE::2024-07-17.19:22:49::SCWPlatform:: Unique name xilinx:edgea7::0.0
TRACE::2024-07-17.19:22:49::SCWPlatform::Trying to set the existing hwdb with name design_1_wrapper_14
TRACE::2024-07-17.19:22:49::SCWPlatform::Opened existing hwdb design_1_wrapper_14
TRACE::2024-07-17.19:22:49::SCWPlatform::Found the Hw Db part of the input DSA
TRACE::2024-07-17.19:22:49::SCWMssOS::Checking the sw design at  E:/VIVADO_2022/Microblaze_Projects/design_1_wrapper_1/microblaze_0/standalone_microblaze_0/bsp/system.mss
TRACE::2024-07-17.19:22:49::SCWMssOS::DEBUG:  swdes dump  E:/VIVADO_2022/Microblaze_Projects/design_1_wrapper/microblaze_0/standalone_microblaze_0/bsp/system.mss|system||
E:/VIVADO_2022/Microblaze_Projects/design_1_wrapper_1/microblaze_0/standalone_microblaze_0/bsp/system.mss|system_0||

TRACE::2024-07-17.19:22:49::SCWMssOS::Sw design exists and opened at  E:/VIVADO_2022/Microblaze_Projects/design_1_wrapper_1/microblaze_0/standalone_microblaze_0/bsp/system.mss
TRACE::2024-07-17.19:22:49::SCWPlatform::Trying to open the hw design at E:/VIVADO_2022/Microblaze_Projects/design_1_wrapper_1/hw/design_1_wrapper.xsa
TRACE::2024-07-17.19:22:49::SCWPlatform::DSA given E:/VIVADO_2022/Microblaze_Projects/design_1_wrapper_1/hw/design_1_wrapper.xsa
TRACE::2024-07-17.19:22:49::SCWPlatform::DSA absoulate path E:/VIVADO_2022/Microblaze_Projects/design_1_wrapper_1/hw/design_1_wrapper.xsa
TRACE::2024-07-17.19:22:49::SCWPlatform::DSA directory E:/VIVADO_2022/Microblaze_Projects/design_1_wrapper_1/hw
TRACE::2024-07-17.19:22:49::SCWPlatform:: Platform Path E:/VIVADO_2022/Microblaze_Projects/design_1_wrapper_1/hw/design_1_wrapper.xsa
TRACE::2024-07-17.19:22:49::SCWPlatform:: Unique name xilinx:edgea7::0.0
TRACE::2024-07-17.19:22:49::SCWPlatform::Trying to set the existing hwdb with name design_1_wrapper_14
TRACE::2024-07-17.19:22:49::SCWPlatform::Opened existing hwdb design_1_wrapper_14
TRACE::2024-07-17.19:22:49::SCWPlatform::Found the Hw Db part of the input DSA
TRACE::2024-07-17.19:22:49::SCWMssOS::Checking the sw design at  E:/VIVADO_2022/Microblaze_Projects/design_1_wrapper_1/microblaze_0/standalone_microblaze_0/bsp/system.mss
TRACE::2024-07-17.19:22:49::SCWMssOS::DEBUG:  swdes dump  E:/VIVADO_2022/Microblaze_Projects/design_1_wrapper/microblaze_0/standalone_microblaze_0/bsp/system.mss|system||
E:/VIVADO_2022/Microblaze_Projects/design_1_wrapper_1/microblaze_0/standalone_microblaze_0/bsp/system.mss|system_0||

TRACE::2024-07-17.19:22:49::SCWMssOS::Sw design exists and opened at  E:/VIVADO_2022/Microblaze_Projects/design_1_wrapper_1/microblaze_0/standalone_microblaze_0/bsp/system.mss
TRACE::2024-07-17.19:22:49::SCWWriter::formatted JSON is {
	"platformName":	"design_1_wrapper_1",
	"sprVersion":	"2.0",
	"mode":	"gui",
	"dsaType":	"Fixed",
	"platformDesc":	"design_1_wrapper_1",
	"platHandOff":	"E:/VIVADO_2022/Microblaze_Projects/Uart_tx/uart_tx/design_1_wrapper.xsa",
	"platIntHandOff":	"<platformDir>/hw/design_1_wrapper.xsa",
	"deviceType":	"FPGA",
	"platIsPrebuiltAutogen":	"false",
	"platIsNoBootBsp":	"false",
	"hasFsblMakeHasChanges":	"false",
	"hasPmufwMakeHasChanges":	"false",
	"platPreBuiltFlag":	false,
	"platformSamplesDir":	"",
	"platActiveSys":	"design_1_wrapper_1",
	"systems":	[{
			"systemName":	"design_1_wrapper_1",
			"systemDesc":	"design_1_wrapper_1",
			"sysIsBootAutoGen":	"true",
			"systemDispName":	"design_1_wrapper_1",
			"sysActiveDom":	"standalone_microblaze_0",
			"sysDefaultDom":	"standalone_microblaze_0",
			"domains":	[{
					"domainName":	"standalone_microblaze_0",
					"domainDispName":	"standalone_microblaze_0",
					"domainDesc":	"standalone_microblaze_0",
					"processors":	"microblaze_0",
					"os":	"standalone",
					"sdxOs":	"standalone",
					"debugEnable":	"False",
					"domRuntimes":	["cpp"],
					"swRepo":	"",
					"mssOsVer":	"8.0",
					"mssFile":	"",
					"md5Digest":	"b07374f88f8351eb9e2fdf540c6ab14f",
					"compatibleApp":	"hello_world",
					"domType":	"mssDomain",
					"arch":	"32-bit",
					"appSettings":	{
						"appCompilerFlags":	"",
						"appLinkerFlags":	""
					},
					"addedLibs":	[],
					"libOptions":	{
						"libsContainingOptions":	[]
					},
					"prebuiltLibs":	{
						"prebuiltIncPath":	[],
						"prebuiltLibPath":	[]
					},
					"isolation":	{
					}
				}]
		}]
}
KEYINFO::2024-07-17.19:22:49::SCWPlatform::updated the xpfm file.
TRACE::2024-07-17.19:22:50::SCWPlatform::Trying to open the hw design at E:/VIVADO_2022/Microblaze_Projects/design_1_wrapper_1/hw/design_1_wrapper.xsa
TRACE::2024-07-17.19:22:50::SCWPlatform::DSA given E:/VIVADO_2022/Microblaze_Projects/design_1_wrapper_1/hw/design_1_wrapper.xsa
TRACE::2024-07-17.19:22:50::SCWPlatform::DSA absoulate path E:/VIVADO_2022/Microblaze_Projects/design_1_wrapper_1/hw/design_1_wrapper.xsa
TRACE::2024-07-17.19:22:50::SCWPlatform::DSA directory E:/VIVADO_2022/Microblaze_Projects/design_1_wrapper_1/hw
TRACE::2024-07-17.19:22:50::SCWPlatform:: Platform Path E:/VIVADO_2022/Microblaze_Projects/design_1_wrapper_1/hw/design_1_wrapper.xsa
TRACE::2024-07-17.19:22:50::SCWPlatform:: Unique name xilinx:edgea7::0.0
TRACE::2024-07-17.19:22:50::SCWPlatform::Trying to set the existing hwdb with name design_1_wrapper_14
TRACE::2024-07-17.19:22:50::SCWPlatform::Opened existing hwdb design_1_wrapper_14
TRACE::2024-07-17.19:22:50::SCWPlatform::Found the Hw Db part of the input DSA
TRACE::2024-07-17.19:22:50::SCWMssOS::Checking the sw design at  E:/VIVADO_2022/Microblaze_Projects/design_1_wrapper_1/microblaze_0/standalone_microblaze_0/bsp/system.mss
TRACE::2024-07-17.19:22:50::SCWMssOS::DEBUG:  swdes dump  E:/VIVADO_2022/Microblaze_Projects/design_1_wrapper/microblaze_0/standalone_microblaze_0/bsp/system.mss|system||
E:/VIVADO_2022/Microblaze_Projects/design_1_wrapper_1/microblaze_0/standalone_microblaze_0/bsp/system.mss|system_0||

TRACE::2024-07-17.19:22:50::SCWMssOS::Sw design exists and opened at  E:/VIVADO_2022/Microblaze_Projects/design_1_wrapper_1/microblaze_0/standalone_microblaze_0/bsp/system.mss
TRACE::2024-07-17.19:22:50::SCWMssOS::Saving the mss changes E:/VIVADO_2022/Microblaze_Projects/design_1_wrapper_1/microblaze_0/standalone_microblaze_0/bsp/system.mss
TRACE::2024-07-17.19:22:50::SCWMssOS::Found a swdesign opened with the mssfile.
TRACE::2024-07-17.19:22:50::SCWMssOS::Completed writemss as part of save.
TRACE::2024-07-17.19:22:50::SCWMssOS::Commit changes completed.
TRACE::2024-07-17.19:22:50::SCWPlatform::Trying to open the hw design at E:/VIVADO_2022/Microblaze_Projects/design_1_wrapper_1/hw/design_1_wrapper.xsa
TRACE::2024-07-17.19:22:50::SCWPlatform::DSA given E:/VIVADO_2022/Microblaze_Projects/design_1_wrapper_1/hw/design_1_wrapper.xsa
TRACE::2024-07-17.19:22:50::SCWPlatform::DSA absoulate path E:/VIVADO_2022/Microblaze_Projects/design_1_wrapper_1/hw/design_1_wrapper.xsa
TRACE::2024-07-17.19:22:50::SCWPlatform::DSA directory E:/VIVADO_2022/Microblaze_Projects/design_1_wrapper_1/hw
TRACE::2024-07-17.19:22:50::SCWPlatform:: Platform Path E:/VIVADO_2022/Microblaze_Projects/design_1_wrapper_1/hw/design_1_wrapper.xsa
TRACE::2024-07-17.19:22:50::SCWPlatform:: Unique name xilinx:edgea7::0.0
TRACE::2024-07-17.19:22:50::SCWPlatform::Trying to set the existing hwdb with name design_1_wrapper_14
TRACE::2024-07-17.19:22:50::SCWPlatform::Opened existing hwdb design_1_wrapper_14
TRACE::2024-07-17.19:22:50::SCWPlatform::Found the Hw Db part of the input DSA
TRACE::2024-07-17.19:22:50::SCWMssOS::Checking the sw design at  E:/VIVADO_2022/Microblaze_Projects/design_1_wrapper_1/microblaze_0/standalone_microblaze_0/bsp/system.mss
TRACE::2024-07-17.19:22:50::SCWMssOS::DEBUG:  swdes dump  E:/VIVADO_2022/Microblaze_Projects/design_1_wrapper/microblaze_0/standalone_microblaze_0/bsp/system.mss|system||
E:/VIVADO_2022/Microblaze_Projects/design_1_wrapper_1/microblaze_0/standalone_microblaze_0/bsp/system.mss|system_0||

TRACE::2024-07-17.19:22:50::SCWMssOS::Sw design exists and opened at  E:/VIVADO_2022/Microblaze_Projects/design_1_wrapper_1/microblaze_0/standalone_microblaze_0/bsp/system.mss
TRACE::2024-07-17.19:22:50::SCWPlatform::Trying to open the hw design at E:/VIVADO_2022/Microblaze_Projects/design_1_wrapper_1/hw/design_1_wrapper.xsa
TRACE::2024-07-17.19:22:50::SCWPlatform::DSA given E:/VIVADO_2022/Microblaze_Projects/design_1_wrapper_1/hw/design_1_wrapper.xsa
TRACE::2024-07-17.19:22:50::SCWPlatform::DSA absoulate path E:/VIVADO_2022/Microblaze_Projects/design_1_wrapper_1/hw/design_1_wrapper.xsa
TRACE::2024-07-17.19:22:50::SCWPlatform::DSA directory E:/VIVADO_2022/Microblaze_Projects/design_1_wrapper_1/hw
TRACE::2024-07-17.19:22:50::SCWPlatform:: Platform Path E:/VIVADO_2022/Microblaze_Projects/design_1_wrapper_1/hw/design_1_wrapper.xsa
TRACE::2024-07-17.19:22:50::SCWPlatform:: Unique name xilinx:edgea7::0.0
TRACE::2024-07-17.19:22:50::SCWPlatform::Trying to set the existing hwdb with name design_1_wrapper_14
TRACE::2024-07-17.19:22:50::SCWPlatform::Opened existing hwdb design_1_wrapper_14
TRACE::2024-07-17.19:22:50::SCWPlatform::Found the Hw Db part of the input DSA
TRACE::2024-07-17.19:22:50::SCWMssOS::Checking the sw design at  E:/VIVADO_2022/Microblaze_Projects/design_1_wrapper_1/microblaze_0/standalone_microblaze_0/bsp/system.mss
TRACE::2024-07-17.19:22:50::SCWMssOS::DEBUG:  swdes dump  E:/VIVADO_2022/Microblaze_Projects/design_1_wrapper/microblaze_0/standalone_microblaze_0/bsp/system.mss|system||
E:/VIVADO_2022/Microblaze_Projects/design_1_wrapper_1/microblaze_0/standalone_microblaze_0/bsp/system.mss|system_0||

TRACE::2024-07-17.19:22:50::SCWMssOS::Sw design exists and opened at  E:/VIVADO_2022/Microblaze_Projects/design_1_wrapper_1/microblaze_0/standalone_microblaze_0/bsp/system.mss
TRACE::2024-07-17.19:22:50::SCWPlatform::Trying to open the hw design at E:/VIVADO_2022/Microblaze_Projects/design_1_wrapper_1/hw/design_1_wrapper.xsa
TRACE::2024-07-17.19:22:50::SCWPlatform::DSA given E:/VIVADO_2022/Microblaze_Projects/design_1_wrapper_1/hw/design_1_wrapper.xsa
TRACE::2024-07-17.19:22:50::SCWPlatform::DSA absoulate path E:/VIVADO_2022/Microblaze_Projects/design_1_wrapper_1/hw/design_1_wrapper.xsa
TRACE::2024-07-17.19:22:50::SCWPlatform::DSA directory E:/VIVADO_2022/Microblaze_Projects/design_1_wrapper_1/hw
TRACE::2024-07-17.19:22:50::SCWPlatform:: Platform Path E:/VIVADO_2022/Microblaze_Projects/design_1_wrapper_1/hw/design_1_wrapper.xsa
TRACE::2024-07-17.19:22:50::SCWPlatform:: Unique name xilinx:edgea7::0.0
TRACE::2024-07-17.19:22:50::SCWPlatform::Trying to set the existing hwdb with name design_1_wrapper_14
TRACE::2024-07-17.19:22:50::SCWPlatform::Opened existing hwdb design_1_wrapper_14
TRACE::2024-07-17.19:22:50::SCWPlatform::Found the Hw Db part of the input DSA
TRACE::2024-07-17.19:22:50::SCWMssOS::Checking the sw design at  E:/VIVADO_2022/Microblaze_Projects/design_1_wrapper_1/microblaze_0/standalone_microblaze_0/bsp/system.mss
TRACE::2024-07-17.19:22:50::SCWMssOS::DEBUG:  swdes dump  E:/VIVADO_2022/Microblaze_Projects/design_1_wrapper/microblaze_0/standalone_microblaze_0/bsp/system.mss|system||
E:/VIVADO_2022/Microblaze_Projects/design_1_wrapper_1/microblaze_0/standalone_microblaze_0/bsp/system.mss|system_0||

TRACE::2024-07-17.19:22:50::SCWMssOS::Sw design exists and opened at  E:/VIVADO_2022/Microblaze_Projects/design_1_wrapper_1/microblaze_0/standalone_microblaze_0/bsp/system.mss
TRACE::2024-07-17.19:22:50::SCWWriter::formatted JSON is {
	"platformName":	"design_1_wrapper_1",
	"sprVersion":	"2.0",
	"mode":	"gui",
	"dsaType":	"Fixed",
	"platformDesc":	"design_1_wrapper_1",
	"platHandOff":	"E:/VIVADO_2022/Microblaze_Projects/Uart_tx/uart_tx/design_1_wrapper.xsa",
	"platIntHandOff":	"<platformDir>/hw/design_1_wrapper.xsa",
	"deviceType":	"FPGA",
	"platIsPrebuiltAutogen":	"false",
	"platIsNoBootBsp":	"false",
	"hasFsblMakeHasChanges":	"false",
	"hasPmufwMakeHasChanges":	"false",
	"platPreBuiltFlag":	false,
	"platformSamplesDir":	"",
	"platActiveSys":	"design_1_wrapper_1",
	"systems":	[{
			"systemName":	"design_1_wrapper_1",
			"systemDesc":	"design_1_wrapper_1",
			"sysIsBootAutoGen":	"true",
			"systemDispName":	"design_1_wrapper_1",
			"sysActiveDom":	"standalone_microblaze_0",
			"sysDefaultDom":	"standalone_microblaze_0",
			"domains":	[{
					"domainName":	"standalone_microblaze_0",
					"domainDispName":	"standalone_microblaze_0",
					"domainDesc":	"standalone_microblaze_0",
					"processors":	"microblaze_0",
					"os":	"standalone",
					"sdxOs":	"standalone",
					"debugEnable":	"False",
					"domRuntimes":	["cpp"],
					"swRepo":	"",
					"mssOsVer":	"8.0",
					"mssFile":	"",
					"md5Digest":	"b07374f88f8351eb9e2fdf540c6ab14f",
					"compatibleApp":	"hello_world",
					"domType":	"mssDomain",
					"arch":	"32-bit",
					"appSettings":	{
						"appCompilerFlags":	"",
						"appLinkerFlags":	""
					},
					"addedLibs":	[],
					"libOptions":	{
						"libsContainingOptions":	[]
					},
					"prebuiltLibs":	{
						"prebuiltIncPath":	[],
						"prebuiltLibPath":	[]
					},
					"isolation":	{
					}
				}]
		}]
}
TRACE::2024-07-17.19:22:50::SCWPlatform::Trying to open the hw design at E:/VIVADO_2022/Microblaze_Projects/design_1_wrapper_1/hw/design_1_wrapper.xsa
TRACE::2024-07-17.19:22:50::SCWPlatform::DSA given E:/VIVADO_2022/Microblaze_Projects/design_1_wrapper_1/hw/design_1_wrapper.xsa
TRACE::2024-07-17.19:22:50::SCWPlatform::DSA absoulate path E:/VIVADO_2022/Microblaze_Projects/design_1_wrapper_1/hw/design_1_wrapper.xsa
TRACE::2024-07-17.19:22:50::SCWPlatform::DSA directory E:/VIVADO_2022/Microblaze_Projects/design_1_wrapper_1/hw
TRACE::2024-07-17.19:22:50::SCWPlatform:: Platform Path E:/VIVADO_2022/Microblaze_Projects/design_1_wrapper_1/hw/design_1_wrapper.xsa
TRACE::2024-07-17.19:22:50::SCWPlatform:: Unique name xilinx:edgea7::0.0
TRACE::2024-07-17.19:22:50::SCWPlatform::Trying to set the existing hwdb with name design_1_wrapper_14
TRACE::2024-07-17.19:22:50::SCWPlatform::Opened existing hwdb design_1_wrapper_14
TRACE::2024-07-17.19:22:50::SCWPlatform::Found the Hw Db part of the input DSA
TRACE::2024-07-17.19:22:50::SCWMssOS::Checking the sw design at  E:/VIVADO_2022/Microblaze_Projects/design_1_wrapper_1/microblaze_0/standalone_microblaze_0/bsp/system.mss
TRACE::2024-07-17.19:22:50::SCWMssOS::DEBUG:  swdes dump  E:/VIVADO_2022/Microblaze_Projects/design_1_wrapper/microblaze_0/standalone_microblaze_0/bsp/system.mss|system||
E:/VIVADO_2022/Microblaze_Projects/design_1_wrapper_1/microblaze_0/standalone_microblaze_0/bsp/system.mss|system_0||

TRACE::2024-07-17.19:22:50::SCWMssOS::Sw design exists and opened at  E:/VIVADO_2022/Microblaze_Projects/design_1_wrapper_1/microblaze_0/standalone_microblaze_0/bsp/system.mss
TRACE::2024-07-17.19:22:50::SCWPlatform::Trying to open the hw design at E:/VIVADO_2022/Microblaze_Projects/design_1_wrapper_1/hw/design_1_wrapper.xsa
TRACE::2024-07-17.19:22:50::SCWPlatform::DSA given E:/VIVADO_2022/Microblaze_Projects/design_1_wrapper_1/hw/design_1_wrapper.xsa
TRACE::2024-07-17.19:22:50::SCWPlatform::DSA absoulate path E:/VIVADO_2022/Microblaze_Projects/design_1_wrapper_1/hw/design_1_wrapper.xsa
TRACE::2024-07-17.19:22:50::SCWPlatform::DSA directory E:/VIVADO_2022/Microblaze_Projects/design_1_wrapper_1/hw
TRACE::2024-07-17.19:22:50::SCWPlatform:: Platform Path E:/VIVADO_2022/Microblaze_Projects/design_1_wrapper_1/hw/design_1_wrapper.xsa
TRACE::2024-07-17.19:22:50::SCWPlatform:: Unique name xilinx:edgea7::0.0
TRACE::2024-07-17.19:22:50::SCWPlatform::Trying to set the existing hwdb with name design_1_wrapper_14
TRACE::2024-07-17.19:22:50::SCWPlatform::Opened existing hwdb design_1_wrapper_14
TRACE::2024-07-17.19:22:50::SCWPlatform::Found the Hw Db part of the input DSA
TRACE::2024-07-17.19:22:50::SCWMssOS::Checking the sw design at  E:/VIVADO_2022/Microblaze_Projects/design_1_wrapper_1/microblaze_0/standalone_microblaze_0/bsp/system.mss
TRACE::2024-07-17.19:22:50::SCWMssOS::DEBUG:  swdes dump  E:/VIVADO_2022/Microblaze_Projects/design_1_wrapper/microblaze_0/standalone_microblaze_0/bsp/system.mss|system||
E:/VIVADO_2022/Microblaze_Projects/design_1_wrapper_1/microblaze_0/standalone_microblaze_0/bsp/system.mss|system_0||

TRACE::2024-07-17.19:22:50::SCWMssOS::Sw design exists and opened at  E:/VIVADO_2022/Microblaze_Projects/design_1_wrapper_1/microblaze_0/standalone_microblaze_0/bsp/system.mss
TRACE::2024-07-17.19:22:50::SCWMssOS::Saving the mss changes E:/VIVADO_2022/Microblaze_Projects/design_1_wrapper_1/microblaze_0/standalone_microblaze_0/bsp/system.mss
TRACE::2024-07-17.19:22:50::SCWMssOS::Found a swdesign opened with the mssfile.
TRACE::2024-07-17.19:22:50::SCWMssOS::Completed writemss as part of save.
TRACE::2024-07-17.19:22:50::SCWMssOS::Commit changes completed.
TRACE::2024-07-17.19:22:50::SCWPlatform::Trying to open the hw design at E:/VIVADO_2022/Microblaze_Projects/design_1_wrapper_1/hw/design_1_wrapper.xsa
TRACE::2024-07-17.19:22:50::SCWPlatform::DSA given E:/VIVADO_2022/Microblaze_Projects/design_1_wrapper_1/hw/design_1_wrapper.xsa
TRACE::2024-07-17.19:22:50::SCWPlatform::DSA absoulate path E:/VIVADO_2022/Microblaze_Projects/design_1_wrapper_1/hw/design_1_wrapper.xsa
TRACE::2024-07-17.19:22:50::SCWPlatform::DSA directory E:/VIVADO_2022/Microblaze_Projects/design_1_wrapper_1/hw
TRACE::2024-07-17.19:22:50::SCWPlatform:: Platform Path E:/VIVADO_2022/Microblaze_Projects/design_1_wrapper_1/hw/design_1_wrapper.xsa
TRACE::2024-07-17.19:22:50::SCWPlatform:: Unique name xilinx:edgea7::0.0
TRACE::2024-07-17.19:22:50::SCWPlatform::Trying to set the existing hwdb with name design_1_wrapper_14
TRACE::2024-07-17.19:22:50::SCWPlatform::Opened existing hwdb design_1_wrapper_14
TRACE::2024-07-17.19:22:50::SCWPlatform::Found the Hw Db part of the input DSA
TRACE::2024-07-17.19:22:50::SCWMssOS::Checking the sw design at  E:/VIVADO_2022/Microblaze_Projects/design_1_wrapper_1/microblaze_0/standalone_microblaze_0/bsp/system.mss
TRACE::2024-07-17.19:22:50::SCWMssOS::DEBUG:  swdes dump  E:/VIVADO_2022/Microblaze_Projects/design_1_wrapper/microblaze_0/standalone_microblaze_0/bsp/system.mss|system||
E:/VIVADO_2022/Microblaze_Projects/design_1_wrapper_1/microblaze_0/standalone_microblaze_0/bsp/system.mss|system_0||

TRACE::2024-07-17.19:22:50::SCWMssOS::Sw design exists and opened at  E:/VIVADO_2022/Microblaze_Projects/design_1_wrapper_1/microblaze_0/standalone_microblaze_0/bsp/system.mss
TRACE::2024-07-17.19:22:50::SCWPlatform::Trying to open the hw design at E:/VIVADO_2022/Microblaze_Projects/design_1_wrapper_1/hw/design_1_wrapper.xsa
TRACE::2024-07-17.19:22:50::SCWPlatform::DSA given E:/VIVADO_2022/Microblaze_Projects/design_1_wrapper_1/hw/design_1_wrapper.xsa
TRACE::2024-07-17.19:22:50::SCWPlatform::DSA absoulate path E:/VIVADO_2022/Microblaze_Projects/design_1_wrapper_1/hw/design_1_wrapper.xsa
TRACE::2024-07-17.19:22:50::SCWPlatform::DSA directory E:/VIVADO_2022/Microblaze_Projects/design_1_wrapper_1/hw
TRACE::2024-07-17.19:22:50::SCWPlatform:: Platform Path E:/VIVADO_2022/Microblaze_Projects/design_1_wrapper_1/hw/design_1_wrapper.xsa
TRACE::2024-07-17.19:22:50::SCWPlatform:: Unique name xilinx:edgea7::0.0
TRACE::2024-07-17.19:22:50::SCWPlatform::Trying to set the existing hwdb with name design_1_wrapper_14
TRACE::2024-07-17.19:22:50::SCWPlatform::Opened existing hwdb design_1_wrapper_14
TRACE::2024-07-17.19:22:50::SCWPlatform::Found the Hw Db part of the input DSA
TRACE::2024-07-17.19:22:50::SCWMssOS::Checking the sw design at  E:/VIVADO_2022/Microblaze_Projects/design_1_wrapper_1/microblaze_0/standalone_microblaze_0/bsp/system.mss
TRACE::2024-07-17.19:22:50::SCWMssOS::DEBUG:  swdes dump  E:/VIVADO_2022/Microblaze_Projects/design_1_wrapper/microblaze_0/standalone_microblaze_0/bsp/system.mss|system||
E:/VIVADO_2022/Microblaze_Projects/design_1_wrapper_1/microblaze_0/standalone_microblaze_0/bsp/system.mss|system_0||

TRACE::2024-07-17.19:22:50::SCWMssOS::Sw design exists and opened at  E:/VIVADO_2022/Microblaze_Projects/design_1_wrapper_1/microblaze_0/standalone_microblaze_0/bsp/system.mss
TRACE::2024-07-17.19:22:50::SCWPlatform::Trying to open the hw design at E:/VIVADO_2022/Microblaze_Projects/design_1_wrapper_1/hw/design_1_wrapper.xsa
TRACE::2024-07-17.19:22:50::SCWPlatform::DSA given E:/VIVADO_2022/Microblaze_Projects/design_1_wrapper_1/hw/design_1_wrapper.xsa
TRACE::2024-07-17.19:22:50::SCWPlatform::DSA absoulate path E:/VIVADO_2022/Microblaze_Projects/design_1_wrapper_1/hw/design_1_wrapper.xsa
TRACE::2024-07-17.19:22:50::SCWPlatform::DSA directory E:/VIVADO_2022/Microblaze_Projects/design_1_wrapper_1/hw
TRACE::2024-07-17.19:22:50::SCWPlatform:: Platform Path E:/VIVADO_2022/Microblaze_Projects/design_1_wrapper_1/hw/design_1_wrapper.xsa
TRACE::2024-07-17.19:22:50::SCWPlatform:: Unique name xilinx:edgea7::0.0
TRACE::2024-07-17.19:22:50::SCWPlatform::Trying to set the existing hwdb with name design_1_wrapper_14
TRACE::2024-07-17.19:22:50::SCWPlatform::Opened existing hwdb design_1_wrapper_14
TRACE::2024-07-17.19:22:50::SCWPlatform::Found the Hw Db part of the input DSA
TRACE::2024-07-17.19:22:50::SCWMssOS::Checking the sw design at  E:/VIVADO_2022/Microblaze_Projects/design_1_wrapper_1/microblaze_0/standalone_microblaze_0/bsp/system.mss
TRACE::2024-07-17.19:22:50::SCWMssOS::DEBUG:  swdes dump  E:/VIVADO_2022/Microblaze_Projects/design_1_wrapper/microblaze_0/standalone_microblaze_0/bsp/system.mss|system||
E:/VIVADO_2022/Microblaze_Projects/design_1_wrapper_1/microblaze_0/standalone_microblaze_0/bsp/system.mss|system_0||

TRACE::2024-07-17.19:22:50::SCWMssOS::Sw design exists and opened at  E:/VIVADO_2022/Microblaze_Projects/design_1_wrapper_1/microblaze_0/standalone_microblaze_0/bsp/system.mss
TRACE::2024-07-17.19:22:50::SCWWriter::formatted JSON is {
	"platformName":	"design_1_wrapper_1",
	"sprVersion":	"2.0",
	"mode":	"gui",
	"dsaType":	"Fixed",
	"platformDesc":	"design_1_wrapper_1",
	"platHandOff":	"E:/VIVADO_2022/Microblaze_Projects/Uart_tx/uart_tx/design_1_wrapper.xsa",
	"platIntHandOff":	"<platformDir>/hw/design_1_wrapper.xsa",
	"deviceType":	"FPGA",
	"platIsPrebuiltAutogen":	"false",
	"platIsNoBootBsp":	"false",
	"hasFsblMakeHasChanges":	"false",
	"hasPmufwMakeHasChanges":	"false",
	"platPreBuiltFlag":	false,
	"platformSamplesDir":	"",
	"platActiveSys":	"design_1_wrapper_1",
	"systems":	[{
			"systemName":	"design_1_wrapper_1",
			"systemDesc":	"design_1_wrapper_1",
			"sysIsBootAutoGen":	"true",
			"systemDispName":	"design_1_wrapper_1",
			"sysActiveDom":	"standalone_microblaze_0",
			"sysDefaultDom":	"standalone_microblaze_0",
			"domains":	[{
					"domainName":	"standalone_microblaze_0",
					"domainDispName":	"standalone_microblaze_0",
					"domainDesc":	"standalone_microblaze_0",
					"processors":	"microblaze_0",
					"os":	"standalone",
					"sdxOs":	"standalone",
					"debugEnable":	"False",
					"domRuntimes":	["cpp"],
					"swRepo":	"",
					"mssOsVer":	"8.0",
					"mssFile":	"",
					"md5Digest":	"b07374f88f8351eb9e2fdf540c6ab14f",
					"compatibleApp":	"hello_world",
					"domType":	"mssDomain",
					"arch":	"32-bit",
					"appSettings":	{
						"appCompilerFlags":	"",
						"appLinkerFlags":	""
					},
					"addedLibs":	[],
					"libOptions":	{
						"libsContainingOptions":	[]
					},
					"prebuiltLibs":	{
						"prebuiltIncPath":	[],
						"prebuiltLibPath":	[]
					},
					"isolation":	{
					}
				}]
		}]
}
LOG::2024-07-17.19:22:50::SCWPlatform::Started generating the artifacts platform design_1_wrapper_1
TRACE::2024-07-17.19:22:50::SCWPlatform::Sanity checking of platform is completed
LOG::2024-07-17.19:22:50::SCWPlatform::Started generating the artifacts for system configuration design_1_wrapper_1
LOG::2024-07-17.19:22:50::SCWSystem::Started Processing the domain standalone_microblaze_0
TRACE::2024-07-17.19:22:50::SCWDomain::Generating domain artifcats
TRACE::2024-07-17.19:22:50::SCWMssOS::Generating standalone artifcats
TRACE::2024-07-17.19:22:50::SCWMssOS:: Copying the user libraries. 
TRACE::2024-07-17.19:22:50::SCWPlatform::Trying to open the hw design at E:/VIVADO_2022/Microblaze_Projects/design_1_wrapper_1/hw/design_1_wrapper.xsa
TRACE::2024-07-17.19:22:50::SCWPlatform::DSA given E:/VIVADO_2022/Microblaze_Projects/design_1_wrapper_1/hw/design_1_wrapper.xsa
TRACE::2024-07-17.19:22:50::SCWPlatform::DSA absoulate path E:/VIVADO_2022/Microblaze_Projects/design_1_wrapper_1/hw/design_1_wrapper.xsa
TRACE::2024-07-17.19:22:50::SCWPlatform::DSA directory E:/VIVADO_2022/Microblaze_Projects/design_1_wrapper_1/hw
TRACE::2024-07-17.19:22:50::SCWPlatform:: Platform Path E:/VIVADO_2022/Microblaze_Projects/design_1_wrapper_1/hw/design_1_wrapper.xsa
TRACE::2024-07-17.19:22:50::SCWPlatform:: Unique name xilinx:edgea7::0.0
TRACE::2024-07-17.19:22:50::SCWPlatform::Trying to set the existing hwdb with name design_1_wrapper_14
TRACE::2024-07-17.19:22:50::SCWPlatform::Opened existing hwdb design_1_wrapper_14
TRACE::2024-07-17.19:22:50::SCWPlatform::Found the Hw Db part of the input DSA
TRACE::2024-07-17.19:22:50::SCWMssOS::Checking the sw design at  E:/VIVADO_2022/Microblaze_Projects/design_1_wrapper_1/microblaze_0/standalone_microblaze_0/bsp/system.mss
TRACE::2024-07-17.19:22:50::SCWMssOS::DEBUG:  swdes dump  E:/VIVADO_2022/Microblaze_Projects/design_1_wrapper/microblaze_0/standalone_microblaze_0/bsp/system.mss|system||
E:/VIVADO_2022/Microblaze_Projects/design_1_wrapper_1/microblaze_0/standalone_microblaze_0/bsp/system.mss|system_0||

TRACE::2024-07-17.19:22:50::SCWMssOS::Sw design exists and opened at  E:/VIVADO_2022/Microblaze_Projects/design_1_wrapper_1/microblaze_0/standalone_microblaze_0/bsp/system.mss
TRACE::2024-07-17.19:22:50::SCWMssOS::Completed writing the mss file at E:/VIVADO_2022/Microblaze_Projects/design_1_wrapper_1/microblaze_0/standalone_microblaze_0/bsp
TRACE::2024-07-17.19:22:50::SCWMssOS::Mss edits present, copying mssfile into export location E:/VIVADO_2022/Microblaze_Projects/design_1_wrapper_1/microblaze_0/standalone_microblaze_0/bsp/system.mss
TRACE::2024-07-17.19:22:50::SCWMssOS::bsp generated is upto date with the mss file. Skipping bsp generation.
TRACE::2024-07-17.19:22:50::SCWMssOS::BSP is already built. skipping the bsp build ... 
TRACE::2024-07-17.19:22:50::SCWDomain::Building the domain as part of full build :  standalone_microblaze_0
TRACE::2024-07-17.19:22:50::SCWMssOS::skipping the bsp build ... 
TRACE::2024-07-17.19:22:50::SCWMssOS::Copying to export directory.
TRACE::2024-07-17.19:22:50::SCWMssOS:: Checking if to create the Supporting Applications
TRACE::2024-07-17.19:22:50::SCWMssOS:: No Linux domain exists, trying to generate FSBL 
LOG::2024-07-17.19:22:50::SCWSystem::Completed Processing the domain standalone_microblaze_0
LOG::2024-07-17.19:22:50::SCWSystem::Completed Processing the sysconfig design_1_wrapper_1
LOG::2024-07-17.19:22:50::SCWPlatform::Completed generating the artifacts for system configuration design_1_wrapper_1
TRACE::2024-07-17.19:22:50::SCWPlatform::Started preparing the platform 
TRACE::2024-07-17.19:22:50::SCWSystem::Writing the bif file for system config design_1_wrapper_1
TRACE::2024-07-17.19:22:50::SCWSystem::dir created 
TRACE::2024-07-17.19:22:50::SCWSystem::Writing the bif 
TRACE::2024-07-17.19:22:50::SCWPlatform::Started writing the spfm file 
TRACE::2024-07-17.19:22:50::SCWPlatform::Started writing the xpfm file 
TRACE::2024-07-17.19:22:50::SCWPlatform::Completed generating the platform
TRACE::2024-07-17.19:22:50::SCWMssOS::Saving the mss changes E:/VIVADO_2022/Microblaze_Projects/design_1_wrapper_1/microblaze_0/standalone_microblaze_0/bsp/system.mss
TRACE::2024-07-17.19:22:50::SCWMssOS::Found a swdesign opened with the mssfile.
TRACE::2024-07-17.19:22:50::SCWMssOS::Completed writemss as part of save.
TRACE::2024-07-17.19:22:50::SCWMssOS::Commit changes completed.
TRACE::2024-07-17.19:22:50::SCWPlatform::Trying to open the hw design at E:/VIVADO_2022/Microblaze_Projects/design_1_wrapper_1/hw/design_1_wrapper.xsa
TRACE::2024-07-17.19:22:50::SCWPlatform::DSA given E:/VIVADO_2022/Microblaze_Projects/design_1_wrapper_1/hw/design_1_wrapper.xsa
TRACE::2024-07-17.19:22:50::SCWPlatform::DSA absoulate path E:/VIVADO_2022/Microblaze_Projects/design_1_wrapper_1/hw/design_1_wrapper.xsa
TRACE::2024-07-17.19:22:50::SCWPlatform::DSA directory E:/VIVADO_2022/Microblaze_Projects/design_1_wrapper_1/hw
TRACE::2024-07-17.19:22:50::SCWPlatform:: Platform Path E:/VIVADO_2022/Microblaze_Projects/design_1_wrapper_1/hw/design_1_wrapper.xsa
TRACE::2024-07-17.19:22:50::SCWPlatform:: Unique name xilinx:edgea7::0.0
TRACE::2024-07-17.19:22:50::SCWPlatform::Trying to set the existing hwdb with name design_1_wrapper_14
TRACE::2024-07-17.19:22:50::SCWPlatform::Opened existing hwdb design_1_wrapper_14
TRACE::2024-07-17.19:22:50::SCWPlatform::Found the Hw Db part of the input DSA
TRACE::2024-07-17.19:22:50::SCWMssOS::Checking the sw design at  E:/VIVADO_2022/Microblaze_Projects/design_1_wrapper_1/microblaze_0/standalone_microblaze_0/bsp/system.mss
TRACE::2024-07-17.19:22:50::SCWMssOS::DEBUG:  swdes dump  E:/VIVADO_2022/Microblaze_Projects/design_1_wrapper/microblaze_0/standalone_microblaze_0/bsp/system.mss|system||
E:/VIVADO_2022/Microblaze_Projects/design_1_wrapper_1/microblaze_0/standalone_microblaze_0/bsp/system.mss|system_0||

TRACE::2024-07-17.19:22:50::SCWMssOS::Sw design exists and opened at  E:/VIVADO_2022/Microblaze_Projects/design_1_wrapper_1/microblaze_0/standalone_microblaze_0/bsp/system.mss
TRACE::2024-07-17.19:22:50::SCWPlatform::Trying to open the hw design at E:/VIVADO_2022/Microblaze_Projects/design_1_wrapper_1/hw/design_1_wrapper.xsa
TRACE::2024-07-17.19:22:50::SCWPlatform::DSA given E:/VIVADO_2022/Microblaze_Projects/design_1_wrapper_1/hw/design_1_wrapper.xsa
TRACE::2024-07-17.19:22:50::SCWPlatform::DSA absoulate path E:/VIVADO_2022/Microblaze_Projects/design_1_wrapper_1/hw/design_1_wrapper.xsa
TRACE::2024-07-17.19:22:50::SCWPlatform::DSA directory E:/VIVADO_2022/Microblaze_Projects/design_1_wrapper_1/hw
TRACE::2024-07-17.19:22:50::SCWPlatform:: Platform Path E:/VIVADO_2022/Microblaze_Projects/design_1_wrapper_1/hw/design_1_wrapper.xsa
TRACE::2024-07-17.19:22:50::SCWPlatform:: Unique name xilinx:edgea7::0.0
TRACE::2024-07-17.19:22:50::SCWPlatform::Trying to set the existing hwdb with name design_1_wrapper_14
TRACE::2024-07-17.19:22:50::SCWPlatform::Opened existing hwdb design_1_wrapper_14
TRACE::2024-07-17.19:22:50::SCWPlatform::Found the Hw Db part of the input DSA
TRACE::2024-07-17.19:22:50::SCWMssOS::Checking the sw design at  E:/VIVADO_2022/Microblaze_Projects/design_1_wrapper_1/microblaze_0/standalone_microblaze_0/bsp/system.mss
TRACE::2024-07-17.19:22:50::SCWMssOS::DEBUG:  swdes dump  E:/VIVADO_2022/Microblaze_Projects/design_1_wrapper/microblaze_0/standalone_microblaze_0/bsp/system.mss|system||
E:/VIVADO_2022/Microblaze_Projects/design_1_wrapper_1/microblaze_0/standalone_microblaze_0/bsp/system.mss|system_0||

TRACE::2024-07-17.19:22:50::SCWMssOS::Sw design exists and opened at  E:/VIVADO_2022/Microblaze_Projects/design_1_wrapper_1/microblaze_0/standalone_microblaze_0/bsp/system.mss
TRACE::2024-07-17.19:22:50::SCWPlatform::Trying to open the hw design at E:/VIVADO_2022/Microblaze_Projects/design_1_wrapper_1/hw/design_1_wrapper.xsa
TRACE::2024-07-17.19:22:50::SCWPlatform::DSA given E:/VIVADO_2022/Microblaze_Projects/design_1_wrapper_1/hw/design_1_wrapper.xsa
TRACE::2024-07-17.19:22:50::SCWPlatform::DSA absoulate path E:/VIVADO_2022/Microblaze_Projects/design_1_wrapper_1/hw/design_1_wrapper.xsa
TRACE::2024-07-17.19:22:50::SCWPlatform::DSA directory E:/VIVADO_2022/Microblaze_Projects/design_1_wrapper_1/hw
TRACE::2024-07-17.19:22:50::SCWPlatform:: Platform Path E:/VIVADO_2022/Microblaze_Projects/design_1_wrapper_1/hw/design_1_wrapper.xsa
TRACE::2024-07-17.19:22:50::SCWPlatform:: Unique name xilinx:edgea7::0.0
TRACE::2024-07-17.19:22:50::SCWPlatform::Trying to set the existing hwdb with name design_1_wrapper_14
TRACE::2024-07-17.19:22:50::SCWPlatform::Opened existing hwdb design_1_wrapper_14
TRACE::2024-07-17.19:22:50::SCWPlatform::Found the Hw Db part of the input DSA
TRACE::2024-07-17.19:22:50::SCWMssOS::Checking the sw design at  E:/VIVADO_2022/Microblaze_Projects/design_1_wrapper_1/microblaze_0/standalone_microblaze_0/bsp/system.mss
TRACE::2024-07-17.19:22:50::SCWMssOS::DEBUG:  swdes dump  E:/VIVADO_2022/Microblaze_Projects/design_1_wrapper/microblaze_0/standalone_microblaze_0/bsp/system.mss|system||
E:/VIVADO_2022/Microblaze_Projects/design_1_wrapper_1/microblaze_0/standalone_microblaze_0/bsp/system.mss|system_0||

TRACE::2024-07-17.19:22:50::SCWMssOS::Sw design exists and opened at  E:/VIVADO_2022/Microblaze_Projects/design_1_wrapper_1/microblaze_0/standalone_microblaze_0/bsp/system.mss
TRACE::2024-07-17.19:22:50::SCWWriter::formatted JSON is {
	"platformName":	"design_1_wrapper_1",
	"sprVersion":	"2.0",
	"mode":	"gui",
	"dsaType":	"Fixed",
	"platformDesc":	"design_1_wrapper_1",
	"platHandOff":	"E:/VIVADO_2022/Microblaze_Projects/Uart_tx/uart_tx/design_1_wrapper.xsa",
	"platIntHandOff":	"<platformDir>/hw/design_1_wrapper.xsa",
	"deviceType":	"FPGA",
	"platIsPrebuiltAutogen":	"false",
	"platIsNoBootBsp":	"false",
	"hasFsblMakeHasChanges":	"false",
	"hasPmufwMakeHasChanges":	"false",
	"platPreBuiltFlag":	false,
	"platformSamplesDir":	"",
	"platActiveSys":	"design_1_wrapper_1",
	"systems":	[{
			"systemName":	"design_1_wrapper_1",
			"systemDesc":	"design_1_wrapper_1",
			"sysIsBootAutoGen":	"true",
			"systemDispName":	"design_1_wrapper_1",
			"sysActiveDom":	"standalone_microblaze_0",
			"sysDefaultDom":	"standalone_microblaze_0",
			"domains":	[{
					"domainName":	"standalone_microblaze_0",
					"domainDispName":	"standalone_microblaze_0",
					"domainDesc":	"standalone_microblaze_0",
					"processors":	"microblaze_0",
					"os":	"standalone",
					"sdxOs":	"standalone",
					"debugEnable":	"False",
					"domRuntimes":	["cpp"],
					"swRepo":	"",
					"mssOsVer":	"8.0",
					"mssFile":	"",
					"md5Digest":	"b07374f88f8351eb9e2fdf540c6ab14f",
					"compatibleApp":	"hello_world",
					"domType":	"mssDomain",
					"arch":	"32-bit",
					"appSettings":	{
						"appCompilerFlags":	"",
						"appLinkerFlags":	""
					},
					"addedLibs":	[],
					"libOptions":	{
						"libsContainingOptions":	[]
					},
					"prebuiltLibs":	{
						"prebuiltIncPath":	[],
						"prebuiltLibPath":	[]
					},
					"isolation":	{
					}
				}]
		}]
}
KEYINFO::2024-07-17.19:22:50::SCWPlatform::updated the xpfm file.
LOG::2024-07-17.19:23:14::SCWPlatform::Started generating the artifacts platform design_1_wrapper_1
TRACE::2024-07-17.19:23:14::SCWPlatform::Sanity checking of platform is completed
LOG::2024-07-17.19:23:14::SCWPlatform::Started generating the artifacts for system configuration design_1_wrapper_1
LOG::2024-07-17.19:23:14::SCWSystem::Checking the domain standalone_microblaze_0
LOG::2024-07-17.19:23:14::SCWSystem::Not a boot domain 
LOG::2024-07-17.19:23:14::SCWSystem::Started Processing the domain standalone_microblaze_0
TRACE::2024-07-17.19:23:14::SCWDomain::Generating domain artifcats
TRACE::2024-07-17.19:23:14::SCWMssOS::Generating standalone artifcats
TRACE::2024-07-17.19:23:14::SCWMssOS:: Copying the user libraries. 
TRACE::2024-07-17.19:23:14::SCWPlatform::Trying to open the hw design at E:/VIVADO_2022/Microblaze_Projects/design_1_wrapper_1/hw/design_1_wrapper.xsa
TRACE::2024-07-17.19:23:14::SCWPlatform::DSA given E:/VIVADO_2022/Microblaze_Projects/design_1_wrapper_1/hw/design_1_wrapper.xsa
TRACE::2024-07-17.19:23:14::SCWPlatform::DSA absoulate path E:/VIVADO_2022/Microblaze_Projects/design_1_wrapper_1/hw/design_1_wrapper.xsa
TRACE::2024-07-17.19:23:14::SCWPlatform::DSA directory E:/VIVADO_2022/Microblaze_Projects/design_1_wrapper_1/hw
TRACE::2024-07-17.19:23:14::SCWPlatform:: Platform Path E:/VIVADO_2022/Microblaze_Projects/design_1_wrapper_1/hw/design_1_wrapper.xsa
TRACE::2024-07-17.19:23:14::SCWPlatform:: Unique name xilinx:edgea7::0.0
TRACE::2024-07-17.19:23:14::SCWPlatform::Trying to set the existing hwdb with name design_1_wrapper_14
TRACE::2024-07-17.19:23:14::SCWPlatform::Opened existing hwdb design_1_wrapper_14
TRACE::2024-07-17.19:23:14::SCWPlatform::Found the Hw Db part of the input DSA
TRACE::2024-07-17.19:23:14::SCWMssOS::Checking the sw design at  E:/VIVADO_2022/Microblaze_Projects/design_1_wrapper_1/microblaze_0/standalone_microblaze_0/bsp/system.mss
TRACE::2024-07-17.19:23:14::SCWMssOS::DEBUG:  swdes dump  E:/VIVADO_2022/Microblaze_Projects/design_1_wrapper_1/microblaze_0/standalone_microblaze_0/bsp/system.mss|system_0||

TRACE::2024-07-17.19:23:14::SCWMssOS::Sw design exists and opened at  E:/VIVADO_2022/Microblaze_Projects/design_1_wrapper_1/microblaze_0/standalone_microblaze_0/bsp/system.mss
TRACE::2024-07-17.19:23:14::SCWMssOS::Completed writing the mss file at E:/VIVADO_2022/Microblaze_Projects/design_1_wrapper_1/microblaze_0/standalone_microblaze_0/bsp
TRACE::2024-07-17.19:23:14::SCWMssOS::Mss edits present, copying mssfile into export location E:/VIVADO_2022/Microblaze_Projects/design_1_wrapper_1/microblaze_0/standalone_microblaze_0/bsp/system.mss
TRACE::2024-07-17.19:23:14::SCWMssOS::bsp generated is upto date with the mss file. Skipping bsp generation.
TRACE::2024-07-17.19:23:14::SCWMssOS::BSP is already built. skipping the bsp build ... 
TRACE::2024-07-17.19:23:14::SCWDomain::Building the domain as part of full build :  standalone_microblaze_0
TRACE::2024-07-17.19:23:14::SCWMssOS::doing bsp build ... 
TRACE::2024-07-17.19:23:14::SCWMssOS::System Command Ran  E: & cd  E:/VIVADO_2022/Microblaze_Projects/design_1_wrapper_1/microblaze_0/standalone_microblaze_0/bsp & make 
TRACE::2024-07-17.19:23:14::SCWMssOS::make --no-print-directory seq_libs

TRACE::2024-07-17.19:23:14::SCWMssOS::'Finished building libraries sequentially.'

TRACE::2024-07-17.19:23:14::SCWMssOS::make -j 2 --no-print-directory par_libs

TRACE::2024-07-17.19:23:14::SCWMssOS::"Running Make include in microblaze_0/libsrc/bram_v4_8/src"

TRACE::2024-07-17.19:23:14::SCWMssOS::make -C microblaze_0/libsrc/bram_v4_8/src -s include  "SHELL=CMD" "COMPILER=mb-gcc" "ASSEMBLER=mb-as" "ARCHIVER=mb-ar" "COMPILE
TRACE::2024-07-17.19:23:14::SCWMssOS::R_FLAGS=  -O2 -c -mcpu=v11.0 -mlittle-endian -mxl-soft-mul" "EXTRA_COMPILER_FLAGS=-g -ffunction-sections -fdata-sections -Wall 
TRACE::2024-07-17.19:23:14::SCWMssOS::-Wextra -fno-tree-loop-distribute-patterns"

TRACE::2024-07-17.19:23:14::SCWMssOS::"Running Make include in microblaze_0/libsrc/cpu_v2_16/src"

TRACE::2024-07-17.19:23:14::SCWMssOS::make -C microblaze_0/libsrc/cpu_v2_16/src -s include  "SHELL=CMD" "COMPILER=mb-gcc" "ASSEMBLER=mb-as" "ARCHIVER=mb-ar" "COMPILE
TRACE::2024-07-17.19:23:14::SCWMssOS::R_FLAGS=  -O2 -c -mcpu=v11.0 -mlittle-endian -mxl-soft-mul" "EXTRA_COMPILER_FLAGS=-g -ffunction-sections -fdata-sections -Wall 
TRACE::2024-07-17.19:23:14::SCWMssOS::-Wextra -fno-tree-loop-distribute-patterns"

TRACE::2024-07-17.19:23:14::SCWMssOS::"Running Make include in microblaze_0/libsrc/intc_v3_15/src"

TRACE::2024-07-17.19:23:14::SCWMssOS::make -C microblaze_0/libsrc/intc_v3_15/src -s include  "SHELL=CMD" "COMPILER=mb-gcc" "ASSEMBLER=mb-as" "ARCHIVER=mb-ar" "COMPIL
TRACE::2024-07-17.19:23:14::SCWMssOS::ER_FLAGS=  -O2 -c -mcpu=v11.0 -mlittle-endian -mxl-soft-mul" "EXTRA_COMPILER_FLAGS=-g -ffunction-sections -fdata-sections -Wall
TRACE::2024-07-17.19:23:14::SCWMssOS:: -Wextra -fno-tree-loop-distribute-patterns"

TRACE::2024-07-17.19:23:14::SCWMssOS::"Running Make include in microblaze_0/libsrc/standalone_v8_0/src"

TRACE::2024-07-17.19:23:14::SCWMssOS::make -C microblaze_0/libsrc/standalone_v8_0/src -s include  "SHELL=CMD" "COMPILER=mb-gcc" "ASSEMBLER=mb-as" "ARCHIVER=mb-ar" "C
TRACE::2024-07-17.19:23:14::SCWMssOS::OMPILER_FLAGS=  -O2 -c -mcpu=v11.0 -mlittle-endian -mxl-soft-mul" "EXTRA_COMPILER_FLAGS=-g -ffunction-sections -fdata-sections 
TRACE::2024-07-17.19:23:14::SCWMssOS::-Wall -Wextra -fno-tree-loop-distribute-patterns"

TRACE::2024-07-17.19:23:14::SCWMssOS::"Running Make include in microblaze_0/libsrc/uartlite_v3_7/src"

TRACE::2024-07-17.19:23:14::SCWMssOS::make -C microblaze_0/libsrc/uartlite_v3_7/src -s include  "SHELL=CMD" "COMPILER=mb-gcc" "ASSEMBLER=mb-as" "ARCHIVER=mb-ar" "COM
TRACE::2024-07-17.19:23:14::SCWMssOS::PILER_FLAGS=  -O2 -c -mcpu=v11.0 -mlittle-endian -mxl-soft-mul" "EXTRA_COMPILER_FLAGS=-g -ffunction-sections -fdata-sections -W
TRACE::2024-07-17.19:23:14::SCWMssOS::all -Wextra -fno-tree-loop-distribute-patterns"

TRACE::2024-07-17.19:23:15::SCWMssOS::"Running Make libs in microblaze_0/libsrc/bram_v4_8/src"

TRACE::2024-07-17.19:23:15::SCWMssOS::make -C microblaze_0/libsrc/bram_v4_8/src -s libs  "SHELL=CMD" "COMPILER=mb-gcc" "ASSEMBLER=mb-as" "ARCHIVER=mb-ar" "COMPILER_F
TRACE::2024-07-17.19:23:15::SCWMssOS::LAGS=  -O2 -c -mcpu=v11.0 -mlittle-endian -mxl-soft-mul" "EXTRA_COMPILER_FLAGS=-g -ffunction-sections -fdata-sections -Wall -We
TRACE::2024-07-17.19:23:15::SCWMssOS::xtra -fno-tree-loop-distribute-patterns"

TRACE::2024-07-17.19:23:15::SCWMssOS::"Running Make libs in microblaze_0/libsrc/cpu_v2_16/src"

TRACE::2024-07-17.19:23:15::SCWMssOS::make -C microblaze_0/libsrc/cpu_v2_16/src -s libs  "SHELL=CMD" "COMPILER=mb-gcc" "ASSEMBLER=mb-as" "ARCHIVER=mb-ar" "COMPILER_F
TRACE::2024-07-17.19:23:15::SCWMssOS::LAGS=  -O2 -c -mcpu=v11.0 -mlittle-endian -mxl-soft-mul" "EXTRA_COMPILER_FLAGS=-g -ffunction-sections -fdata-sections -Wall -We
TRACE::2024-07-17.19:23:15::SCWMssOS::xtra -fno-tree-loop-distribute-patterns"

TRACE::2024-07-17.19:23:15::SCWMssOS::"Running Make libs in microblaze_0/libsrc/intc_v3_15/src"

TRACE::2024-07-17.19:23:15::SCWMssOS::make -C microblaze_0/libsrc/intc_v3_15/src -s libs  "SHELL=CMD" "COMPILER=mb-gcc" "ASSEMBLER=mb-as" "ARCHIVER=mb-ar" "COMPILER_
TRACE::2024-07-17.19:23:15::SCWMssOS::FLAGS=  -O2 -c -mcpu=v11.0 -mlittle-endian -mxl-soft-mul" "EXTRA_COMPILER_FLAGS=-g -ffunction-sections -fdata-sections -Wall -W
TRACE::2024-07-17.19:23:15::SCWMssOS::extra -fno-tree-loop-distribute-patterns"

TRACE::2024-07-17.19:23:17::SCWMssOS::"Running Make libs in microblaze_0/libsrc/standalone_v8_0/src"

TRACE::2024-07-17.19:23:17::SCWMssOS::make -C microblaze_0/libsrc/standalone_v8_0/src -s libs  "SHELL=CMD" "COMPILER=mb-gcc" "ASSEMBLER=mb-as" "ARCHIVER=mb-ar" "COMP
TRACE::2024-07-17.19:23:17::SCWMssOS::ILER_FLAGS=  -O2 -c -mcpu=v11.0 -mlittle-endian -mxl-soft-mul" "EXTRA_COMPILER_FLAGS=-g -ffunction-sections -fdata-sections -Wa
TRACE::2024-07-17.19:23:17::SCWMssOS::ll -Wextra -fno-tree-loop-distribute-patterns"

TRACE::2024-07-17.19:23:17::SCWMssOS::"Running Make libs in microblaze_0/libsrc/uartlite_v3_7/src"

TRACE::2024-07-17.19:23:17::SCWMssOS::make -C microblaze_0/libsrc/uartlite_v3_7/src -s libs  "SHELL=CMD" "COMPILER=mb-gcc" "ASSEMBLER=mb-as" "ARCHIVER=mb-ar" "COMPIL
TRACE::2024-07-17.19:23:17::SCWMssOS::ER_FLAGS=  -O2 -c -mcpu=v11.0 -mlittle-endian -mxl-soft-mul" "EXTRA_COMPILER_FLAGS=-g -ffunction-sections -fdata-sections -Wall
TRACE::2024-07-17.19:23:17::SCWMssOS:: -Wextra -fno-tree-loop-distribute-patterns"

TRACE::2024-07-17.19:23:22::SCWMssOS::"DEBUG NON_LTO_OBJECTS is ../../../lib/microblaze_interrupt_handler.o"

TRACE::2024-07-17.19:23:22::SCWMssOS::'Finished building libraries parallelly.'

TRACE::2024-07-17.19:23:22::SCWMssOS::make --no-print-directory archive

TRACE::2024-07-17.19:23:22::SCWMssOS::mb-ar -r  microblaze_0/lib/libxil.a microblaze_0/lib/_exit.o microblaze_0/lib/errno.o microblaze_0/lib/fcntl.o microblaze_0/lib
TRACE::2024-07-17.19:23:22::SCWMssOS::/hw_exception_handler.o microblaze_0/lib/inbyte.o microblaze_0/lib/microblaze_disable_dcache.o microblaze_0/lib/microblaze_disa
TRACE::2024-07-17.19:23:22::SCWMssOS::ble_exceptions.o microblaze_0/lib/microblaze_disable_icache.o microblaze_0/lib/microblaze_disable_interrupts.o microblaze_0/lib
TRACE::2024-07-17.19:23:22::SCWMssOS::/microblaze_enable_dcache.o microblaze_0/lib/microblaze_enable_exceptions.o microblaze_0/lib/microblaze_enable_icache.o microbl
TRACE::2024-07-17.19:23:22::SCWMssOS::aze_0/lib/microblaze_enable_interrupts.o microblaze_0/lib/microblaze_exception_handler.o microblaze_0/lib/microblaze_flush_cach
TRACE::2024-07-17.19:23:22::SCWMssOS::e_ext.o microblaze_0/lib/microblaze_flush_cache_ext_range.o microblaze_0/lib/microblaze_flush_dcache.o microblaze_0/lib/microbl
TRACE::2024-07-17.19:23:22::SCWMssOS::aze_flush_dcache_range.o microblaze_0/lib/microblaze_init_dcache_range.o microblaze_0/lib/microblaze_init_icache_range.o microb
TRACE::2024-07-17.19:23:22::SCWMssOS::laze_0/lib/microblaze_interrupt_handler.o microblaze_0/lib/microblaze_interrupts_g.o microblaze_0/lib/microblaze_invalidate_cac
TRACE::2024-07-17.19:23:22::SCWMssOS::he_ext.o microblaze_0/lib/microblaze_invalidate_cache_ext_range.o microblaze_0/lib/microblaze_invalidate_dcache.o microblaze_0/
TRACE::2024-07-17.19:23:22::SCWMssOS::lib/microblaze_invalidate_dcache_range.o microblaze_0/lib/microblaze_invalidate_icache.o microblaze_0/lib/microblaze_invalidate
TRACE::2024-07-17.19:23:22::SCWMssOS::_icache_range.o microblaze_0/lib/microblaze_scrub.o microblaze_0/lib/microblaze_selftest.o microblaze_0/lib/microblaze_sleep.o 
TRACE::2024-07-17.19:23:22::SCWMssOS::microblaze_0/lib/microblaze_update_dcache.o microblaze_0/lib/microblaze_update_icache.o microblaze_0/lib/outbyte.o microblaze_0
TRACE::2024-07-17.19:23:22::SCWMssOS::/lib/print.o microblaze_0/lib/pvr.o microblaze_0/lib/xbram.o microblaze_0/lib/xbram_g.o microblaze_0/lib/xbram_intr.o microblaz
TRACE::2024-07-17.19:23:22::SCWMssOS::e_0/lib/xbram_selftest.o microblaze_0/lib/xbram_sinit.o microblaze_0/lib/xil_assert.o microblaze_0/lib/xil_cache.o microblaze_0
TRACE::2024-07-17.19:23:22::SCWMssOS::/lib/xil_clocking.o microblaze_0/lib/xil_exception.o microblaze_0/lib/xil_mem.o microblaze_0/lib/xil_misc_psreset_api.o microbl
TRACE::2024-07-17.19:23:22::SCWMssOS::aze_0/lib/xil_printf.o microblaze_0/lib/xil_sleepcommon.o microblaze_0/lib/xil_testcache.o microblaze_0/lib/xil_testio.o microb
TRACE::2024-07-17.19:23:22::SCWMssOS::laze_0/lib/xil_testmem.o microblaze_0/lib/xil_util.o microblaze_0/lib/xintc.o microblaze_0/lib/xintc_g.o microblaze_0/lib/xintc
TRACE::2024-07-17.19:23:22::SCWMssOS::_intr.o microblaze_0/lib/xintc_l.o microblaze_0/lib/xintc_options.o microblaze_0/lib/xintc_selftest.o microblaze_0/lib/xinterru
TRACE::2024-07-17.19:23:22::SCWMssOS::pt_wrap.o microblaze_0/lib/xio.o microblaze_0/lib/xplatform_info.o microblaze_0/lib/xuartlite.o microblaze_0/lib/xuartlite_g.o 
TRACE::2024-07-17.19:23:22::SCWMssOS::microblaze_0/lib/xuartlite_intr.o microblaze_0/lib/xuartlite_l.o microblaze_0/lib/xuartlite_selftest.o microblaze_0/lib/xuartli
TRACE::2024-07-17.19:23:22::SCWMssOS::te_sinit.o microblaze_0/lib/xuartlite_stats.o

TRACE::2024-07-17.19:23:22::SCWMssOS::'Finished building libraries'

TRACE::2024-07-17.19:23:23::SCWMssOS::Copying to export directory.
TRACE::2024-07-17.19:23:23::SCWMssOS:: Checking if to create the Supporting Applications
TRACE::2024-07-17.19:23:23::SCWMssOS:: No Linux domain exists, trying to generate FSBL 
LOG::2024-07-17.19:23:23::SCWSystem::Completed Processing the domain standalone_microblaze_0
LOG::2024-07-17.19:23:23::SCWSystem::Completed Processing the sysconfig design_1_wrapper_1
LOG::2024-07-17.19:23:23::SCWPlatform::Completed generating the artifacts for system configuration design_1_wrapper_1
TRACE::2024-07-17.19:23:23::SCWPlatform::Started preparing the platform 
TRACE::2024-07-17.19:23:23::SCWSystem::Writing the bif file for system config design_1_wrapper_1
TRACE::2024-07-17.19:23:23::SCWSystem::dir created 
TRACE::2024-07-17.19:23:23::SCWSystem::Writing the bif 
TRACE::2024-07-17.19:23:23::SCWPlatform::Started writing the spfm file 
TRACE::2024-07-17.19:23:23::SCWPlatform::Started writing the xpfm file 
TRACE::2024-07-17.19:23:23::SCWPlatform::Completed generating the platform
TRACE::2024-07-17.19:23:23::SCWMssOS::Saving the mss changes E:/VIVADO_2022/Microblaze_Projects/design_1_wrapper_1/microblaze_0/standalone_microblaze_0/bsp/system.mss
TRACE::2024-07-17.19:23:23::SCWMssOS::Found a swdesign opened with the mssfile.
TRACE::2024-07-17.19:23:23::SCWMssOS::Completed writemss as part of save.
TRACE::2024-07-17.19:23:23::SCWMssOS::Commit changes completed.
TRACE::2024-07-17.19:23:23::SCWPlatform::Trying to open the hw design at E:/VIVADO_2022/Microblaze_Projects/design_1_wrapper_1/hw/design_1_wrapper.xsa
TRACE::2024-07-17.19:23:23::SCWPlatform::DSA given E:/VIVADO_2022/Microblaze_Projects/design_1_wrapper_1/hw/design_1_wrapper.xsa
TRACE::2024-07-17.19:23:23::SCWPlatform::DSA absoulate path E:/VIVADO_2022/Microblaze_Projects/design_1_wrapper_1/hw/design_1_wrapper.xsa
TRACE::2024-07-17.19:23:23::SCWPlatform::DSA directory E:/VIVADO_2022/Microblaze_Projects/design_1_wrapper_1/hw
TRACE::2024-07-17.19:23:23::SCWPlatform:: Platform Path E:/VIVADO_2022/Microblaze_Projects/design_1_wrapper_1/hw/design_1_wrapper.xsa
TRACE::2024-07-17.19:23:23::SCWPlatform:: Unique name xilinx:edgea7::0.0
TRACE::2024-07-17.19:23:23::SCWPlatform::Trying to set the existing hwdb with name design_1_wrapper_14
TRACE::2024-07-17.19:23:23::SCWPlatform::Opened existing hwdb design_1_wrapper_14
TRACE::2024-07-17.19:23:23::SCWPlatform::Found the Hw Db part of the input DSA
TRACE::2024-07-17.19:23:23::SCWMssOS::Checking the sw design at  E:/VIVADO_2022/Microblaze_Projects/design_1_wrapper_1/microblaze_0/standalone_microblaze_0/bsp/system.mss
TRACE::2024-07-17.19:23:23::SCWMssOS::DEBUG:  swdes dump  E:/VIVADO_2022/Microblaze_Projects/design_1_wrapper_1/microblaze_0/standalone_microblaze_0/bsp/system.mss|system_0||

TRACE::2024-07-17.19:23:23::SCWMssOS::Sw design exists and opened at  E:/VIVADO_2022/Microblaze_Projects/design_1_wrapper_1/microblaze_0/standalone_microblaze_0/bsp/system.mss
TRACE::2024-07-17.19:23:23::SCWPlatform::Trying to open the hw design at E:/VIVADO_2022/Microblaze_Projects/design_1_wrapper_1/hw/design_1_wrapper.xsa
TRACE::2024-07-17.19:23:23::SCWPlatform::DSA given E:/VIVADO_2022/Microblaze_Projects/design_1_wrapper_1/hw/design_1_wrapper.xsa
TRACE::2024-07-17.19:23:23::SCWPlatform::DSA absoulate path E:/VIVADO_2022/Microblaze_Projects/design_1_wrapper_1/hw/design_1_wrapper.xsa
TRACE::2024-07-17.19:23:23::SCWPlatform::DSA directory E:/VIVADO_2022/Microblaze_Projects/design_1_wrapper_1/hw
TRACE::2024-07-17.19:23:23::SCWPlatform:: Platform Path E:/VIVADO_2022/Microblaze_Projects/design_1_wrapper_1/hw/design_1_wrapper.xsa
TRACE::2024-07-17.19:23:23::SCWPlatform:: Unique name xilinx:edgea7::0.0
TRACE::2024-07-17.19:23:23::SCWPlatform::Trying to set the existing hwdb with name design_1_wrapper_14
TRACE::2024-07-17.19:23:23::SCWPlatform::Opened existing hwdb design_1_wrapper_14
TRACE::2024-07-17.19:23:23::SCWPlatform::Found the Hw Db part of the input DSA
TRACE::2024-07-17.19:23:23::SCWMssOS::Checking the sw design at  E:/VIVADO_2022/Microblaze_Projects/design_1_wrapper_1/microblaze_0/standalone_microblaze_0/bsp/system.mss
TRACE::2024-07-17.19:23:23::SCWMssOS::DEBUG:  swdes dump  E:/VIVADO_2022/Microblaze_Projects/design_1_wrapper_1/microblaze_0/standalone_microblaze_0/bsp/system.mss|system_0||

TRACE::2024-07-17.19:23:23::SCWMssOS::Sw design exists and opened at  E:/VIVADO_2022/Microblaze_Projects/design_1_wrapper_1/microblaze_0/standalone_microblaze_0/bsp/system.mss
TRACE::2024-07-17.19:23:23::SCWPlatform::Trying to open the hw design at E:/VIVADO_2022/Microblaze_Projects/design_1_wrapper_1/hw/design_1_wrapper.xsa
TRACE::2024-07-17.19:23:23::SCWPlatform::DSA given E:/VIVADO_2022/Microblaze_Projects/design_1_wrapper_1/hw/design_1_wrapper.xsa
TRACE::2024-07-17.19:23:23::SCWPlatform::DSA absoulate path E:/VIVADO_2022/Microblaze_Projects/design_1_wrapper_1/hw/design_1_wrapper.xsa
TRACE::2024-07-17.19:23:23::SCWPlatform::DSA directory E:/VIVADO_2022/Microblaze_Projects/design_1_wrapper_1/hw
TRACE::2024-07-17.19:23:23::SCWPlatform:: Platform Path E:/VIVADO_2022/Microblaze_Projects/design_1_wrapper_1/hw/design_1_wrapper.xsa
TRACE::2024-07-17.19:23:23::SCWPlatform:: Unique name xilinx:edgea7::0.0
TRACE::2024-07-17.19:23:23::SCWPlatform::Trying to set the existing hwdb with name design_1_wrapper_14
TRACE::2024-07-17.19:23:23::SCWPlatform::Opened existing hwdb design_1_wrapper_14
TRACE::2024-07-17.19:23:23::SCWPlatform::Found the Hw Db part of the input DSA
TRACE::2024-07-17.19:23:23::SCWMssOS::Checking the sw design at  E:/VIVADO_2022/Microblaze_Projects/design_1_wrapper_1/microblaze_0/standalone_microblaze_0/bsp/system.mss
TRACE::2024-07-17.19:23:23::SCWMssOS::DEBUG:  swdes dump  E:/VIVADO_2022/Microblaze_Projects/design_1_wrapper_1/microblaze_0/standalone_microblaze_0/bsp/system.mss|system_0||

TRACE::2024-07-17.19:23:23::SCWMssOS::Sw design exists and opened at  E:/VIVADO_2022/Microblaze_Projects/design_1_wrapper_1/microblaze_0/standalone_microblaze_0/bsp/system.mss
TRACE::2024-07-17.19:23:23::SCWWriter::formatted JSON is {
	"platformName":	"design_1_wrapper_1",
	"sprVersion":	"2.0",
	"mode":	"gui",
	"dsaType":	"Fixed",
	"platformDesc":	"design_1_wrapper_1",
	"platHandOff":	"E:/VIVADO_2022/Microblaze_Projects/Uart_tx/uart_tx/design_1_wrapper.xsa",
	"platIntHandOff":	"<platformDir>/hw/design_1_wrapper.xsa",
	"deviceType":	"FPGA",
	"platIsPrebuiltAutogen":	"false",
	"platIsNoBootBsp":	"false",
	"hasFsblMakeHasChanges":	"false",
	"hasPmufwMakeHasChanges":	"false",
	"platPreBuiltFlag":	false,
	"platformSamplesDir":	"",
	"platActiveSys":	"design_1_wrapper_1",
	"systems":	[{
			"systemName":	"design_1_wrapper_1",
			"systemDesc":	"design_1_wrapper_1",
			"sysIsBootAutoGen":	"true",
			"systemDispName":	"design_1_wrapper_1",
			"sysActiveDom":	"standalone_microblaze_0",
			"sysDefaultDom":	"standalone_microblaze_0",
			"domains":	[{
					"domainName":	"standalone_microblaze_0",
					"domainDispName":	"standalone_microblaze_0",
					"domainDesc":	"standalone_microblaze_0",
					"processors":	"microblaze_0",
					"os":	"standalone",
					"sdxOs":	"standalone",
					"debugEnable":	"False",
					"domRuntimes":	["cpp"],
					"swRepo":	"",
					"mssOsVer":	"8.0",
					"mssFile":	"",
					"md5Digest":	"b07374f88f8351eb9e2fdf540c6ab14f",
					"compatibleApp":	"hello_world",
					"domType":	"mssDomain",
					"arch":	"32-bit",
					"appSettings":	{
						"appCompilerFlags":	"",
						"appLinkerFlags":	""
					},
					"addedLibs":	[],
					"libOptions":	{
						"libsContainingOptions":	[]
					},
					"prebuiltLibs":	{
						"prebuiltIncPath":	[],
						"prebuiltLibPath":	[]
					},
					"isolation":	{
					}
				}]
		}]
}
KEYINFO::2024-07-17.19:23:23::SCWPlatform::updated the xpfm file.
TRACE::2024-07-17.19:23:23::SCWPlatform::Trying to open the hw design at E:/VIVADO_2022/Microblaze_Projects/design_1_wrapper_1/hw/design_1_wrapper.xsa
TRACE::2024-07-17.19:23:23::SCWPlatform::DSA given E:/VIVADO_2022/Microblaze_Projects/design_1_wrapper_1/hw/design_1_wrapper.xsa
TRACE::2024-07-17.19:23:23::SCWPlatform::DSA absoulate path E:/VIVADO_2022/Microblaze_Projects/design_1_wrapper_1/hw/design_1_wrapper.xsa
TRACE::2024-07-17.19:23:23::SCWPlatform::DSA directory E:/VIVADO_2022/Microblaze_Projects/design_1_wrapper_1/hw
TRACE::2024-07-17.19:23:23::SCWPlatform:: Platform Path E:/VIVADO_2022/Microblaze_Projects/design_1_wrapper_1/hw/design_1_wrapper.xsa
TRACE::2024-07-17.19:23:23::SCWPlatform:: Unique name xilinx:edgea7::0.0
TRACE::2024-07-17.19:23:23::SCWPlatform::Trying to set the existing hwdb with name design_1_wrapper_14
TRACE::2024-07-17.19:23:23::SCWPlatform::Opened existing hwdb design_1_wrapper_14
TRACE::2024-07-17.19:23:23::SCWPlatform::Found the Hw Db part of the input DSA
TRACE::2024-07-17.19:23:23::SCWMssOS::Checking the sw design at  E:/VIVADO_2022/Microblaze_Projects/design_1_wrapper_1/microblaze_0/standalone_microblaze_0/bsp/system.mss
TRACE::2024-07-17.19:23:23::SCWMssOS::DEBUG:  swdes dump  E:/VIVADO_2022/Microblaze_Projects/design_1_wrapper_1/microblaze_0/standalone_microblaze_0/bsp/system.mss|system_0||

TRACE::2024-07-17.19:23:23::SCWMssOS::Sw design exists and opened at  E:/VIVADO_2022/Microblaze_Projects/design_1_wrapper_1/microblaze_0/standalone_microblaze_0/bsp/system.mss
