TRACE::2024-07-19.19:02:20::SCWPlatform::Trying to open the hw design at E:/VIVADO_2022/Microblaze_Projects/PROJECTS/GPIO/design_1_wrapper/hw/design_1_wrapper.xsa
TRACE::2024-07-19.19:02:20::SCWPlatform::DSA given E:/VIVADO_2022/Microblaze_Projects/PROJECTS/GPIO/design_1_wrapper/hw/design_1_wrapper.xsa
TRACE::2024-07-19.19:02:20::SCWPlatform::DSA absoulate path E:/VIVADO_2022/Microblaze_Projects/PROJECTS/GPIO/design_1_wrapper/hw/design_1_wrapper.xsa
TRACE::2024-07-19.19:02:20::SCWPlatform::DSA directory E:/VIVADO_2022/Microblaze_Projects/PROJECTS/GPIO/design_1_wrapper/hw
TRACE::2024-07-19.19:02:20::SCWPlatform:: Platform Path E:/VIVADO_2022/Microblaze_Projects/PROJECTS/GPIO/design_1_wrapper/hw/design_1_wrapper.xsa
TRACE::2024-07-19.19:02:20::SCWPlatform:: Unique name xilinx:edgea7::0.0
TRACE::2024-07-19.19:02:20::SCWPlatform::Do not have an existing db opened. 
TRACE::2024-07-19.19:02:22::SCWPlatform::Opened new HwDB with name design_1_wrapper_0
TRACE::2024-07-19.19:02:22::SCWWriter::formatted JSON is {
	"platformName":	"design_1_wrapper",
	"sprVersion":	"2.0",
	"mode":	"gui",
	"dsaType":	"Fixed",
	"platformDesc":	"design_1_wrapper",
	"platHandOff":	"E:/VIVADO_2022/Microblaze_Projects/PROJECTS/GPIO/gpio/design_1_wrapper.xsa",
	"platIntHandOff":	"<platformDir>/hw/design_1_wrapper.xsa",
	"deviceType":	"FPGA",
	"platIsPrebuiltAutogen":	"false",
	"platIsNoBootBsp":	"false",
	"hasFsblMakeHasChanges":	"false",
	"hasPmufwMakeHasChanges":	"false",
	"platPreBuiltFlag":	false,
	"platformSamplesDir":	""
}
TRACE::2024-07-19.19:02:22::SCWWriter::formatted JSON is {
	"platformName":	"design_1_wrapper",
	"sprVersion":	"2.0",
	"mode":	"gui",
	"dsaType":	"Fixed",
	"platformDesc":	"design_1_wrapper",
	"platHandOff":	"E:/VIVADO_2022/Microblaze_Projects/PROJECTS/GPIO/gpio/design_1_wrapper.xsa",
	"platIntHandOff":	"<platformDir>/hw/design_1_wrapper.xsa",
	"deviceType":	"FPGA",
	"platIsPrebuiltAutogen":	"false",
	"platIsNoBootBsp":	"false",
	"hasFsblMakeHasChanges":	"false",
	"hasPmufwMakeHasChanges":	"false",
	"platPreBuiltFlag":	false,
	"platformSamplesDir":	"",
	"platActiveSys":	"design_1_wrapper",
	"systems":	[{
			"systemName":	"design_1_wrapper",
			"systemDesc":	"design_1_wrapper",
			"sysIsBootAutoGen":	"true",
			"systemDispName":	"design_1_wrapper"
		}]
}
TRACE::2024-07-19.19:02:22::SCWPlatform::Boot application domains not present, creating them
TRACE::2024-07-19.19:02:22::SCWPlatform::Pure FPGA device, no boot application will be created.
TRACE::2024-07-19.19:02:22::SCWWriter::formatted JSON is {
	"platformName":	"design_1_wrapper",
	"sprVersion":	"2.0",
	"mode":	"gui",
	"dsaType":	"Fixed",
	"platformDesc":	"design_1_wrapper",
	"platHandOff":	"E:/VIVADO_2022/Microblaze_Projects/PROJECTS/GPIO/gpio/design_1_wrapper.xsa",
	"platIntHandOff":	"<platformDir>/hw/design_1_wrapper.xsa",
	"deviceType":	"FPGA",
	"platIsPrebuiltAutogen":	"false",
	"platIsNoBootBsp":	"false",
	"hasFsblMakeHasChanges":	"false",
	"hasPmufwMakeHasChanges":	"false",
	"platPreBuiltFlag":	false,
	"platformSamplesDir":	"",
	"platActiveSys":	"design_1_wrapper",
	"systems":	[{
			"systemName":	"design_1_wrapper",
			"systemDesc":	"design_1_wrapper",
			"sysIsBootAutoGen":	"true",
			"systemDispName":	"design_1_wrapper"
		}]
}
TRACE::2024-07-19.19:02:22::SCWWriter::formatted JSON is {
	"platformName":	"design_1_wrapper",
	"sprVersion":	"2.0",
	"mode":	"gui",
	"dsaType":	"Fixed",
	"platformDesc":	"design_1_wrapper",
	"platHandOff":	"E:/VIVADO_2022/Microblaze_Projects/PROJECTS/GPIO/gpio/design_1_wrapper.xsa",
	"platIntHandOff":	"<platformDir>/hw/design_1_wrapper.xsa",
	"deviceType":	"FPGA",
	"platIsPrebuiltAutogen":	"false",
	"platIsNoBootBsp":	"false",
	"hasFsblMakeHasChanges":	"false",
	"hasPmufwMakeHasChanges":	"false",
	"platPreBuiltFlag":	false,
	"platformSamplesDir":	"",
	"platActiveSys":	"design_1_wrapper",
	"systems":	[{
			"systemName":	"design_1_wrapper",
			"systemDesc":	"design_1_wrapper",
			"sysIsBootAutoGen":	"true",
			"systemDispName":	"design_1_wrapper"
		}]
}
TRACE::2024-07-19.19:02:22::SCWPlatform::Trying to open the hw design at E:/VIVADO_2022/Microblaze_Projects/PROJECTS/GPIO/design_1_wrapper/hw/design_1_wrapper.xsa
TRACE::2024-07-19.19:02:22::SCWPlatform::DSA given E:/VIVADO_2022/Microblaze_Projects/PROJECTS/GPIO/design_1_wrapper/hw/design_1_wrapper.xsa
TRACE::2024-07-19.19:02:22::SCWPlatform::DSA absoulate path E:/VIVADO_2022/Microblaze_Projects/PROJECTS/GPIO/design_1_wrapper/hw/design_1_wrapper.xsa
TRACE::2024-07-19.19:02:22::SCWPlatform::DSA directory E:/VIVADO_2022/Microblaze_Projects/PROJECTS/GPIO/design_1_wrapper/hw
TRACE::2024-07-19.19:02:22::SCWPlatform:: Platform Path E:/VIVADO_2022/Microblaze_Projects/PROJECTS/GPIO/design_1_wrapper/hw/design_1_wrapper.xsa
TRACE::2024-07-19.19:02:22::SCWPlatform:: Unique name xilinx:edgea7::0.0
TRACE::2024-07-19.19:02:22::SCWPlatform::Trying to set the existing hwdb with name design_1_wrapper_0
TRACE::2024-07-19.19:02:22::SCWPlatform::Opened existing hwdb design_1_wrapper_0
TRACE::2024-07-19.19:02:22::SCWPlatform::Found the Hw Db part of the input DSA
TRACE::2024-07-19.19:02:22::SCWPlatform::Trying to open the hw design at E:/VIVADO_2022/Microblaze_Projects/PROJECTS/GPIO/design_1_wrapper/hw/design_1_wrapper.xsa
TRACE::2024-07-19.19:02:22::SCWPlatform::DSA given E:/VIVADO_2022/Microblaze_Projects/PROJECTS/GPIO/design_1_wrapper/hw/design_1_wrapper.xsa
TRACE::2024-07-19.19:02:22::SCWPlatform::DSA absoulate path E:/VIVADO_2022/Microblaze_Projects/PROJECTS/GPIO/design_1_wrapper/hw/design_1_wrapper.xsa
TRACE::2024-07-19.19:02:22::SCWPlatform::DSA directory E:/VIVADO_2022/Microblaze_Projects/PROJECTS/GPIO/design_1_wrapper/hw
TRACE::2024-07-19.19:02:22::SCWPlatform:: Platform Path E:/VIVADO_2022/Microblaze_Projects/PROJECTS/GPIO/design_1_wrapper/hw/design_1_wrapper.xsa
TRACE::2024-07-19.19:02:22::SCWPlatform:: Unique name xilinx:edgea7::0.0
TRACE::2024-07-19.19:02:22::SCWPlatform::Trying to set the existing hwdb with name design_1_wrapper_0
TRACE::2024-07-19.19:02:22::SCWPlatform::Opened existing hwdb design_1_wrapper_0
TRACE::2024-07-19.19:02:22::SCWPlatform::Found the Hw Db part of the input DSA
TRACE::2024-07-19.19:02:22::SCWDomain::checking for install qemu data   : 
TRACE::2024-07-19.19:02:22::SCWPlatform::Trying to open the hw design at E:/VIVADO_2022/Microblaze_Projects/PROJECTS/GPIO/design_1_wrapper/hw/design_1_wrapper.xsa
TRACE::2024-07-19.19:02:22::SCWPlatform::DSA given E:/VIVADO_2022/Microblaze_Projects/PROJECTS/GPIO/design_1_wrapper/hw/design_1_wrapper.xsa
TRACE::2024-07-19.19:02:22::SCWPlatform::DSA absoulate path E:/VIVADO_2022/Microblaze_Projects/PROJECTS/GPIO/design_1_wrapper/hw/design_1_wrapper.xsa
TRACE::2024-07-19.19:02:22::SCWPlatform::DSA directory E:/VIVADO_2022/Microblaze_Projects/PROJECTS/GPIO/design_1_wrapper/hw
TRACE::2024-07-19.19:02:22::SCWPlatform:: Platform Path E:/VIVADO_2022/Microblaze_Projects/PROJECTS/GPIO/design_1_wrapper/hw/design_1_wrapper.xsa
TRACE::2024-07-19.19:02:22::SCWPlatform:: Unique name xilinx:edgea7::0.0
TRACE::2024-07-19.19:02:22::SCWPlatform::Trying to set the existing hwdb with name design_1_wrapper_0
TRACE::2024-07-19.19:02:22::SCWPlatform::Opened existing hwdb design_1_wrapper_0
TRACE::2024-07-19.19:02:22::SCWPlatform::Found the Hw Db part of the input DSA
TRACE::2024-07-19.19:02:22::SCWPlatform::Trying to open the hw design at E:/VIVADO_2022/Microblaze_Projects/PROJECTS/GPIO/design_1_wrapper/hw/design_1_wrapper.xsa
TRACE::2024-07-19.19:02:22::SCWPlatform::DSA given E:/VIVADO_2022/Microblaze_Projects/PROJECTS/GPIO/design_1_wrapper/hw/design_1_wrapper.xsa
TRACE::2024-07-19.19:02:22::SCWPlatform::DSA absoulate path E:/VIVADO_2022/Microblaze_Projects/PROJECTS/GPIO/design_1_wrapper/hw/design_1_wrapper.xsa
TRACE::2024-07-19.19:02:22::SCWPlatform::DSA directory E:/VIVADO_2022/Microblaze_Projects/PROJECTS/GPIO/design_1_wrapper/hw
TRACE::2024-07-19.19:02:22::SCWPlatform:: Platform Path E:/VIVADO_2022/Microblaze_Projects/PROJECTS/GPIO/design_1_wrapper/hw/design_1_wrapper.xsa
TRACE::2024-07-19.19:02:22::SCWPlatform:: Unique name xilinx:edgea7::0.0
TRACE::2024-07-19.19:02:22::SCWPlatform::Trying to set the existing hwdb with name design_1_wrapper_0
TRACE::2024-07-19.19:02:22::SCWPlatform::Opened existing hwdb design_1_wrapper_0
TRACE::2024-07-19.19:02:22::SCWPlatform::Found the Hw Db part of the input DSA
TRACE::2024-07-19.19:02:22::SCWPlatform::Trying to open the hw design at E:/VIVADO_2022/Microblaze_Projects/PROJECTS/GPIO/design_1_wrapper/hw/design_1_wrapper.xsa
TRACE::2024-07-19.19:02:22::SCWPlatform::DSA given E:/VIVADO_2022/Microblaze_Projects/PROJECTS/GPIO/design_1_wrapper/hw/design_1_wrapper.xsa
TRACE::2024-07-19.19:02:22::SCWPlatform::DSA absoulate path E:/VIVADO_2022/Microblaze_Projects/PROJECTS/GPIO/design_1_wrapper/hw/design_1_wrapper.xsa
TRACE::2024-07-19.19:02:22::SCWPlatform::DSA directory E:/VIVADO_2022/Microblaze_Projects/PROJECTS/GPIO/design_1_wrapper/hw
TRACE::2024-07-19.19:02:22::SCWPlatform:: Platform Path E:/VIVADO_2022/Microblaze_Projects/PROJECTS/GPIO/design_1_wrapper/hw/design_1_wrapper.xsa
TRACE::2024-07-19.19:02:22::SCWPlatform:: Unique name xilinx:edgea7::0.0
TRACE::2024-07-19.19:02:22::SCWPlatform::Trying to set the existing hwdb with name design_1_wrapper_0
TRACE::2024-07-19.19:02:22::SCWPlatform::Opened existing hwdb design_1_wrapper_0
TRACE::2024-07-19.19:02:22::SCWPlatform::Found the Hw Db part of the input DSA
TRACE::2024-07-19.19:02:22::SCWMssOS::Checking the sw design at  E:/VIVADO_2022/Microblaze_Projects/PROJECTS/GPIO/design_1_wrapper/microblaze_0/standalone_microblaze_0/bsp/system.mss
TRACE::2024-07-19.19:02:22::SCWMssOS::DEBUG:  swdes dump  
TRACE::2024-07-19.19:02:22::SCWMssOS::No sw design opened at  E:/VIVADO_2022/Microblaze_Projects/PROJECTS/GPIO/design_1_wrapper/microblaze_0/standalone_microblaze_0/bsp/system.mss
TRACE::2024-07-19.19:02:22::SCWMssOS::mss does not exists at E:/VIVADO_2022/Microblaze_Projects/PROJECTS/GPIO/design_1_wrapper/microblaze_0/standalone_microblaze_0/bsp/system.mss
TRACE::2024-07-19.19:02:22::SCWMssOS::Creating sw design at  E:/VIVADO_2022/Microblaze_Projects/PROJECTS/GPIO/design_1_wrapper/microblaze_0/standalone_microblaze_0/bsp/system.mss
TRACE::2024-07-19.19:02:22::SCWMssOS::Adding the swdes entry, created swdb E:/VIVADO_2022/Microblaze_Projects/PROJECTS/GPIO/design_1_wrapper/microblaze_0/standalone_microblaze_0/bsp/system.mss with des name E:/VIVADO_2022/Microblaze_Projects/PROJECTS/GPIO/design_1_wrapper/microblaze_0/standalone_microblaze_0/bsp/system.mss
TRACE::2024-07-19.19:02:22::SCWMssOS::updating the scw layer changes to swdes at   E:/VIVADO_2022/Microblaze_Projects/PROJECTS/GPIO/design_1_wrapper/microblaze_0/standalone_microblaze_0/bsp/system.mss
TRACE::2024-07-19.19:02:22::SCWMssOS::Writing mss at E:/VIVADO_2022/Microblaze_Projects/PROJECTS/GPIO/design_1_wrapper/microblaze_0/standalone_microblaze_0/bsp/system.mss
TRACE::2024-07-19.19:02:22::SCWMssOS::Completed writing the mss file at E:/VIVADO_2022/Microblaze_Projects/PROJECTS/GPIO/design_1_wrapper/microblaze_0/standalone_microblaze_0/bsp
TRACE::2024-07-19.19:02:22::SCWMssOS::Picking up changes from newly written mss file into SCW Layer. 
TRACE::2024-07-19.19:02:22::SCWMssOS::Updated the changes from newly written mss file into SCW Layer. 
TRACE::2024-07-19.19:02:22::SCWMssOS::Completed writing the mss file at E:/VIVADO_2022/Microblaze_Projects/PROJECTS/GPIO/design_1_wrapper/microblaze_0/standalone_microblaze_0/bsp
TRACE::2024-07-19.19:02:22::SCWMssOS::Forcing BSP Sources regeneration.
TRACE::2024-07-19.19:03:08::SCWMssOS::Saving the mss changes E:/VIVADO_2022/Microblaze_Projects/PROJECTS/GPIO/design_1_wrapper/microblaze_0/standalone_microblaze_0/bsp/system.mss
TRACE::2024-07-19.19:03:08::SCWMssOS::Adding the swdes entry, mss present, able to open swdb E:/VIVADO_2022/Microblaze_Projects/PROJECTS/GPIO/design_1_wrapper/microblaze_0/standalone_microblaze_0/bsp/system.mss with des name system
TRACE::2024-07-19.19:03:08::SCWMssOS::Writing the mss file completed E:/VIVADO_2022/Microblaze_Projects/PROJECTS/GPIO/design_1_wrapper/microblaze_0/standalone_microblaze_0/bsp/system.mss
TRACE::2024-07-19.19:03:08::SCWMssOS::Commit changes completed.
TRACE::2024-07-19.19:03:08::SCWPlatform::Trying to open the hw design at E:/VIVADO_2022/Microblaze_Projects/PROJECTS/GPIO/design_1_wrapper/hw/design_1_wrapper.xsa
TRACE::2024-07-19.19:03:08::SCWPlatform::DSA given E:/VIVADO_2022/Microblaze_Projects/PROJECTS/GPIO/design_1_wrapper/hw/design_1_wrapper.xsa
TRACE::2024-07-19.19:03:08::SCWPlatform::DSA absoulate path E:/VIVADO_2022/Microblaze_Projects/PROJECTS/GPIO/design_1_wrapper/hw/design_1_wrapper.xsa
TRACE::2024-07-19.19:03:08::SCWPlatform::DSA directory E:/VIVADO_2022/Microblaze_Projects/PROJECTS/GPIO/design_1_wrapper/hw
TRACE::2024-07-19.19:03:08::SCWPlatform:: Platform Path E:/VIVADO_2022/Microblaze_Projects/PROJECTS/GPIO/design_1_wrapper/hw/design_1_wrapper.xsa
TRACE::2024-07-19.19:03:08::SCWPlatform:: Unique name xilinx:edgea7::0.0
TRACE::2024-07-19.19:03:08::SCWPlatform::Trying to set the existing hwdb with name design_1_wrapper_0
TRACE::2024-07-19.19:03:08::SCWPlatform::Opened existing hwdb design_1_wrapper_0
TRACE::2024-07-19.19:03:08::SCWPlatform::Found the Hw Db part of the input DSA
TRACE::2024-07-19.19:03:08::SCWMssOS::Checking the sw design at  E:/VIVADO_2022/Microblaze_Projects/PROJECTS/GPIO/design_1_wrapper/microblaze_0/standalone_microblaze_0/bsp/system.mss
TRACE::2024-07-19.19:03:08::SCWMssOS::DEBUG:  swdes dump  E:/VIVADO_2022/Microblaze_Projects/PROJECTS/GPIO/design_1_wrapper/microblaze_0/standalone_microblaze_0/bsp/system.mss|system||

TRACE::2024-07-19.19:03:08::SCWMssOS::Sw design exists and opened at  E:/VIVADO_2022/Microblaze_Projects/PROJECTS/GPIO/design_1_wrapper/microblaze_0/standalone_microblaze_0/bsp/system.mss
TRACE::2024-07-19.19:03:08::SCWPlatform::Trying to open the hw design at E:/VIVADO_2022/Microblaze_Projects/PROJECTS/GPIO/design_1_wrapper/hw/design_1_wrapper.xsa
TRACE::2024-07-19.19:03:08::SCWPlatform::DSA given E:/VIVADO_2022/Microblaze_Projects/PROJECTS/GPIO/design_1_wrapper/hw/design_1_wrapper.xsa
TRACE::2024-07-19.19:03:08::SCWPlatform::DSA absoulate path E:/VIVADO_2022/Microblaze_Projects/PROJECTS/GPIO/design_1_wrapper/hw/design_1_wrapper.xsa
TRACE::2024-07-19.19:03:08::SCWPlatform::DSA directory E:/VIVADO_2022/Microblaze_Projects/PROJECTS/GPIO/design_1_wrapper/hw
TRACE::2024-07-19.19:03:08::SCWPlatform:: Platform Path E:/VIVADO_2022/Microblaze_Projects/PROJECTS/GPIO/design_1_wrapper/hw/design_1_wrapper.xsa
TRACE::2024-07-19.19:03:08::SCWPlatform:: Unique name xilinx:edgea7::0.0
TRACE::2024-07-19.19:03:08::SCWPlatform::Trying to set the existing hwdb with name design_1_wrapper_0
TRACE::2024-07-19.19:03:08::SCWPlatform::Opened existing hwdb design_1_wrapper_0
TRACE::2024-07-19.19:03:08::SCWPlatform::Found the Hw Db part of the input DSA
TRACE::2024-07-19.19:03:08::SCWMssOS::Checking the sw design at  E:/VIVADO_2022/Microblaze_Projects/PROJECTS/GPIO/design_1_wrapper/microblaze_0/standalone_microblaze_0/bsp/system.mss
TRACE::2024-07-19.19:03:08::SCWMssOS::DEBUG:  swdes dump  E:/VIVADO_2022/Microblaze_Projects/PROJECTS/GPIO/design_1_wrapper/microblaze_0/standalone_microblaze_0/bsp/system.mss|system||

TRACE::2024-07-19.19:03:08::SCWMssOS::Sw design exists and opened at  E:/VIVADO_2022/Microblaze_Projects/PROJECTS/GPIO/design_1_wrapper/microblaze_0/standalone_microblaze_0/bsp/system.mss
TRACE::2024-07-19.19:03:08::SCWPlatform::Trying to open the hw design at E:/VIVADO_2022/Microblaze_Projects/PROJECTS/GPIO/design_1_wrapper/hw/design_1_wrapper.xsa
TRACE::2024-07-19.19:03:08::SCWPlatform::DSA given E:/VIVADO_2022/Microblaze_Projects/PROJECTS/GPIO/design_1_wrapper/hw/design_1_wrapper.xsa
TRACE::2024-07-19.19:03:08::SCWPlatform::DSA absoulate path E:/VIVADO_2022/Microblaze_Projects/PROJECTS/GPIO/design_1_wrapper/hw/design_1_wrapper.xsa
TRACE::2024-07-19.19:03:08::SCWPlatform::DSA directory E:/VIVADO_2022/Microblaze_Projects/PROJECTS/GPIO/design_1_wrapper/hw
TRACE::2024-07-19.19:03:08::SCWPlatform:: Platform Path E:/VIVADO_2022/Microblaze_Projects/PROJECTS/GPIO/design_1_wrapper/hw/design_1_wrapper.xsa
TRACE::2024-07-19.19:03:08::SCWPlatform:: Unique name xilinx:edgea7::0.0
TRACE::2024-07-19.19:03:08::SCWPlatform::Trying to set the existing hwdb with name design_1_wrapper_0
TRACE::2024-07-19.19:03:08::SCWPlatform::Opened existing hwdb design_1_wrapper_0
TRACE::2024-07-19.19:03:08::SCWPlatform::Found the Hw Db part of the input DSA
TRACE::2024-07-19.19:03:08::SCWMssOS::Checking the sw design at  E:/VIVADO_2022/Microblaze_Projects/PROJECTS/GPIO/design_1_wrapper/microblaze_0/standalone_microblaze_0/bsp/system.mss
TRACE::2024-07-19.19:03:08::SCWMssOS::DEBUG:  swdes dump  E:/VIVADO_2022/Microblaze_Projects/PROJECTS/GPIO/design_1_wrapper/microblaze_0/standalone_microblaze_0/bsp/system.mss|system||

TRACE::2024-07-19.19:03:08::SCWMssOS::Sw design exists and opened at  E:/VIVADO_2022/Microblaze_Projects/PROJECTS/GPIO/design_1_wrapper/microblaze_0/standalone_microblaze_0/bsp/system.mss
TRACE::2024-07-19.19:03:08::SCWWriter::formatted JSON is {
	"platformName":	"design_1_wrapper",
	"sprVersion":	"2.0",
	"mode":	"gui",
	"dsaType":	"Fixed",
	"platformDesc":	"design_1_wrapper",
	"platHandOff":	"E:/VIVADO_2022/Microblaze_Projects/PROJECTS/GPIO/gpio/design_1_wrapper.xsa",
	"platIntHandOff":	"<platformDir>/hw/design_1_wrapper.xsa",
	"deviceType":	"FPGA",
	"platIsPrebuiltAutogen":	"false",
	"platIsNoBootBsp":	"false",
	"hasFsblMakeHasChanges":	"false",
	"hasPmufwMakeHasChanges":	"false",
	"platPreBuiltFlag":	false,
	"platformSamplesDir":	"",
	"platActiveSys":	"design_1_wrapper",
	"systems":	[{
			"systemName":	"design_1_wrapper",
			"systemDesc":	"design_1_wrapper",
			"sysIsBootAutoGen":	"true",
			"systemDispName":	"design_1_wrapper",
			"sysActiveDom":	"standalone_microblaze_0",
			"sysDefaultDom":	"standalone_microblaze_0",
			"domains":	[{
					"domainName":	"standalone_microblaze_0",
					"domainDispName":	"standalone_microblaze_0",
					"domainDesc":	"standalone_microblaze_0",
					"processors":	"microblaze_0",
					"os":	"standalone",
					"sdxOs":	"standalone",
					"debugEnable":	"False",
					"domRuntimes":	["cpp"],
					"swRepo":	"",
					"mssOsVer":	"8.0",
					"mssFile":	"",
					"md5Digest":	"d71f0390b049c5e98d3f47dfaddd10a6",
					"compatibleApp":	"hello_world",
					"domType":	"mssDomain",
					"arch":	"32-bit",
					"appSettings":	{
						"appCompilerFlags":	"",
						"appLinkerFlags":	""
					},
					"addedLibs":	[],
					"libOptions":	{
						"libsContainingOptions":	[]
					},
					"prebuiltLibs":	{
						"prebuiltIncPath":	[],
						"prebuiltLibPath":	[]
					},
					"isolation":	{
					}
				}]
		}]
}
LOG::2024-07-19.19:03:08::SCWPlatform::Started generating the artifacts platform design_1_wrapper
TRACE::2024-07-19.19:03:08::SCWPlatform::Sanity checking of platform is completed
LOG::2024-07-19.19:03:08::SCWPlatform::Started generating the artifacts for system configuration design_1_wrapper
LOG::2024-07-19.19:03:08::SCWSystem::Checking the domain standalone_microblaze_0
LOG::2024-07-19.19:03:08::SCWSystem::Not a boot domain 
LOG::2024-07-19.19:03:08::SCWSystem::Started Processing the domain standalone_microblaze_0
TRACE::2024-07-19.19:03:08::SCWDomain::Generating domain artifcats
TRACE::2024-07-19.19:03:08::SCWMssOS::Generating standalone artifcats
TRACE::2024-07-19.19:03:08::SCWMssOS:: Copying the user libraries. 
TRACE::2024-07-19.19:03:08::SCWPlatform::Trying to open the hw design at E:/VIVADO_2022/Microblaze_Projects/PROJECTS/GPIO/design_1_wrapper/hw/design_1_wrapper.xsa
TRACE::2024-07-19.19:03:08::SCWPlatform::DSA given E:/VIVADO_2022/Microblaze_Projects/PROJECTS/GPIO/design_1_wrapper/hw/design_1_wrapper.xsa
TRACE::2024-07-19.19:03:08::SCWPlatform::DSA absoulate path E:/VIVADO_2022/Microblaze_Projects/PROJECTS/GPIO/design_1_wrapper/hw/design_1_wrapper.xsa
TRACE::2024-07-19.19:03:08::SCWPlatform::DSA directory E:/VIVADO_2022/Microblaze_Projects/PROJECTS/GPIO/design_1_wrapper/hw
TRACE::2024-07-19.19:03:08::SCWPlatform:: Platform Path E:/VIVADO_2022/Microblaze_Projects/PROJECTS/GPIO/design_1_wrapper/hw/design_1_wrapper.xsa
TRACE::2024-07-19.19:03:08::SCWPlatform:: Unique name xilinx:edgea7::0.0
TRACE::2024-07-19.19:03:08::SCWPlatform::Trying to set the existing hwdb with name design_1_wrapper_0
TRACE::2024-07-19.19:03:08::SCWPlatform::Opened existing hwdb design_1_wrapper_0
TRACE::2024-07-19.19:03:08::SCWPlatform::Found the Hw Db part of the input DSA
TRACE::2024-07-19.19:03:08::SCWMssOS::Checking the sw design at  E:/VIVADO_2022/Microblaze_Projects/PROJECTS/GPIO/design_1_wrapper/microblaze_0/standalone_microblaze_0/bsp/system.mss
TRACE::2024-07-19.19:03:08::SCWMssOS::DEBUG:  swdes dump  E:/VIVADO_2022/Microblaze_Projects/PROJECTS/GPIO/design_1_wrapper/microblaze_0/standalone_microblaze_0/bsp/system.mss|system||

TRACE::2024-07-19.19:03:08::SCWMssOS::Sw design exists and opened at  E:/VIVADO_2022/Microblaze_Projects/PROJECTS/GPIO/design_1_wrapper/microblaze_0/standalone_microblaze_0/bsp/system.mss
TRACE::2024-07-19.19:03:08::SCWMssOS::Completed writing the mss file at E:/VIVADO_2022/Microblaze_Projects/PROJECTS/GPIO/design_1_wrapper/microblaze_0/standalone_microblaze_0/bsp
TRACE::2024-07-19.19:03:08::SCWMssOS::Mss edits present, copying mssfile into export location E:/VIVADO_2022/Microblaze_Projects/PROJECTS/GPIO/design_1_wrapper/microblaze_0/standalone_microblaze_0/bsp/system.mss
TRACE::2024-07-19.19:03:08::SCWMssOS::bsp generated is upto date with the mss file. Skipping bsp generation.
TRACE::2024-07-19.19:03:08::SCWMssOS::BSP is already built. skipping the bsp build ... 
TRACE::2024-07-19.19:03:08::SCWDomain::Skipping the build for domain :  standalone_microblaze_0
TRACE::2024-07-19.19:03:08::SCWMssOS::skipping the bsp build ... 
TRACE::2024-07-19.19:03:08::SCWMssOS::Copying to export directory.
TRACE::2024-07-19.19:03:08::SCWMssOS:: Checking if to create the Supporting Applications
TRACE::2024-07-19.19:03:08::SCWMssOS:: No Linux domain exists, trying to generate FSBL 
LOG::2024-07-19.19:03:08::SCWSystem::Completed Processing the domain standalone_microblaze_0
LOG::2024-07-19.19:03:08::SCWSystem::Completed Processing the sysconfig design_1_wrapper
LOG::2024-07-19.19:03:08::SCWPlatform::Completed generating the artifacts for system configuration design_1_wrapper
TRACE::2024-07-19.19:03:08::SCWPlatform::Started preparing the platform 
TRACE::2024-07-19.19:03:08::SCWSystem::Writing the bif file for system config design_1_wrapper
TRACE::2024-07-19.19:03:08::SCWSystem::dir created 
TRACE::2024-07-19.19:03:08::SCWSystem::Writing the bif 
TRACE::2024-07-19.19:03:08::SCWPlatform::Started writing the spfm file 
TRACE::2024-07-19.19:03:08::SCWPlatform::Started writing the xpfm file 
TRACE::2024-07-19.19:03:08::SCWPlatform::Completed generating the platform
TRACE::2024-07-19.19:03:08::SCWMssOS::Saving the mss changes E:/VIVADO_2022/Microblaze_Projects/PROJECTS/GPIO/design_1_wrapper/microblaze_0/standalone_microblaze_0/bsp/system.mss
TRACE::2024-07-19.19:03:08::SCWMssOS::Found a swdesign opened with the mssfile.
TRACE::2024-07-19.19:03:08::SCWMssOS::Completed writemss as part of save.
TRACE::2024-07-19.19:03:08::SCWMssOS::Commit changes completed.
TRACE::2024-07-19.19:03:08::SCWPlatform::Trying to open the hw design at E:/VIVADO_2022/Microblaze_Projects/PROJECTS/GPIO/design_1_wrapper/hw/design_1_wrapper.xsa
TRACE::2024-07-19.19:03:08::SCWPlatform::DSA given E:/VIVADO_2022/Microblaze_Projects/PROJECTS/GPIO/design_1_wrapper/hw/design_1_wrapper.xsa
TRACE::2024-07-19.19:03:08::SCWPlatform::DSA absoulate path E:/VIVADO_2022/Microblaze_Projects/PROJECTS/GPIO/design_1_wrapper/hw/design_1_wrapper.xsa
TRACE::2024-07-19.19:03:08::SCWPlatform::DSA directory E:/VIVADO_2022/Microblaze_Projects/PROJECTS/GPIO/design_1_wrapper/hw
TRACE::2024-07-19.19:03:08::SCWPlatform:: Platform Path E:/VIVADO_2022/Microblaze_Projects/PROJECTS/GPIO/design_1_wrapper/hw/design_1_wrapper.xsa
TRACE::2024-07-19.19:03:08::SCWPlatform:: Unique name xilinx:edgea7::0.0
TRACE::2024-07-19.19:03:08::SCWPlatform::Trying to set the existing hwdb with name design_1_wrapper_0
TRACE::2024-07-19.19:03:08::SCWPlatform::Opened existing hwdb design_1_wrapper_0
TRACE::2024-07-19.19:03:08::SCWPlatform::Found the Hw Db part of the input DSA
TRACE::2024-07-19.19:03:08::SCWMssOS::Checking the sw design at  E:/VIVADO_2022/Microblaze_Projects/PROJECTS/GPIO/design_1_wrapper/microblaze_0/standalone_microblaze_0/bsp/system.mss
TRACE::2024-07-19.19:03:08::SCWMssOS::DEBUG:  swdes dump  E:/VIVADO_2022/Microblaze_Projects/PROJECTS/GPIO/design_1_wrapper/microblaze_0/standalone_microblaze_0/bsp/system.mss|system||

TRACE::2024-07-19.19:03:08::SCWMssOS::Sw design exists and opened at  E:/VIVADO_2022/Microblaze_Projects/PROJECTS/GPIO/design_1_wrapper/microblaze_0/standalone_microblaze_0/bsp/system.mss
TRACE::2024-07-19.19:03:08::SCWPlatform::Trying to open the hw design at E:/VIVADO_2022/Microblaze_Projects/PROJECTS/GPIO/design_1_wrapper/hw/design_1_wrapper.xsa
TRACE::2024-07-19.19:03:08::SCWPlatform::DSA given E:/VIVADO_2022/Microblaze_Projects/PROJECTS/GPIO/design_1_wrapper/hw/design_1_wrapper.xsa
TRACE::2024-07-19.19:03:08::SCWPlatform::DSA absoulate path E:/VIVADO_2022/Microblaze_Projects/PROJECTS/GPIO/design_1_wrapper/hw/design_1_wrapper.xsa
TRACE::2024-07-19.19:03:08::SCWPlatform::DSA directory E:/VIVADO_2022/Microblaze_Projects/PROJECTS/GPIO/design_1_wrapper/hw
TRACE::2024-07-19.19:03:08::SCWPlatform:: Platform Path E:/VIVADO_2022/Microblaze_Projects/PROJECTS/GPIO/design_1_wrapper/hw/design_1_wrapper.xsa
TRACE::2024-07-19.19:03:08::SCWPlatform:: Unique name xilinx:edgea7::0.0
TRACE::2024-07-19.19:03:08::SCWPlatform::Trying to set the existing hwdb with name design_1_wrapper_0
TRACE::2024-07-19.19:03:08::SCWPlatform::Opened existing hwdb design_1_wrapper_0
TRACE::2024-07-19.19:03:08::SCWPlatform::Found the Hw Db part of the input DSA
TRACE::2024-07-19.19:03:08::SCWMssOS::Checking the sw design at  E:/VIVADO_2022/Microblaze_Projects/PROJECTS/GPIO/design_1_wrapper/microblaze_0/standalone_microblaze_0/bsp/system.mss
TRACE::2024-07-19.19:03:08::SCWMssOS::DEBUG:  swdes dump  E:/VIVADO_2022/Microblaze_Projects/PROJECTS/GPIO/design_1_wrapper/microblaze_0/standalone_microblaze_0/bsp/system.mss|system||

TRACE::2024-07-19.19:03:08::SCWMssOS::Sw design exists and opened at  E:/VIVADO_2022/Microblaze_Projects/PROJECTS/GPIO/design_1_wrapper/microblaze_0/standalone_microblaze_0/bsp/system.mss
TRACE::2024-07-19.19:03:08::SCWPlatform::Trying to open the hw design at E:/VIVADO_2022/Microblaze_Projects/PROJECTS/GPIO/design_1_wrapper/hw/design_1_wrapper.xsa
TRACE::2024-07-19.19:03:08::SCWPlatform::DSA given E:/VIVADO_2022/Microblaze_Projects/PROJECTS/GPIO/design_1_wrapper/hw/design_1_wrapper.xsa
TRACE::2024-07-19.19:03:08::SCWPlatform::DSA absoulate path E:/VIVADO_2022/Microblaze_Projects/PROJECTS/GPIO/design_1_wrapper/hw/design_1_wrapper.xsa
TRACE::2024-07-19.19:03:08::SCWPlatform::DSA directory E:/VIVADO_2022/Microblaze_Projects/PROJECTS/GPIO/design_1_wrapper/hw
TRACE::2024-07-19.19:03:08::SCWPlatform:: Platform Path E:/VIVADO_2022/Microblaze_Projects/PROJECTS/GPIO/design_1_wrapper/hw/design_1_wrapper.xsa
TRACE::2024-07-19.19:03:08::SCWPlatform:: Unique name xilinx:edgea7::0.0
TRACE::2024-07-19.19:03:08::SCWPlatform::Trying to set the existing hwdb with name design_1_wrapper_0
TRACE::2024-07-19.19:03:08::SCWPlatform::Opened existing hwdb design_1_wrapper_0
TRACE::2024-07-19.19:03:08::SCWPlatform::Found the Hw Db part of the input DSA
TRACE::2024-07-19.19:03:08::SCWMssOS::Checking the sw design at  E:/VIVADO_2022/Microblaze_Projects/PROJECTS/GPIO/design_1_wrapper/microblaze_0/standalone_microblaze_0/bsp/system.mss
TRACE::2024-07-19.19:03:08::SCWMssOS::DEBUG:  swdes dump  E:/VIVADO_2022/Microblaze_Projects/PROJECTS/GPIO/design_1_wrapper/microblaze_0/standalone_microblaze_0/bsp/system.mss|system||

TRACE::2024-07-19.19:03:08::SCWMssOS::Sw design exists and opened at  E:/VIVADO_2022/Microblaze_Projects/PROJECTS/GPIO/design_1_wrapper/microblaze_0/standalone_microblaze_0/bsp/system.mss
TRACE::2024-07-19.19:03:08::SCWWriter::formatted JSON is {
	"platformName":	"design_1_wrapper",
	"sprVersion":	"2.0",
	"mode":	"gui",
	"dsaType":	"Fixed",
	"platformDesc":	"design_1_wrapper",
	"platHandOff":	"E:/VIVADO_2022/Microblaze_Projects/PROJECTS/GPIO/gpio/design_1_wrapper.xsa",
	"platIntHandOff":	"<platformDir>/hw/design_1_wrapper.xsa",
	"deviceType":	"FPGA",
	"platIsPrebuiltAutogen":	"false",
	"platIsNoBootBsp":	"false",
	"hasFsblMakeHasChanges":	"false",
	"hasPmufwMakeHasChanges":	"false",
	"platPreBuiltFlag":	false,
	"platformSamplesDir":	"",
	"platActiveSys":	"design_1_wrapper",
	"systems":	[{
			"systemName":	"design_1_wrapper",
			"systemDesc":	"design_1_wrapper",
			"sysIsBootAutoGen":	"true",
			"systemDispName":	"design_1_wrapper",
			"sysActiveDom":	"standalone_microblaze_0",
			"sysDefaultDom":	"standalone_microblaze_0",
			"domains":	[{
					"domainName":	"standalone_microblaze_0",
					"domainDispName":	"standalone_microblaze_0",
					"domainDesc":	"standalone_microblaze_0",
					"processors":	"microblaze_0",
					"os":	"standalone",
					"sdxOs":	"standalone",
					"debugEnable":	"False",
					"domRuntimes":	["cpp"],
					"swRepo":	"",
					"mssOsVer":	"8.0",
					"mssFile":	"",
					"md5Digest":	"d71f0390b049c5e98d3f47dfaddd10a6",
					"compatibleApp":	"hello_world",
					"domType":	"mssDomain",
					"arch":	"32-bit",
					"appSettings":	{
						"appCompilerFlags":	"",
						"appLinkerFlags":	""
					},
					"addedLibs":	[],
					"libOptions":	{
						"libsContainingOptions":	[]
					},
					"prebuiltLibs":	{
						"prebuiltIncPath":	[],
						"prebuiltLibPath":	[]
					},
					"isolation":	{
					}
				}]
		}]
}
KEYINFO::2024-07-19.19:03:08::SCWPlatform::updated the xpfm file.
TRACE::2024-07-19.19:03:09::SCWPlatform::Trying to open the hw design at E:/VIVADO_2022/Microblaze_Projects/PROJECTS/GPIO/design_1_wrapper/hw/design_1_wrapper.xsa
TRACE::2024-07-19.19:03:09::SCWPlatform::DSA given E:/VIVADO_2022/Microblaze_Projects/PROJECTS/GPIO/design_1_wrapper/hw/design_1_wrapper.xsa
TRACE::2024-07-19.19:03:09::SCWPlatform::DSA absoulate path E:/VIVADO_2022/Microblaze_Projects/PROJECTS/GPIO/design_1_wrapper/hw/design_1_wrapper.xsa
TRACE::2024-07-19.19:03:09::SCWPlatform::DSA directory E:/VIVADO_2022/Microblaze_Projects/PROJECTS/GPIO/design_1_wrapper/hw
TRACE::2024-07-19.19:03:09::SCWPlatform:: Platform Path E:/VIVADO_2022/Microblaze_Projects/PROJECTS/GPIO/design_1_wrapper/hw/design_1_wrapper.xsa
TRACE::2024-07-19.19:03:09::SCWPlatform:: Unique name xilinx:edgea7::0.0
TRACE::2024-07-19.19:03:09::SCWPlatform::Trying to set the existing hwdb with name design_1_wrapper_0
TRACE::2024-07-19.19:03:09::SCWPlatform::Opened existing hwdb design_1_wrapper_0
TRACE::2024-07-19.19:03:09::SCWPlatform::Found the Hw Db part of the input DSA
TRACE::2024-07-19.19:03:09::SCWMssOS::Checking the sw design at  E:/VIVADO_2022/Microblaze_Projects/PROJECTS/GPIO/design_1_wrapper/microblaze_0/standalone_microblaze_0/bsp/system.mss
TRACE::2024-07-19.19:03:09::SCWMssOS::DEBUG:  swdes dump  E:/VIVADO_2022/Microblaze_Projects/PROJECTS/GPIO/design_1_wrapper/microblaze_0/standalone_microblaze_0/bsp/system.mss|system||

TRACE::2024-07-19.19:03:09::SCWMssOS::Sw design exists and opened at  E:/VIVADO_2022/Microblaze_Projects/PROJECTS/GPIO/design_1_wrapper/microblaze_0/standalone_microblaze_0/bsp/system.mss
TRACE::2024-07-19.19:03:09::SCWMssOS::Saving the mss changes E:/VIVADO_2022/Microblaze_Projects/PROJECTS/GPIO/design_1_wrapper/microblaze_0/standalone_microblaze_0/bsp/system.mss
TRACE::2024-07-19.19:03:09::SCWMssOS::Found a swdesign opened with the mssfile.
TRACE::2024-07-19.19:03:09::SCWMssOS::Completed writemss as part of save.
TRACE::2024-07-19.19:03:09::SCWMssOS::Commit changes completed.
TRACE::2024-07-19.19:03:09::SCWPlatform::Trying to open the hw design at E:/VIVADO_2022/Microblaze_Projects/PROJECTS/GPIO/design_1_wrapper/hw/design_1_wrapper.xsa
TRACE::2024-07-19.19:03:09::SCWPlatform::DSA given E:/VIVADO_2022/Microblaze_Projects/PROJECTS/GPIO/design_1_wrapper/hw/design_1_wrapper.xsa
TRACE::2024-07-19.19:03:09::SCWPlatform::DSA absoulate path E:/VIVADO_2022/Microblaze_Projects/PROJECTS/GPIO/design_1_wrapper/hw/design_1_wrapper.xsa
TRACE::2024-07-19.19:03:09::SCWPlatform::DSA directory E:/VIVADO_2022/Microblaze_Projects/PROJECTS/GPIO/design_1_wrapper/hw
TRACE::2024-07-19.19:03:09::SCWPlatform:: Platform Path E:/VIVADO_2022/Microblaze_Projects/PROJECTS/GPIO/design_1_wrapper/hw/design_1_wrapper.xsa
TRACE::2024-07-19.19:03:09::SCWPlatform:: Unique name xilinx:edgea7::0.0
TRACE::2024-07-19.19:03:09::SCWPlatform::Trying to set the existing hwdb with name design_1_wrapper_0
TRACE::2024-07-19.19:03:09::SCWPlatform::Opened existing hwdb design_1_wrapper_0
TRACE::2024-07-19.19:03:09::SCWPlatform::Found the Hw Db part of the input DSA
TRACE::2024-07-19.19:03:09::SCWMssOS::Checking the sw design at  E:/VIVADO_2022/Microblaze_Projects/PROJECTS/GPIO/design_1_wrapper/microblaze_0/standalone_microblaze_0/bsp/system.mss
TRACE::2024-07-19.19:03:09::SCWMssOS::DEBUG:  swdes dump  E:/VIVADO_2022/Microblaze_Projects/PROJECTS/GPIO/design_1_wrapper/microblaze_0/standalone_microblaze_0/bsp/system.mss|system||

TRACE::2024-07-19.19:03:09::SCWMssOS::Sw design exists and opened at  E:/VIVADO_2022/Microblaze_Projects/PROJECTS/GPIO/design_1_wrapper/microblaze_0/standalone_microblaze_0/bsp/system.mss
TRACE::2024-07-19.19:03:09::SCWPlatform::Trying to open the hw design at E:/VIVADO_2022/Microblaze_Projects/PROJECTS/GPIO/design_1_wrapper/hw/design_1_wrapper.xsa
TRACE::2024-07-19.19:03:09::SCWPlatform::DSA given E:/VIVADO_2022/Microblaze_Projects/PROJECTS/GPIO/design_1_wrapper/hw/design_1_wrapper.xsa
TRACE::2024-07-19.19:03:09::SCWPlatform::DSA absoulate path E:/VIVADO_2022/Microblaze_Projects/PROJECTS/GPIO/design_1_wrapper/hw/design_1_wrapper.xsa
TRACE::2024-07-19.19:03:09::SCWPlatform::DSA directory E:/VIVADO_2022/Microblaze_Projects/PROJECTS/GPIO/design_1_wrapper/hw
TRACE::2024-07-19.19:03:09::SCWPlatform:: Platform Path E:/VIVADO_2022/Microblaze_Projects/PROJECTS/GPIO/design_1_wrapper/hw/design_1_wrapper.xsa
TRACE::2024-07-19.19:03:09::SCWPlatform:: Unique name xilinx:edgea7::0.0
TRACE::2024-07-19.19:03:09::SCWPlatform::Trying to set the existing hwdb with name design_1_wrapper_0
TRACE::2024-07-19.19:03:09::SCWPlatform::Opened existing hwdb design_1_wrapper_0
TRACE::2024-07-19.19:03:09::SCWPlatform::Found the Hw Db part of the input DSA
TRACE::2024-07-19.19:03:09::SCWMssOS::Checking the sw design at  E:/VIVADO_2022/Microblaze_Projects/PROJECTS/GPIO/design_1_wrapper/microblaze_0/standalone_microblaze_0/bsp/system.mss
TRACE::2024-07-19.19:03:09::SCWMssOS::DEBUG:  swdes dump  E:/VIVADO_2022/Microblaze_Projects/PROJECTS/GPIO/design_1_wrapper/microblaze_0/standalone_microblaze_0/bsp/system.mss|system||

TRACE::2024-07-19.19:03:09::SCWMssOS::Sw design exists and opened at  E:/VIVADO_2022/Microblaze_Projects/PROJECTS/GPIO/design_1_wrapper/microblaze_0/standalone_microblaze_0/bsp/system.mss
TRACE::2024-07-19.19:03:09::SCWPlatform::Trying to open the hw design at E:/VIVADO_2022/Microblaze_Projects/PROJECTS/GPIO/design_1_wrapper/hw/design_1_wrapper.xsa
TRACE::2024-07-19.19:03:09::SCWPlatform::DSA given E:/VIVADO_2022/Microblaze_Projects/PROJECTS/GPIO/design_1_wrapper/hw/design_1_wrapper.xsa
TRACE::2024-07-19.19:03:09::SCWPlatform::DSA absoulate path E:/VIVADO_2022/Microblaze_Projects/PROJECTS/GPIO/design_1_wrapper/hw/design_1_wrapper.xsa
TRACE::2024-07-19.19:03:09::SCWPlatform::DSA directory E:/VIVADO_2022/Microblaze_Projects/PROJECTS/GPIO/design_1_wrapper/hw
TRACE::2024-07-19.19:03:09::SCWPlatform:: Platform Path E:/VIVADO_2022/Microblaze_Projects/PROJECTS/GPIO/design_1_wrapper/hw/design_1_wrapper.xsa
TRACE::2024-07-19.19:03:09::SCWPlatform:: Unique name xilinx:edgea7::0.0
TRACE::2024-07-19.19:03:09::SCWPlatform::Trying to set the existing hwdb with name design_1_wrapper_0
TRACE::2024-07-19.19:03:09::SCWPlatform::Opened existing hwdb design_1_wrapper_0
TRACE::2024-07-19.19:03:09::SCWPlatform::Found the Hw Db part of the input DSA
TRACE::2024-07-19.19:03:09::SCWMssOS::Checking the sw design at  E:/VIVADO_2022/Microblaze_Projects/PROJECTS/GPIO/design_1_wrapper/microblaze_0/standalone_microblaze_0/bsp/system.mss
TRACE::2024-07-19.19:03:09::SCWMssOS::DEBUG:  swdes dump  E:/VIVADO_2022/Microblaze_Projects/PROJECTS/GPIO/design_1_wrapper/microblaze_0/standalone_microblaze_0/bsp/system.mss|system||

TRACE::2024-07-19.19:03:09::SCWMssOS::Sw design exists and opened at  E:/VIVADO_2022/Microblaze_Projects/PROJECTS/GPIO/design_1_wrapper/microblaze_0/standalone_microblaze_0/bsp/system.mss
TRACE::2024-07-19.19:03:09::SCWWriter::formatted JSON is {
	"platformName":	"design_1_wrapper",
	"sprVersion":	"2.0",
	"mode":	"gui",
	"dsaType":	"Fixed",
	"platformDesc":	"design_1_wrapper",
	"platHandOff":	"E:/VIVADO_2022/Microblaze_Projects/PROJECTS/GPIO/gpio/design_1_wrapper.xsa",
	"platIntHandOff":	"<platformDir>/hw/design_1_wrapper.xsa",
	"deviceType":	"FPGA",
	"platIsPrebuiltAutogen":	"false",
	"platIsNoBootBsp":	"false",
	"hasFsblMakeHasChanges":	"false",
	"hasPmufwMakeHasChanges":	"false",
	"platPreBuiltFlag":	false,
	"platformSamplesDir":	"",
	"platActiveSys":	"design_1_wrapper",
	"systems":	[{
			"systemName":	"design_1_wrapper",
			"systemDesc":	"design_1_wrapper",
			"sysIsBootAutoGen":	"true",
			"systemDispName":	"design_1_wrapper",
			"sysActiveDom":	"standalone_microblaze_0",
			"sysDefaultDom":	"standalone_microblaze_0",
			"domains":	[{
					"domainName":	"standalone_microblaze_0",
					"domainDispName":	"standalone_microblaze_0",
					"domainDesc":	"standalone_microblaze_0",
					"processors":	"microblaze_0",
					"os":	"standalone",
					"sdxOs":	"standalone",
					"debugEnable":	"False",
					"domRuntimes":	["cpp"],
					"swRepo":	"",
					"mssOsVer":	"8.0",
					"mssFile":	"",
					"md5Digest":	"d71f0390b049c5e98d3f47dfaddd10a6",
					"compatibleApp":	"hello_world",
					"domType":	"mssDomain",
					"arch":	"32-bit",
					"appSettings":	{
						"appCompilerFlags":	"",
						"appLinkerFlags":	""
					},
					"addedLibs":	[],
					"libOptions":	{
						"libsContainingOptions":	[]
					},
					"prebuiltLibs":	{
						"prebuiltIncPath":	[],
						"prebuiltLibPath":	[]
					},
					"isolation":	{
					}
				}]
		}]
}
TRACE::2024-07-19.19:03:09::SCWPlatform::Trying to open the hw design at E:/VIVADO_2022/Microblaze_Projects/PROJECTS/GPIO/design_1_wrapper/hw/design_1_wrapper.xsa
TRACE::2024-07-19.19:03:09::SCWPlatform::DSA given E:/VIVADO_2022/Microblaze_Projects/PROJECTS/GPIO/design_1_wrapper/hw/design_1_wrapper.xsa
TRACE::2024-07-19.19:03:09::SCWPlatform::DSA absoulate path E:/VIVADO_2022/Microblaze_Projects/PROJECTS/GPIO/design_1_wrapper/hw/design_1_wrapper.xsa
TRACE::2024-07-19.19:03:09::SCWPlatform::DSA directory E:/VIVADO_2022/Microblaze_Projects/PROJECTS/GPIO/design_1_wrapper/hw
TRACE::2024-07-19.19:03:09::SCWPlatform:: Platform Path E:/VIVADO_2022/Microblaze_Projects/PROJECTS/GPIO/design_1_wrapper/hw/design_1_wrapper.xsa
TRACE::2024-07-19.19:03:09::SCWPlatform:: Unique name xilinx:edgea7::0.0
TRACE::2024-07-19.19:03:09::SCWPlatform::Trying to set the existing hwdb with name design_1_wrapper_0
TRACE::2024-07-19.19:03:09::SCWPlatform::Opened existing hwdb design_1_wrapper_0
TRACE::2024-07-19.19:03:09::SCWPlatform::Found the Hw Db part of the input DSA
TRACE::2024-07-19.19:03:09::SCWMssOS::Checking the sw design at  E:/VIVADO_2022/Microblaze_Projects/PROJECTS/GPIO/design_1_wrapper/microblaze_0/standalone_microblaze_0/bsp/system.mss
TRACE::2024-07-19.19:03:09::SCWMssOS::DEBUG:  swdes dump  E:/VIVADO_2022/Microblaze_Projects/PROJECTS/GPIO/design_1_wrapper/microblaze_0/standalone_microblaze_0/bsp/system.mss|system||

TRACE::2024-07-19.19:03:09::SCWMssOS::Sw design exists and opened at  E:/VIVADO_2022/Microblaze_Projects/PROJECTS/GPIO/design_1_wrapper/microblaze_0/standalone_microblaze_0/bsp/system.mss
TRACE::2024-07-19.19:03:09::SCWPlatform::Trying to open the hw design at E:/VIVADO_2022/Microblaze_Projects/PROJECTS/GPIO/design_1_wrapper/hw/design_1_wrapper.xsa
TRACE::2024-07-19.19:03:09::SCWPlatform::DSA given E:/VIVADO_2022/Microblaze_Projects/PROJECTS/GPIO/design_1_wrapper/hw/design_1_wrapper.xsa
TRACE::2024-07-19.19:03:09::SCWPlatform::DSA absoulate path E:/VIVADO_2022/Microblaze_Projects/PROJECTS/GPIO/design_1_wrapper/hw/design_1_wrapper.xsa
TRACE::2024-07-19.19:03:09::SCWPlatform::DSA directory E:/VIVADO_2022/Microblaze_Projects/PROJECTS/GPIO/design_1_wrapper/hw
TRACE::2024-07-19.19:03:09::SCWPlatform:: Platform Path E:/VIVADO_2022/Microblaze_Projects/PROJECTS/GPIO/design_1_wrapper/hw/design_1_wrapper.xsa
TRACE::2024-07-19.19:03:09::SCWPlatform:: Unique name xilinx:edgea7::0.0
TRACE::2024-07-19.19:03:09::SCWPlatform::Trying to set the existing hwdb with name design_1_wrapper_0
TRACE::2024-07-19.19:03:09::SCWPlatform::Opened existing hwdb design_1_wrapper_0
TRACE::2024-07-19.19:03:09::SCWPlatform::Found the Hw Db part of the input DSA
TRACE::2024-07-19.19:03:09::SCWMssOS::Checking the sw design at  E:/VIVADO_2022/Microblaze_Projects/PROJECTS/GPIO/design_1_wrapper/microblaze_0/standalone_microblaze_0/bsp/system.mss
TRACE::2024-07-19.19:03:09::SCWMssOS::DEBUG:  swdes dump  E:/VIVADO_2022/Microblaze_Projects/PROJECTS/GPIO/design_1_wrapper/microblaze_0/standalone_microblaze_0/bsp/system.mss|system||

TRACE::2024-07-19.19:03:09::SCWMssOS::Sw design exists and opened at  E:/VIVADO_2022/Microblaze_Projects/PROJECTS/GPIO/design_1_wrapper/microblaze_0/standalone_microblaze_0/bsp/system.mss
TRACE::2024-07-19.19:03:09::SCWMssOS::Saving the mss changes E:/VIVADO_2022/Microblaze_Projects/PROJECTS/GPIO/design_1_wrapper/microblaze_0/standalone_microblaze_0/bsp/system.mss
TRACE::2024-07-19.19:03:09::SCWMssOS::Found a swdesign opened with the mssfile.
TRACE::2024-07-19.19:03:09::SCWMssOS::Completed writemss as part of save.
TRACE::2024-07-19.19:03:09::SCWMssOS::Commit changes completed.
TRACE::2024-07-19.19:03:09::SCWPlatform::Trying to open the hw design at E:/VIVADO_2022/Microblaze_Projects/PROJECTS/GPIO/design_1_wrapper/hw/design_1_wrapper.xsa
TRACE::2024-07-19.19:03:09::SCWPlatform::DSA given E:/VIVADO_2022/Microblaze_Projects/PROJECTS/GPIO/design_1_wrapper/hw/design_1_wrapper.xsa
TRACE::2024-07-19.19:03:09::SCWPlatform::DSA absoulate path E:/VIVADO_2022/Microblaze_Projects/PROJECTS/GPIO/design_1_wrapper/hw/design_1_wrapper.xsa
TRACE::2024-07-19.19:03:09::SCWPlatform::DSA directory E:/VIVADO_2022/Microblaze_Projects/PROJECTS/GPIO/design_1_wrapper/hw
TRACE::2024-07-19.19:03:09::SCWPlatform:: Platform Path E:/VIVADO_2022/Microblaze_Projects/PROJECTS/GPIO/design_1_wrapper/hw/design_1_wrapper.xsa
TRACE::2024-07-19.19:03:09::SCWPlatform:: Unique name xilinx:edgea7::0.0
TRACE::2024-07-19.19:03:09::SCWPlatform::Trying to set the existing hwdb with name design_1_wrapper_0
TRACE::2024-07-19.19:03:09::SCWPlatform::Opened existing hwdb design_1_wrapper_0
TRACE::2024-07-19.19:03:09::SCWPlatform::Found the Hw Db part of the input DSA
TRACE::2024-07-19.19:03:09::SCWMssOS::Checking the sw design at  E:/VIVADO_2022/Microblaze_Projects/PROJECTS/GPIO/design_1_wrapper/microblaze_0/standalone_microblaze_0/bsp/system.mss
TRACE::2024-07-19.19:03:09::SCWMssOS::DEBUG:  swdes dump  E:/VIVADO_2022/Microblaze_Projects/PROJECTS/GPIO/design_1_wrapper/microblaze_0/standalone_microblaze_0/bsp/system.mss|system||

TRACE::2024-07-19.19:03:09::SCWMssOS::Sw design exists and opened at  E:/VIVADO_2022/Microblaze_Projects/PROJECTS/GPIO/design_1_wrapper/microblaze_0/standalone_microblaze_0/bsp/system.mss
TRACE::2024-07-19.19:03:09::SCWPlatform::Trying to open the hw design at E:/VIVADO_2022/Microblaze_Projects/PROJECTS/GPIO/design_1_wrapper/hw/design_1_wrapper.xsa
TRACE::2024-07-19.19:03:09::SCWPlatform::DSA given E:/VIVADO_2022/Microblaze_Projects/PROJECTS/GPIO/design_1_wrapper/hw/design_1_wrapper.xsa
TRACE::2024-07-19.19:03:09::SCWPlatform::DSA absoulate path E:/VIVADO_2022/Microblaze_Projects/PROJECTS/GPIO/design_1_wrapper/hw/design_1_wrapper.xsa
TRACE::2024-07-19.19:03:09::SCWPlatform::DSA directory E:/VIVADO_2022/Microblaze_Projects/PROJECTS/GPIO/design_1_wrapper/hw
TRACE::2024-07-19.19:03:09::SCWPlatform:: Platform Path E:/VIVADO_2022/Microblaze_Projects/PROJECTS/GPIO/design_1_wrapper/hw/design_1_wrapper.xsa
TRACE::2024-07-19.19:03:09::SCWPlatform:: Unique name xilinx:edgea7::0.0
TRACE::2024-07-19.19:03:09::SCWPlatform::Trying to set the existing hwdb with name design_1_wrapper_0
TRACE::2024-07-19.19:03:09::SCWPlatform::Opened existing hwdb design_1_wrapper_0
TRACE::2024-07-19.19:03:09::SCWPlatform::Found the Hw Db part of the input DSA
TRACE::2024-07-19.19:03:09::SCWMssOS::Checking the sw design at  E:/VIVADO_2022/Microblaze_Projects/PROJECTS/GPIO/design_1_wrapper/microblaze_0/standalone_microblaze_0/bsp/system.mss
TRACE::2024-07-19.19:03:09::SCWMssOS::DEBUG:  swdes dump  E:/VIVADO_2022/Microblaze_Projects/PROJECTS/GPIO/design_1_wrapper/microblaze_0/standalone_microblaze_0/bsp/system.mss|system||

TRACE::2024-07-19.19:03:09::SCWMssOS::Sw design exists and opened at  E:/VIVADO_2022/Microblaze_Projects/PROJECTS/GPIO/design_1_wrapper/microblaze_0/standalone_microblaze_0/bsp/system.mss
TRACE::2024-07-19.19:03:09::SCWPlatform::Trying to open the hw design at E:/VIVADO_2022/Microblaze_Projects/PROJECTS/GPIO/design_1_wrapper/hw/design_1_wrapper.xsa
TRACE::2024-07-19.19:03:09::SCWPlatform::DSA given E:/VIVADO_2022/Microblaze_Projects/PROJECTS/GPIO/design_1_wrapper/hw/design_1_wrapper.xsa
TRACE::2024-07-19.19:03:09::SCWPlatform::DSA absoulate path E:/VIVADO_2022/Microblaze_Projects/PROJECTS/GPIO/design_1_wrapper/hw/design_1_wrapper.xsa
TRACE::2024-07-19.19:03:09::SCWPlatform::DSA directory E:/VIVADO_2022/Microblaze_Projects/PROJECTS/GPIO/design_1_wrapper/hw
TRACE::2024-07-19.19:03:09::SCWPlatform:: Platform Path E:/VIVADO_2022/Microblaze_Projects/PROJECTS/GPIO/design_1_wrapper/hw/design_1_wrapper.xsa
TRACE::2024-07-19.19:03:09::SCWPlatform:: Unique name xilinx:edgea7::0.0
TRACE::2024-07-19.19:03:09::SCWPlatform::Trying to set the existing hwdb with name design_1_wrapper_0
TRACE::2024-07-19.19:03:09::SCWPlatform::Opened existing hwdb design_1_wrapper_0
TRACE::2024-07-19.19:03:09::SCWPlatform::Found the Hw Db part of the input DSA
TRACE::2024-07-19.19:03:09::SCWMssOS::Checking the sw design at  E:/VIVADO_2022/Microblaze_Projects/PROJECTS/GPIO/design_1_wrapper/microblaze_0/standalone_microblaze_0/bsp/system.mss
TRACE::2024-07-19.19:03:09::SCWMssOS::DEBUG:  swdes dump  E:/VIVADO_2022/Microblaze_Projects/PROJECTS/GPIO/design_1_wrapper/microblaze_0/standalone_microblaze_0/bsp/system.mss|system||

TRACE::2024-07-19.19:03:09::SCWMssOS::Sw design exists and opened at  E:/VIVADO_2022/Microblaze_Projects/PROJECTS/GPIO/design_1_wrapper/microblaze_0/standalone_microblaze_0/bsp/system.mss
TRACE::2024-07-19.19:03:09::SCWWriter::formatted JSON is {
	"platformName":	"design_1_wrapper",
	"sprVersion":	"2.0",
	"mode":	"gui",
	"dsaType":	"Fixed",
	"platformDesc":	"design_1_wrapper",
	"platHandOff":	"E:/VIVADO_2022/Microblaze_Projects/PROJECTS/GPIO/gpio/design_1_wrapper.xsa",
	"platIntHandOff":	"<platformDir>/hw/design_1_wrapper.xsa",
	"deviceType":	"FPGA",
	"platIsPrebuiltAutogen":	"false",
	"platIsNoBootBsp":	"false",
	"hasFsblMakeHasChanges":	"false",
	"hasPmufwMakeHasChanges":	"false",
	"platPreBuiltFlag":	false,
	"platformSamplesDir":	"",
	"platActiveSys":	"design_1_wrapper",
	"systems":	[{
			"systemName":	"design_1_wrapper",
			"systemDesc":	"design_1_wrapper",
			"sysIsBootAutoGen":	"true",
			"systemDispName":	"design_1_wrapper",
			"sysActiveDom":	"standalone_microblaze_0",
			"sysDefaultDom":	"standalone_microblaze_0",
			"domains":	[{
					"domainName":	"standalone_microblaze_0",
					"domainDispName":	"standalone_microblaze_0",
					"domainDesc":	"standalone_microblaze_0",
					"processors":	"microblaze_0",
					"os":	"standalone",
					"sdxOs":	"standalone",
					"debugEnable":	"False",
					"domRuntimes":	["cpp"],
					"swRepo":	"",
					"mssOsVer":	"8.0",
					"mssFile":	"",
					"md5Digest":	"d71f0390b049c5e98d3f47dfaddd10a6",
					"compatibleApp":	"hello_world",
					"domType":	"mssDomain",
					"arch":	"32-bit",
					"appSettings":	{
						"appCompilerFlags":	"",
						"appLinkerFlags":	""
					},
					"addedLibs":	[],
					"libOptions":	{
						"libsContainingOptions":	[]
					},
					"prebuiltLibs":	{
						"prebuiltIncPath":	[],
						"prebuiltLibPath":	[]
					},
					"isolation":	{
					}
				}]
		}]
}
LOG::2024-07-19.19:03:10::SCWPlatform::Started generating the artifacts platform design_1_wrapper
TRACE::2024-07-19.19:03:10::SCWPlatform::Sanity checking of platform is completed
LOG::2024-07-19.19:03:10::SCWPlatform::Started generating the artifacts for system configuration design_1_wrapper
LOG::2024-07-19.19:03:10::SCWSystem::Started Processing the domain standalone_microblaze_0
TRACE::2024-07-19.19:03:10::SCWDomain::Generating domain artifcats
TRACE::2024-07-19.19:03:10::SCWMssOS::Generating standalone artifcats
TRACE::2024-07-19.19:03:10::SCWMssOS:: Copying the user libraries. 
TRACE::2024-07-19.19:03:10::SCWPlatform::Trying to open the hw design at E:/VIVADO_2022/Microblaze_Projects/PROJECTS/GPIO/design_1_wrapper/hw/design_1_wrapper.xsa
TRACE::2024-07-19.19:03:10::SCWPlatform::DSA given E:/VIVADO_2022/Microblaze_Projects/PROJECTS/GPIO/design_1_wrapper/hw/design_1_wrapper.xsa
TRACE::2024-07-19.19:03:10::SCWPlatform::DSA absoulate path E:/VIVADO_2022/Microblaze_Projects/PROJECTS/GPIO/design_1_wrapper/hw/design_1_wrapper.xsa
TRACE::2024-07-19.19:03:10::SCWPlatform::DSA directory E:/VIVADO_2022/Microblaze_Projects/PROJECTS/GPIO/design_1_wrapper/hw
TRACE::2024-07-19.19:03:10::SCWPlatform:: Platform Path E:/VIVADO_2022/Microblaze_Projects/PROJECTS/GPIO/design_1_wrapper/hw/design_1_wrapper.xsa
TRACE::2024-07-19.19:03:10::SCWPlatform:: Unique name xilinx:edgea7::0.0
TRACE::2024-07-19.19:03:10::SCWPlatform::Trying to set the existing hwdb with name design_1_wrapper_0
TRACE::2024-07-19.19:03:10::SCWPlatform::Opened existing hwdb design_1_wrapper_0
TRACE::2024-07-19.19:03:10::SCWPlatform::Found the Hw Db part of the input DSA
TRACE::2024-07-19.19:03:10::SCWMssOS::Checking the sw design at  E:/VIVADO_2022/Microblaze_Projects/PROJECTS/GPIO/design_1_wrapper/microblaze_0/standalone_microblaze_0/bsp/system.mss
TRACE::2024-07-19.19:03:10::SCWMssOS::DEBUG:  swdes dump  E:/VIVADO_2022/Microblaze_Projects/PROJECTS/GPIO/design_1_wrapper/microblaze_0/standalone_microblaze_0/bsp/system.mss|system||

TRACE::2024-07-19.19:03:10::SCWMssOS::Sw design exists and opened at  E:/VIVADO_2022/Microblaze_Projects/PROJECTS/GPIO/design_1_wrapper/microblaze_0/standalone_microblaze_0/bsp/system.mss
TRACE::2024-07-19.19:03:10::SCWMssOS::Completed writing the mss file at E:/VIVADO_2022/Microblaze_Projects/PROJECTS/GPIO/design_1_wrapper/microblaze_0/standalone_microblaze_0/bsp
TRACE::2024-07-19.19:03:10::SCWMssOS::Mss edits present, copying mssfile into export location E:/VIVADO_2022/Microblaze_Projects/PROJECTS/GPIO/design_1_wrapper/microblaze_0/standalone_microblaze_0/bsp/system.mss
TRACE::2024-07-19.19:03:10::SCWMssOS::bsp generated is upto date with the mss file. Skipping bsp generation.
TRACE::2024-07-19.19:03:10::SCWMssOS::BSP is already built. skipping the bsp build ... 
TRACE::2024-07-19.19:03:10::SCWDomain::Building the domain as part of full build :  standalone_microblaze_0
TRACE::2024-07-19.19:03:10::SCWMssOS::skipping the bsp build ... 
TRACE::2024-07-19.19:03:10::SCWMssOS::Copying to export directory.
TRACE::2024-07-19.19:03:10::SCWMssOS:: Checking if to create the Supporting Applications
TRACE::2024-07-19.19:03:10::SCWMssOS:: No Linux domain exists, trying to generate FSBL 
LOG::2024-07-19.19:03:10::SCWSystem::Completed Processing the domain standalone_microblaze_0
LOG::2024-07-19.19:03:10::SCWSystem::Completed Processing the sysconfig design_1_wrapper
LOG::2024-07-19.19:03:10::SCWPlatform::Completed generating the artifacts for system configuration design_1_wrapper
TRACE::2024-07-19.19:03:10::SCWPlatform::Started preparing the platform 
TRACE::2024-07-19.19:03:10::SCWSystem::Writing the bif file for system config design_1_wrapper
TRACE::2024-07-19.19:03:10::SCWSystem::dir created 
TRACE::2024-07-19.19:03:10::SCWSystem::Writing the bif 
TRACE::2024-07-19.19:03:10::SCWPlatform::Started writing the spfm file 
TRACE::2024-07-19.19:03:10::SCWPlatform::Started writing the xpfm file 
TRACE::2024-07-19.19:03:10::SCWPlatform::Completed generating the platform
TRACE::2024-07-19.19:03:10::SCWMssOS::Saving the mss changes E:/VIVADO_2022/Microblaze_Projects/PROJECTS/GPIO/design_1_wrapper/microblaze_0/standalone_microblaze_0/bsp/system.mss
TRACE::2024-07-19.19:03:10::SCWMssOS::Found a swdesign opened with the mssfile.
TRACE::2024-07-19.19:03:10::SCWMssOS::Completed writemss as part of save.
TRACE::2024-07-19.19:03:10::SCWMssOS::Commit changes completed.
TRACE::2024-07-19.19:03:10::SCWPlatform::Trying to open the hw design at E:/VIVADO_2022/Microblaze_Projects/PROJECTS/GPIO/design_1_wrapper/hw/design_1_wrapper.xsa
TRACE::2024-07-19.19:03:10::SCWPlatform::DSA given E:/VIVADO_2022/Microblaze_Projects/PROJECTS/GPIO/design_1_wrapper/hw/design_1_wrapper.xsa
TRACE::2024-07-19.19:03:10::SCWPlatform::DSA absoulate path E:/VIVADO_2022/Microblaze_Projects/PROJECTS/GPIO/design_1_wrapper/hw/design_1_wrapper.xsa
TRACE::2024-07-19.19:03:10::SCWPlatform::DSA directory E:/VIVADO_2022/Microblaze_Projects/PROJECTS/GPIO/design_1_wrapper/hw
TRACE::2024-07-19.19:03:10::SCWPlatform:: Platform Path E:/VIVADO_2022/Microblaze_Projects/PROJECTS/GPIO/design_1_wrapper/hw/design_1_wrapper.xsa
TRACE::2024-07-19.19:03:10::SCWPlatform:: Unique name xilinx:edgea7::0.0
TRACE::2024-07-19.19:03:10::SCWPlatform::Trying to set the existing hwdb with name design_1_wrapper_0
TRACE::2024-07-19.19:03:10::SCWPlatform::Opened existing hwdb design_1_wrapper_0
TRACE::2024-07-19.19:03:10::SCWPlatform::Found the Hw Db part of the input DSA
TRACE::2024-07-19.19:03:10::SCWMssOS::Checking the sw design at  E:/VIVADO_2022/Microblaze_Projects/PROJECTS/GPIO/design_1_wrapper/microblaze_0/standalone_microblaze_0/bsp/system.mss
TRACE::2024-07-19.19:03:10::SCWMssOS::DEBUG:  swdes dump  E:/VIVADO_2022/Microblaze_Projects/PROJECTS/GPIO/design_1_wrapper/microblaze_0/standalone_microblaze_0/bsp/system.mss|system||

TRACE::2024-07-19.19:03:10::SCWMssOS::Sw design exists and opened at  E:/VIVADO_2022/Microblaze_Projects/PROJECTS/GPIO/design_1_wrapper/microblaze_0/standalone_microblaze_0/bsp/system.mss
TRACE::2024-07-19.19:03:10::SCWPlatform::Trying to open the hw design at E:/VIVADO_2022/Microblaze_Projects/PROJECTS/GPIO/design_1_wrapper/hw/design_1_wrapper.xsa
TRACE::2024-07-19.19:03:10::SCWPlatform::DSA given E:/VIVADO_2022/Microblaze_Projects/PROJECTS/GPIO/design_1_wrapper/hw/design_1_wrapper.xsa
TRACE::2024-07-19.19:03:10::SCWPlatform::DSA absoulate path E:/VIVADO_2022/Microblaze_Projects/PROJECTS/GPIO/design_1_wrapper/hw/design_1_wrapper.xsa
TRACE::2024-07-19.19:03:10::SCWPlatform::DSA directory E:/VIVADO_2022/Microblaze_Projects/PROJECTS/GPIO/design_1_wrapper/hw
TRACE::2024-07-19.19:03:10::SCWPlatform:: Platform Path E:/VIVADO_2022/Microblaze_Projects/PROJECTS/GPIO/design_1_wrapper/hw/design_1_wrapper.xsa
TRACE::2024-07-19.19:03:10::SCWPlatform:: Unique name xilinx:edgea7::0.0
TRACE::2024-07-19.19:03:10::SCWPlatform::Trying to set the existing hwdb with name design_1_wrapper_0
TRACE::2024-07-19.19:03:10::SCWPlatform::Opened existing hwdb design_1_wrapper_0
TRACE::2024-07-19.19:03:10::SCWPlatform::Found the Hw Db part of the input DSA
TRACE::2024-07-19.19:03:10::SCWMssOS::Checking the sw design at  E:/VIVADO_2022/Microblaze_Projects/PROJECTS/GPIO/design_1_wrapper/microblaze_0/standalone_microblaze_0/bsp/system.mss
TRACE::2024-07-19.19:03:10::SCWMssOS::DEBUG:  swdes dump  E:/VIVADO_2022/Microblaze_Projects/PROJECTS/GPIO/design_1_wrapper/microblaze_0/standalone_microblaze_0/bsp/system.mss|system||

TRACE::2024-07-19.19:03:10::SCWMssOS::Sw design exists and opened at  E:/VIVADO_2022/Microblaze_Projects/PROJECTS/GPIO/design_1_wrapper/microblaze_0/standalone_microblaze_0/bsp/system.mss
TRACE::2024-07-19.19:03:10::SCWPlatform::Trying to open the hw design at E:/VIVADO_2022/Microblaze_Projects/PROJECTS/GPIO/design_1_wrapper/hw/design_1_wrapper.xsa
TRACE::2024-07-19.19:03:10::SCWPlatform::DSA given E:/VIVADO_2022/Microblaze_Projects/PROJECTS/GPIO/design_1_wrapper/hw/design_1_wrapper.xsa
TRACE::2024-07-19.19:03:10::SCWPlatform::DSA absoulate path E:/VIVADO_2022/Microblaze_Projects/PROJECTS/GPIO/design_1_wrapper/hw/design_1_wrapper.xsa
TRACE::2024-07-19.19:03:10::SCWPlatform::DSA directory E:/VIVADO_2022/Microblaze_Projects/PROJECTS/GPIO/design_1_wrapper/hw
TRACE::2024-07-19.19:03:10::SCWPlatform:: Platform Path E:/VIVADO_2022/Microblaze_Projects/PROJECTS/GPIO/design_1_wrapper/hw/design_1_wrapper.xsa
TRACE::2024-07-19.19:03:10::SCWPlatform:: Unique name xilinx:edgea7::0.0
TRACE::2024-07-19.19:03:10::SCWPlatform::Trying to set the existing hwdb with name design_1_wrapper_0
TRACE::2024-07-19.19:03:10::SCWPlatform::Opened existing hwdb design_1_wrapper_0
TRACE::2024-07-19.19:03:10::SCWPlatform::Found the Hw Db part of the input DSA
TRACE::2024-07-19.19:03:10::SCWMssOS::Checking the sw design at  E:/VIVADO_2022/Microblaze_Projects/PROJECTS/GPIO/design_1_wrapper/microblaze_0/standalone_microblaze_0/bsp/system.mss
TRACE::2024-07-19.19:03:10::SCWMssOS::DEBUG:  swdes dump  E:/VIVADO_2022/Microblaze_Projects/PROJECTS/GPIO/design_1_wrapper/microblaze_0/standalone_microblaze_0/bsp/system.mss|system||

TRACE::2024-07-19.19:03:10::SCWMssOS::Sw design exists and opened at  E:/VIVADO_2022/Microblaze_Projects/PROJECTS/GPIO/design_1_wrapper/microblaze_0/standalone_microblaze_0/bsp/system.mss
TRACE::2024-07-19.19:03:10::SCWWriter::formatted JSON is {
	"platformName":	"design_1_wrapper",
	"sprVersion":	"2.0",
	"mode":	"gui",
	"dsaType":	"Fixed",
	"platformDesc":	"design_1_wrapper",
	"platHandOff":	"E:/VIVADO_2022/Microblaze_Projects/PROJECTS/GPIO/gpio/design_1_wrapper.xsa",
	"platIntHandOff":	"<platformDir>/hw/design_1_wrapper.xsa",
	"deviceType":	"FPGA",
	"platIsPrebuiltAutogen":	"false",
	"platIsNoBootBsp":	"false",
	"hasFsblMakeHasChanges":	"false",
	"hasPmufwMakeHasChanges":	"false",
	"platPreBuiltFlag":	false,
	"platformSamplesDir":	"",
	"platActiveSys":	"design_1_wrapper",
	"systems":	[{
			"systemName":	"design_1_wrapper",
			"systemDesc":	"design_1_wrapper",
			"sysIsBootAutoGen":	"true",
			"systemDispName":	"design_1_wrapper",
			"sysActiveDom":	"standalone_microblaze_0",
			"sysDefaultDom":	"standalone_microblaze_0",
			"domains":	[{
					"domainName":	"standalone_microblaze_0",
					"domainDispName":	"standalone_microblaze_0",
					"domainDesc":	"standalone_microblaze_0",
					"processors":	"microblaze_0",
					"os":	"standalone",
					"sdxOs":	"standalone",
					"debugEnable":	"False",
					"domRuntimes":	["cpp"],
					"swRepo":	"",
					"mssOsVer":	"8.0",
					"mssFile":	"",
					"md5Digest":	"d71f0390b049c5e98d3f47dfaddd10a6",
					"compatibleApp":	"hello_world",
					"domType":	"mssDomain",
					"arch":	"32-bit",
					"appSettings":	{
						"appCompilerFlags":	"",
						"appLinkerFlags":	""
					},
					"addedLibs":	[],
					"libOptions":	{
						"libsContainingOptions":	[]
					},
					"prebuiltLibs":	{
						"prebuiltIncPath":	[],
						"prebuiltLibPath":	[]
					},
					"isolation":	{
					}
				}]
		}]
}
KEYINFO::2024-07-19.19:03:10::SCWPlatform::updated the xpfm file.
LOG::2024-07-19.19:04:29::SCWPlatform::Started generating the artifacts platform design_1_wrapper
TRACE::2024-07-19.19:04:29::SCWPlatform::Sanity checking of platform is completed
LOG::2024-07-19.19:04:29::SCWPlatform::Started generating the artifacts for system configuration design_1_wrapper
LOG::2024-07-19.19:04:29::SCWSystem::Checking the domain standalone_microblaze_0
LOG::2024-07-19.19:04:29::SCWSystem::Not a boot domain 
LOG::2024-07-19.19:04:29::SCWSystem::Started Processing the domain standalone_microblaze_0
TRACE::2024-07-19.19:04:29::SCWDomain::Generating domain artifcats
TRACE::2024-07-19.19:04:29::SCWMssOS::Generating standalone artifcats
TRACE::2024-07-19.19:04:29::SCWMssOS:: Copying the user libraries. 
TRACE::2024-07-19.19:04:29::SCWPlatform::Trying to open the hw design at E:/VIVADO_2022/Microblaze_Projects/PROJECTS/GPIO/design_1_wrapper/hw/design_1_wrapper.xsa
TRACE::2024-07-19.19:04:29::SCWPlatform::DSA given E:/VIVADO_2022/Microblaze_Projects/PROJECTS/GPIO/design_1_wrapper/hw/design_1_wrapper.xsa
TRACE::2024-07-19.19:04:29::SCWPlatform::DSA absoulate path E:/VIVADO_2022/Microblaze_Projects/PROJECTS/GPIO/design_1_wrapper/hw/design_1_wrapper.xsa
TRACE::2024-07-19.19:04:29::SCWPlatform::DSA directory E:/VIVADO_2022/Microblaze_Projects/PROJECTS/GPIO/design_1_wrapper/hw
TRACE::2024-07-19.19:04:29::SCWPlatform:: Platform Path E:/VIVADO_2022/Microblaze_Projects/PROJECTS/GPIO/design_1_wrapper/hw/design_1_wrapper.xsa
TRACE::2024-07-19.19:04:29::SCWPlatform:: Unique name xilinx:edgea7::0.0
TRACE::2024-07-19.19:04:29::SCWPlatform::Trying to set the existing hwdb with name design_1_wrapper_0
TRACE::2024-07-19.19:04:29::SCWPlatform::Opened existing hwdb design_1_wrapper_0
TRACE::2024-07-19.19:04:29::SCWPlatform::Found the Hw Db part of the input DSA
TRACE::2024-07-19.19:04:29::SCWMssOS::Checking the sw design at  E:/VIVADO_2022/Microblaze_Projects/PROJECTS/GPIO/design_1_wrapper/microblaze_0/standalone_microblaze_0/bsp/system.mss
TRACE::2024-07-19.19:04:29::SCWMssOS::DEBUG:  swdes dump  E:/VIVADO_2022/Microblaze_Projects/PROJECTS/GPIO/design_1_wrapper/microblaze_0/standalone_microblaze_0/bsp/system.mss|system||

TRACE::2024-07-19.19:04:29::SCWMssOS::Sw design exists and opened at  E:/VIVADO_2022/Microblaze_Projects/PROJECTS/GPIO/design_1_wrapper/microblaze_0/standalone_microblaze_0/bsp/system.mss
TRACE::2024-07-19.19:04:29::SCWMssOS::Completed writing the mss file at E:/VIVADO_2022/Microblaze_Projects/PROJECTS/GPIO/design_1_wrapper/microblaze_0/standalone_microblaze_0/bsp
TRACE::2024-07-19.19:04:29::SCWMssOS::Mss edits present, copying mssfile into export location E:/VIVADO_2022/Microblaze_Projects/PROJECTS/GPIO/design_1_wrapper/microblaze_0/standalone_microblaze_0/bsp/system.mss
TRACE::2024-07-19.19:04:29::SCWMssOS::bsp generated is upto date with the mss file. Skipping bsp generation.
TRACE::2024-07-19.19:04:29::SCWMssOS::BSP is already built. skipping the bsp build ... 
TRACE::2024-07-19.19:04:29::SCWDomain::Building the domain as part of full build :  standalone_microblaze_0
TRACE::2024-07-19.19:04:29::SCWMssOS::doing bsp build ... 
TRACE::2024-07-19.19:04:29::SCWMssOS::System Command Ran  E: & cd  E:/VIVADO_2022/Microblaze_Projects/PROJECTS/GPIO/design_1_wrapper/microblaze_0/standalone_microblaze_0/bsp & make 
TRACE::2024-07-19.19:04:31::SCWMssOS::make --no-print-directory seq_libs

TRACE::2024-07-19.19:04:31::SCWMssOS::'Finished building libraries sequentially.'

TRACE::2024-07-19.19:04:31::SCWMssOS::make -j 2 --no-print-directory par_libs

TRACE::2024-07-19.19:04:31::SCWMssOS::"Running Make include in microblaze_0/libsrc/bram_v4_8/src"

TRACE::2024-07-19.19:04:31::SCWMssOS::make -C microblaze_0/libsrc/bram_v4_8/src -s include  "SHELL=CMD" "COMPILER=mb-gcc" "ASSEMBLER=mb-as" "ARCHIVER=mb-ar" "COMPILE
TRACE::2024-07-19.19:04:31::SCWMssOS::R_FLAGS=  -O2 -c -mcpu=v11.0 -mlittle-endian -mxl-soft-mul" "EXTRA_COMPILER_FLAGS=-g -ffunction-sections -fdata-sections -Wall 
TRACE::2024-07-19.19:04:31::SCWMssOS::-Wextra -fno-tree-loop-distribute-patterns"

TRACE::2024-07-19.19:04:31::SCWMssOS::"Running Make include in microblaze_0/libsrc/cpu_v2_16/src"

TRACE::2024-07-19.19:04:31::SCWMssOS::make -C microblaze_0/libsrc/cpu_v2_16/src -s include  "SHELL=CMD" "COMPILER=mb-gcc" "ASSEMBLER=mb-as" "ARCHIVER=mb-ar" "COMPILE
TRACE::2024-07-19.19:04:31::SCWMssOS::R_FLAGS=  -O2 -c -mcpu=v11.0 -mlittle-endian -mxl-soft-mul" "EXTRA_COMPILER_FLAGS=-g -ffunction-sections -fdata-sections -Wall 
TRACE::2024-07-19.19:04:31::SCWMssOS::-Wextra -fno-tree-loop-distribute-patterns"

TRACE::2024-07-19.19:04:32::SCWMssOS::"Running Make include in microblaze_0/libsrc/gpio_v4_9/src"

TRACE::2024-07-19.19:04:32::SCWMssOS::make -C microblaze_0/libsrc/gpio_v4_9/src -s include  "SHELL=CMD" "COMPILER=mb-gcc" "ASSEMBLER=mb-as" "ARCHIVER=mb-ar" "COMPILE
TRACE::2024-07-19.19:04:32::SCWMssOS::R_FLAGS=  -O2 -c -mcpu=v11.0 -mlittle-endian -mxl-soft-mul" "EXTRA_COMPILER_FLAGS=-g -ffunction-sections -fdata-sections -Wall 
TRACE::2024-07-19.19:04:32::SCWMssOS::-Wextra -fno-tree-loop-distribute-patterns"

TRACE::2024-07-19.19:04:32::SCWMssOS::"Running Make include in microblaze_0/libsrc/intc_v3_15/src"

TRACE::2024-07-19.19:04:32::SCWMssOS::make -C microblaze_0/libsrc/intc_v3_15/src -s include  "SHELL=CMD" "COMPILER=mb-gcc" "ASSEMBLER=mb-as" "ARCHIVER=mb-ar" "COMPIL
TRACE::2024-07-19.19:04:32::SCWMssOS::ER_FLAGS=  -O2 -c -mcpu=v11.0 -mlittle-endian -mxl-soft-mul" "EXTRA_COMPILER_FLAGS=-g -ffunction-sections -fdata-sections -Wall
TRACE::2024-07-19.19:04:32::SCWMssOS:: -Wextra -fno-tree-loop-distribute-patterns"

TRACE::2024-07-19.19:04:32::SCWMssOS::"Running Make include in microblaze_0/libsrc/standalone_v8_0/src"

TRACE::2024-07-19.19:04:32::SCWMssOS::make -C microblaze_0/libsrc/standalone_v8_0/src -s include  "SHELL=CMD" "COMPILER=mb-gcc" "ASSEMBLER=mb-as" "ARCHIVER=mb-ar" "C
TRACE::2024-07-19.19:04:32::SCWMssOS::OMPILER_FLAGS=  -O2 -c -mcpu=v11.0 -mlittle-endian -mxl-soft-mul" "EXTRA_COMPILER_FLAGS=-g -ffunction-sections -fdata-sections 
TRACE::2024-07-19.19:04:32::SCWMssOS::-Wall -Wextra -fno-tree-loop-distribute-patterns"

TRACE::2024-07-19.19:04:32::SCWMssOS::"Running Make include in microblaze_0/libsrc/uartlite_v3_7/src"

TRACE::2024-07-19.19:04:32::SCWMssOS::make -C microblaze_0/libsrc/uartlite_v3_7/src -s include  "SHELL=CMD" "COMPILER=mb-gcc" "ASSEMBLER=mb-as" "ARCHIVER=mb-ar" "COM
TRACE::2024-07-19.19:04:32::SCWMssOS::PILER_FLAGS=  -O2 -c -mcpu=v11.0 -mlittle-endian -mxl-soft-mul" "EXTRA_COMPILER_FLAGS=-g -ffunction-sections -fdata-sections -W
TRACE::2024-07-19.19:04:32::SCWMssOS::all -Wextra -fno-tree-loop-distribute-patterns"

TRACE::2024-07-19.19:04:34::SCWMssOS::"Running Make libs in microblaze_0/libsrc/bram_v4_8/src"

TRACE::2024-07-19.19:04:34::SCWMssOS::make -C microblaze_0/libsrc/bram_v4_8/src -s libs  "SHELL=CMD" "COMPILER=mb-gcc" "ASSEMBLER=mb-as" "ARCHIVER=mb-ar" "COMPILER_F
TRACE::2024-07-19.19:04:34::SCWMssOS::LAGS=  -O2 -c -mcpu=v11.0 -mlittle-endian -mxl-soft-mul" "EXTRA_COMPILER_FLAGS=-g -ffunction-sections -fdata-sections -Wall -We
TRACE::2024-07-19.19:04:34::SCWMssOS::xtra -fno-tree-loop-distribute-patterns"

TRACE::2024-07-19.19:04:34::SCWMssOS::"Running Make libs in microblaze_0/libsrc/cpu_v2_16/src"

TRACE::2024-07-19.19:04:34::SCWMssOS::make -C microblaze_0/libsrc/cpu_v2_16/src -s libs  "SHELL=CMD" "COMPILER=mb-gcc" "ASSEMBLER=mb-as" "ARCHIVER=mb-ar" "COMPILER_F
TRACE::2024-07-19.19:04:34::SCWMssOS::LAGS=  -O2 -c -mcpu=v11.0 -mlittle-endian -mxl-soft-mul" "EXTRA_COMPILER_FLAGS=-g -ffunction-sections -fdata-sections -Wall -We
TRACE::2024-07-19.19:04:34::SCWMssOS::xtra -fno-tree-loop-distribute-patterns"

TRACE::2024-07-19.19:04:38::SCWMssOS::"Running Make libs in microblaze_0/libsrc/gpio_v4_9/src"

TRACE::2024-07-19.19:04:38::SCWMssOS::make -C microblaze_0/libsrc/gpio_v4_9/src -s libs  "SHELL=CMD" "COMPILER=mb-gcc" "ASSEMBLER=mb-as" "ARCHIVER=mb-ar" "COMPILER_F
TRACE::2024-07-19.19:04:38::SCWMssOS::LAGS=  -O2 -c -mcpu=v11.0 -mlittle-endian -mxl-soft-mul" "EXTRA_COMPILER_FLAGS=-g -ffunction-sections -fdata-sections -Wall -We
TRACE::2024-07-19.19:04:38::SCWMssOS::xtra -fno-tree-loop-distribute-patterns"

TRACE::2024-07-19.19:04:38::SCWMssOS::"Running Make libs in microblaze_0/libsrc/intc_v3_15/src"

TRACE::2024-07-19.19:04:38::SCWMssOS::make -C microblaze_0/libsrc/intc_v3_15/src -s libs  "SHELL=CMD" "COMPILER=mb-gcc" "ASSEMBLER=mb-as" "ARCHIVER=mb-ar" "COMPILER_
TRACE::2024-07-19.19:04:38::SCWMssOS::FLAGS=  -O2 -c -mcpu=v11.0 -mlittle-endian -mxl-soft-mul" "EXTRA_COMPILER_FLAGS=-g -ffunction-sections -fdata-sections -Wall -W
TRACE::2024-07-19.19:04:38::SCWMssOS::extra -fno-tree-loop-distribute-patterns"

TRACE::2024-07-19.19:04:40::SCWMssOS::"Running Make libs in microblaze_0/libsrc/standalone_v8_0/src"

TRACE::2024-07-19.19:04:40::SCWMssOS::make -C microblaze_0/libsrc/standalone_v8_0/src -s libs  "SHELL=CMD" "COMPILER=mb-gcc" "ASSEMBLER=mb-as" "ARCHIVER=mb-ar" "COMP
TRACE::2024-07-19.19:04:40::SCWMssOS::ILER_FLAGS=  -O2 -c -mcpu=v11.0 -mlittle-endian -mxl-soft-mul" "EXTRA_COMPILER_FLAGS=-g -ffunction-sections -fdata-sections -Wa
TRACE::2024-07-19.19:04:40::SCWMssOS::ll -Wextra -fno-tree-loop-distribute-patterns"

TRACE::2024-07-19.19:04:41::SCWMssOS::"Running Make libs in microblaze_0/libsrc/uartlite_v3_7/src"

TRACE::2024-07-19.19:04:41::SCWMssOS::make -C microblaze_0/libsrc/uartlite_v3_7/src -s libs  "SHELL=CMD" "COMPILER=mb-gcc" "ASSEMBLER=mb-as" "ARCHIVER=mb-ar" "COMPIL
TRACE::2024-07-19.19:04:41::SCWMssOS::ER_FLAGS=  -O2 -c -mcpu=v11.0 -mlittle-endian -mxl-soft-mul" "EXTRA_COMPILER_FLAGS=-g -ffunction-sections -fdata-sections -Wall
TRACE::2024-07-19.19:04:41::SCWMssOS:: -Wextra -fno-tree-loop-distribute-patterns"

TRACE::2024-07-19.19:04:49::SCWMssOS::"DEBUG NON_LTO_OBJECTS is ../../../lib/microblaze_interrupt_handler.o"

TRACE::2024-07-19.19:04:50::SCWMssOS::'Finished building libraries parallelly.'

TRACE::2024-07-19.19:04:50::SCWMssOS::make --no-print-directory archive

TRACE::2024-07-19.19:04:50::SCWMssOS::mb-ar -r  microblaze_0/lib/libxil.a microblaze_0/lib/_exit.o microblaze_0/lib/errno.o microblaze_0/lib/fcntl.o microblaze_0/lib
TRACE::2024-07-19.19:04:50::SCWMssOS::/hw_exception_handler.o microblaze_0/lib/inbyte.o microblaze_0/lib/microblaze_disable_dcache.o microblaze_0/lib/microblaze_disa
TRACE::2024-07-19.19:04:50::SCWMssOS::ble_exceptions.o microblaze_0/lib/microblaze_disable_icache.o microblaze_0/lib/microblaze_disable_interrupts.o microblaze_0/lib
TRACE::2024-07-19.19:04:50::SCWMssOS::/microblaze_enable_dcache.o microblaze_0/lib/microblaze_enable_exceptions.o microblaze_0/lib/microblaze_enable_icache.o microbl
TRACE::2024-07-19.19:04:50::SCWMssOS::aze_0/lib/microblaze_enable_interrupts.o microblaze_0/lib/microblaze_exception_handler.o microblaze_0/lib/microblaze_flush_cach
TRACE::2024-07-19.19:04:50::SCWMssOS::e_ext.o microblaze_0/lib/microblaze_flush_cache_ext_range.o microblaze_0/lib/microblaze_flush_dcache.o microblaze_0/lib/microbl
TRACE::2024-07-19.19:04:50::SCWMssOS::aze_flush_dcache_range.o microblaze_0/lib/microblaze_init_dcache_range.o microblaze_0/lib/microblaze_init_icache_range.o microb
TRACE::2024-07-19.19:04:50::SCWMssOS::laze_0/lib/microblaze_interrupt_handler.o microblaze_0/lib/microblaze_interrupts_g.o microblaze_0/lib/microblaze_invalidate_cac
TRACE::2024-07-19.19:04:50::SCWMssOS::he_ext.o microblaze_0/lib/microblaze_invalidate_cache_ext_range.o microblaze_0/lib/microblaze_invalidate_dcache.o microblaze_0/
TRACE::2024-07-19.19:04:50::SCWMssOS::lib/microblaze_invalidate_dcache_range.o microblaze_0/lib/microblaze_invalidate_icache.o microblaze_0/lib/microblaze_invalidate
TRACE::2024-07-19.19:04:50::SCWMssOS::_icache_range.o microblaze_0/lib/microblaze_scrub.o microblaze_0/lib/microblaze_selftest.o microblaze_0/lib/microblaze_sleep.o 
TRACE::2024-07-19.19:04:50::SCWMssOS::microblaze_0/lib/microblaze_update_dcache.o microblaze_0/lib/microblaze_update_icache.o microblaze_0/lib/outbyte.o microblaze_0
TRACE::2024-07-19.19:04:50::SCWMssOS::/lib/print.o microblaze_0/lib/pvr.o microblaze_0/lib/xbram.o microblaze_0/lib/xbram_g.o microblaze_0/lib/xbram_intr.o microblaz
TRACE::2024-07-19.19:04:50::SCWMssOS::e_0/lib/xbram_selftest.o microblaze_0/lib/xbram_sinit.o microblaze_0/lib/xgpio.o microblaze_0/lib/xgpio_extra.o microblaze_0/li
TRACE::2024-07-19.19:04:50::SCWMssOS::b/xgpio_g.o microblaze_0/lib/xgpio_intr.o microblaze_0/lib/xgpio_selftest.o microblaze_0/lib/xgpio_sinit.o microblaze_0/lib/xil
TRACE::2024-07-19.19:04:50::SCWMssOS::_assert.o microblaze_0/lib/xil_cache.o microblaze_0/lib/xil_clocking.o microblaze_0/lib/xil_exception.o microblaze_0/lib/xil_me
TRACE::2024-07-19.19:04:50::SCWMssOS::m.o microblaze_0/lib/xil_misc_psreset_api.o microblaze_0/lib/xil_printf.o microblaze_0/lib/xil_sleepcommon.o microblaze_0/lib/x
TRACE::2024-07-19.19:04:50::SCWMssOS::il_testcache.o microblaze_0/lib/xil_testio.o microblaze_0/lib/xil_testmem.o microblaze_0/lib/xil_util.o microblaze_0/lib/xintc.
TRACE::2024-07-19.19:04:50::SCWMssOS::o microblaze_0/lib/xintc_g.o microblaze_0/lib/xintc_intr.o microblaze_0/lib/xintc_l.o microblaze_0/lib/xintc_options.o microbla
TRACE::2024-07-19.19:04:50::SCWMssOS::ze_0/lib/xintc_selftest.o microblaze_0/lib/xinterrupt_wrap.o microblaze_0/lib/xio.o microblaze_0/lib/xplatform_info.o microblaz
TRACE::2024-07-19.19:04:50::SCWMssOS::e_0/lib/xuartlite.o microblaze_0/lib/xuartlite_g.o microblaze_0/lib/xuartlite_intr.o microblaze_0/lib/xuartlite_l.o microblaze_
TRACE::2024-07-19.19:04:50::SCWMssOS::0/lib/xuartlite_selftest.o microblaze_0/lib/xuartlite_sinit.o microblaze_0/lib/xuartlite_stats.o

TRACE::2024-07-19.19:04:50::SCWMssOS::'Finished building libraries'

TRACE::2024-07-19.19:04:50::SCWMssOS::Copying to export directory.
TRACE::2024-07-19.19:04:51::SCWMssOS:: Checking if to create the Supporting Applications
TRACE::2024-07-19.19:04:51::SCWMssOS:: No Linux domain exists, trying to generate FSBL 
LOG::2024-07-19.19:04:51::SCWSystem::Completed Processing the domain standalone_microblaze_0
LOG::2024-07-19.19:04:51::SCWSystem::Completed Processing the sysconfig design_1_wrapper
LOG::2024-07-19.19:04:51::SCWPlatform::Completed generating the artifacts for system configuration design_1_wrapper
TRACE::2024-07-19.19:04:51::SCWPlatform::Started preparing the platform 
TRACE::2024-07-19.19:04:51::SCWSystem::Writing the bif file for system config design_1_wrapper
TRACE::2024-07-19.19:04:51::SCWSystem::dir created 
TRACE::2024-07-19.19:04:51::SCWSystem::Writing the bif 
TRACE::2024-07-19.19:04:51::SCWPlatform::Started writing the spfm file 
TRACE::2024-07-19.19:04:51::SCWPlatform::Started writing the xpfm file 
TRACE::2024-07-19.19:04:51::SCWPlatform::Completed generating the platform
TRACE::2024-07-19.19:04:51::SCWMssOS::Saving the mss changes E:/VIVADO_2022/Microblaze_Projects/PROJECTS/GPIO/design_1_wrapper/microblaze_0/standalone_microblaze_0/bsp/system.mss
TRACE::2024-07-19.19:04:51::SCWMssOS::Found a swdesign opened with the mssfile.
TRACE::2024-07-19.19:04:51::SCWMssOS::Completed writemss as part of save.
TRACE::2024-07-19.19:04:51::SCWMssOS::Commit changes completed.
TRACE::2024-07-19.19:04:51::SCWPlatform::Trying to open the hw design at E:/VIVADO_2022/Microblaze_Projects/PROJECTS/GPIO/design_1_wrapper/hw/design_1_wrapper.xsa
TRACE::2024-07-19.19:04:51::SCWPlatform::DSA given E:/VIVADO_2022/Microblaze_Projects/PROJECTS/GPIO/design_1_wrapper/hw/design_1_wrapper.xsa
TRACE::2024-07-19.19:04:51::SCWPlatform::DSA absoulate path E:/VIVADO_2022/Microblaze_Projects/PROJECTS/GPIO/design_1_wrapper/hw/design_1_wrapper.xsa
TRACE::2024-07-19.19:04:51::SCWPlatform::DSA directory E:/VIVADO_2022/Microblaze_Projects/PROJECTS/GPIO/design_1_wrapper/hw
TRACE::2024-07-19.19:04:51::SCWPlatform:: Platform Path E:/VIVADO_2022/Microblaze_Projects/PROJECTS/GPIO/design_1_wrapper/hw/design_1_wrapper.xsa
TRACE::2024-07-19.19:04:51::SCWPlatform:: Unique name xilinx:edgea7::0.0
TRACE::2024-07-19.19:04:51::SCWPlatform::Trying to set the existing hwdb with name design_1_wrapper_0
TRACE::2024-07-19.19:04:51::SCWPlatform::Opened existing hwdb design_1_wrapper_0
TRACE::2024-07-19.19:04:51::SCWPlatform::Found the Hw Db part of the input DSA
TRACE::2024-07-19.19:04:51::SCWMssOS::Checking the sw design at  E:/VIVADO_2022/Microblaze_Projects/PROJECTS/GPIO/design_1_wrapper/microblaze_0/standalone_microblaze_0/bsp/system.mss
TRACE::2024-07-19.19:04:51::SCWMssOS::DEBUG:  swdes dump  E:/VIVADO_2022/Microblaze_Projects/PROJECTS/GPIO/design_1_wrapper/microblaze_0/standalone_microblaze_0/bsp/system.mss|system||

TRACE::2024-07-19.19:04:51::SCWMssOS::Sw design exists and opened at  E:/VIVADO_2022/Microblaze_Projects/PROJECTS/GPIO/design_1_wrapper/microblaze_0/standalone_microblaze_0/bsp/system.mss
TRACE::2024-07-19.19:04:51::SCWPlatform::Trying to open the hw design at E:/VIVADO_2022/Microblaze_Projects/PROJECTS/GPIO/design_1_wrapper/hw/design_1_wrapper.xsa
TRACE::2024-07-19.19:04:51::SCWPlatform::DSA given E:/VIVADO_2022/Microblaze_Projects/PROJECTS/GPIO/design_1_wrapper/hw/design_1_wrapper.xsa
TRACE::2024-07-19.19:04:51::SCWPlatform::DSA absoulate path E:/VIVADO_2022/Microblaze_Projects/PROJECTS/GPIO/design_1_wrapper/hw/design_1_wrapper.xsa
TRACE::2024-07-19.19:04:51::SCWPlatform::DSA directory E:/VIVADO_2022/Microblaze_Projects/PROJECTS/GPIO/design_1_wrapper/hw
TRACE::2024-07-19.19:04:51::SCWPlatform:: Platform Path E:/VIVADO_2022/Microblaze_Projects/PROJECTS/GPIO/design_1_wrapper/hw/design_1_wrapper.xsa
TRACE::2024-07-19.19:04:51::SCWPlatform:: Unique name xilinx:edgea7::0.0
TRACE::2024-07-19.19:04:51::SCWPlatform::Trying to set the existing hwdb with name design_1_wrapper_0
TRACE::2024-07-19.19:04:51::SCWPlatform::Opened existing hwdb design_1_wrapper_0
TRACE::2024-07-19.19:04:51::SCWPlatform::Found the Hw Db part of the input DSA
TRACE::2024-07-19.19:04:51::SCWMssOS::Checking the sw design at  E:/VIVADO_2022/Microblaze_Projects/PROJECTS/GPIO/design_1_wrapper/microblaze_0/standalone_microblaze_0/bsp/system.mss
TRACE::2024-07-19.19:04:51::SCWMssOS::DEBUG:  swdes dump  E:/VIVADO_2022/Microblaze_Projects/PROJECTS/GPIO/design_1_wrapper/microblaze_0/standalone_microblaze_0/bsp/system.mss|system||

TRACE::2024-07-19.19:04:51::SCWMssOS::Sw design exists and opened at  E:/VIVADO_2022/Microblaze_Projects/PROJECTS/GPIO/design_1_wrapper/microblaze_0/standalone_microblaze_0/bsp/system.mss
TRACE::2024-07-19.19:04:51::SCWPlatform::Trying to open the hw design at E:/VIVADO_2022/Microblaze_Projects/PROJECTS/GPIO/design_1_wrapper/hw/design_1_wrapper.xsa
TRACE::2024-07-19.19:04:51::SCWPlatform::DSA given E:/VIVADO_2022/Microblaze_Projects/PROJECTS/GPIO/design_1_wrapper/hw/design_1_wrapper.xsa
TRACE::2024-07-19.19:04:51::SCWPlatform::DSA absoulate path E:/VIVADO_2022/Microblaze_Projects/PROJECTS/GPIO/design_1_wrapper/hw/design_1_wrapper.xsa
TRACE::2024-07-19.19:04:51::SCWPlatform::DSA directory E:/VIVADO_2022/Microblaze_Projects/PROJECTS/GPIO/design_1_wrapper/hw
TRACE::2024-07-19.19:04:51::SCWPlatform:: Platform Path E:/VIVADO_2022/Microblaze_Projects/PROJECTS/GPIO/design_1_wrapper/hw/design_1_wrapper.xsa
TRACE::2024-07-19.19:04:51::SCWPlatform:: Unique name xilinx:edgea7::0.0
TRACE::2024-07-19.19:04:51::SCWPlatform::Trying to set the existing hwdb with name design_1_wrapper_0
TRACE::2024-07-19.19:04:51::SCWPlatform::Opened existing hwdb design_1_wrapper_0
TRACE::2024-07-19.19:04:51::SCWPlatform::Found the Hw Db part of the input DSA
TRACE::2024-07-19.19:04:51::SCWMssOS::Checking the sw design at  E:/VIVADO_2022/Microblaze_Projects/PROJECTS/GPIO/design_1_wrapper/microblaze_0/standalone_microblaze_0/bsp/system.mss
TRACE::2024-07-19.19:04:51::SCWMssOS::DEBUG:  swdes dump  E:/VIVADO_2022/Microblaze_Projects/PROJECTS/GPIO/design_1_wrapper/microblaze_0/standalone_microblaze_0/bsp/system.mss|system||

TRACE::2024-07-19.19:04:51::SCWMssOS::Sw design exists and opened at  E:/VIVADO_2022/Microblaze_Projects/PROJECTS/GPIO/design_1_wrapper/microblaze_0/standalone_microblaze_0/bsp/system.mss
TRACE::2024-07-19.19:04:51::SCWWriter::formatted JSON is {
	"platformName":	"design_1_wrapper",
	"sprVersion":	"2.0",
	"mode":	"gui",
	"dsaType":	"Fixed",
	"platformDesc":	"design_1_wrapper",
	"platHandOff":	"E:/VIVADO_2022/Microblaze_Projects/PROJECTS/GPIO/gpio/design_1_wrapper.xsa",
	"platIntHandOff":	"<platformDir>/hw/design_1_wrapper.xsa",
	"deviceType":	"FPGA",
	"platIsPrebuiltAutogen":	"false",
	"platIsNoBootBsp":	"false",
	"hasFsblMakeHasChanges":	"false",
	"hasPmufwMakeHasChanges":	"false",
	"platPreBuiltFlag":	false,
	"platformSamplesDir":	"",
	"platActiveSys":	"design_1_wrapper",
	"systems":	[{
			"systemName":	"design_1_wrapper",
			"systemDesc":	"design_1_wrapper",
			"sysIsBootAutoGen":	"true",
			"systemDispName":	"design_1_wrapper",
			"sysActiveDom":	"standalone_microblaze_0",
			"sysDefaultDom":	"standalone_microblaze_0",
			"domains":	[{
					"domainName":	"standalone_microblaze_0",
					"domainDispName":	"standalone_microblaze_0",
					"domainDesc":	"standalone_microblaze_0",
					"processors":	"microblaze_0",
					"os":	"standalone",
					"sdxOs":	"standalone",
					"debugEnable":	"False",
					"domRuntimes":	["cpp"],
					"swRepo":	"",
					"mssOsVer":	"8.0",
					"mssFile":	"",
					"md5Digest":	"d71f0390b049c5e98d3f47dfaddd10a6",
					"compatibleApp":	"hello_world",
					"domType":	"mssDomain",
					"arch":	"32-bit",
					"appSettings":	{
						"appCompilerFlags":	"",
						"appLinkerFlags":	""
					},
					"addedLibs":	[],
					"libOptions":	{
						"libsContainingOptions":	[]
					},
					"prebuiltLibs":	{
						"prebuiltIncPath":	[],
						"prebuiltLibPath":	[]
					},
					"isolation":	{
					}
				}]
		}]
}
KEYINFO::2024-07-19.19:04:51::SCWPlatform::updated the xpfm file.
TRACE::2024-07-19.19:04:52::SCWPlatform::Trying to open the hw design at E:/VIVADO_2022/Microblaze_Projects/PROJECTS/GPIO/design_1_wrapper/hw/design_1_wrapper.xsa
TRACE::2024-07-19.19:04:52::SCWPlatform::DSA given E:/VIVADO_2022/Microblaze_Projects/PROJECTS/GPIO/design_1_wrapper/hw/design_1_wrapper.xsa
TRACE::2024-07-19.19:04:52::SCWPlatform::DSA absoulate path E:/VIVADO_2022/Microblaze_Projects/PROJECTS/GPIO/design_1_wrapper/hw/design_1_wrapper.xsa
TRACE::2024-07-19.19:04:52::SCWPlatform::DSA directory E:/VIVADO_2022/Microblaze_Projects/PROJECTS/GPIO/design_1_wrapper/hw
TRACE::2024-07-19.19:04:52::SCWPlatform:: Platform Path E:/VIVADO_2022/Microblaze_Projects/PROJECTS/GPIO/design_1_wrapper/hw/design_1_wrapper.xsa
TRACE::2024-07-19.19:04:52::SCWPlatform:: Unique name xilinx:edgea7::0.0
TRACE::2024-07-19.19:04:52::SCWPlatform::Trying to set the existing hwdb with name design_1_wrapper_0
TRACE::2024-07-19.19:04:52::SCWPlatform::Opened existing hwdb design_1_wrapper_0
TRACE::2024-07-19.19:04:52::SCWPlatform::Found the Hw Db part of the input DSA
TRACE::2024-07-19.19:04:52::SCWMssOS::Checking the sw design at  E:/VIVADO_2022/Microblaze_Projects/PROJECTS/GPIO/design_1_wrapper/microblaze_0/standalone_microblaze_0/bsp/system.mss
TRACE::2024-07-19.19:04:52::SCWMssOS::DEBUG:  swdes dump  E:/VIVADO_2022/Microblaze_Projects/PROJECTS/GPIO/design_1_wrapper/microblaze_0/standalone_microblaze_0/bsp/system.mss|system||

TRACE::2024-07-19.19:04:52::SCWMssOS::Sw design exists and opened at  E:/VIVADO_2022/Microblaze_Projects/PROJECTS/GPIO/design_1_wrapper/microblaze_0/standalone_microblaze_0/bsp/system.mss
