22:10:35 DEBUG : Logs will be stored at 'E:/VIVADO_2022/Microblaze_Projects/PROJECTS/GPIO_DIP_SW_LED/IDE.log'.
22:10:43 INFO  : Launching XSCT server: xsct.bat -n  -interactive E:\VIVADO_2022\Microblaze_Projects\PROJECTS\GPIO_DIP_SW_LED\temp_xsdb_launch_script.tcl
22:10:43 INFO  : Registering command handlers for Vitis TCF services
22:10:44 INFO  : Platform repository initialization has completed.
22:10:53 INFO  : XSCT server has started successfully.
22:10:53 INFO  : plnx-install-location is set to ''
22:11:10 INFO  : Successfully done setting XSCT server connection channel  
22:11:10 INFO  : Successfully done query RDI_DATADIR 
22:11:10 INFO  : Successfully done setting workspace for the tool. 
22:12:45 INFO  : Result from executing command 'getProjects': design_1_wrapper
22:12:45 INFO  : Result from executing command 'getPlatforms': xilinx_zcu102_base_202220_1|E:/VITIS_2020.2/Vitis/2022.2/base_platforms/xilinx_zcu102_base_202220_1/xilinx_zcu102_base_202220_1.xpfm;xilinx_zcu102_base_dfx_202220_1|E:/VITIS_2020.2/Vitis/2022.2/base_platforms/xilinx_zcu102_base_dfx_202220_1/xilinx_zcu102_base_dfx_202220_1.xpfm;xilinx_zcu104_base_202220_1|E:/VITIS_2020.2/Vitis/2022.2/base_platforms/xilinx_zcu104_base_202220_1/xilinx_zcu104_base_202220_1.xpfm
22:12:45 WARN  : An unexpected exception occurred in the module 'platform project logging'
22:12:46 INFO  : Platform 'design_1_wrapper' is added to custom repositories.
22:12:52 INFO  : Platform 'design_1_wrapper' is added to custom repositories.
22:24:57 INFO  : Result from executing command 'getProjects': design_1_wrapper
22:24:57 INFO  : Result from executing command 'getPlatforms': design_1_wrapper|E:/VIVADO_2022/Microblaze_Projects/PROJECTS/GPIO_DIP_SW_LED/design_1_wrapper/export/design_1_wrapper/design_1_wrapper.xpfm;xilinx_zcu102_base_202220_1|E:/VITIS_2020.2/Vitis/2022.2/base_platforms/xilinx_zcu102_base_202220_1/xilinx_zcu102_base_202220_1.xpfm;xilinx_zcu102_base_dfx_202220_1|E:/VITIS_2020.2/Vitis/2022.2/base_platforms/xilinx_zcu102_base_dfx_202220_1/xilinx_zcu102_base_dfx_202220_1.xpfm;xilinx_zcu104_base_202220_1|E:/VITIS_2020.2/Vitis/2022.2/base_platforms/xilinx_zcu104_base_202220_1/xilinx_zcu104_base_202220_1.xpfm
22:25:13 INFO  : Checking for BSP changes to sync application flags for project 'gpio_sw_led'...
22:26:18 INFO  : Bit file 'E:/VIVADO_2022/Microblaze_Projects/PROJECTS/GPIO_DIP_SW_LED/gpio_sw_led/_ide/bitstream/download.bit' is generated.
22:26:21 INFO  : Connected to target on host '127.0.0.1' and port '3121'.
22:26:22 INFO  : 'targets -set -filter {jtag_cable_name =~ "Digilent Arty 210319A288EEA" && level==0 && jtag_device_ctx=="jsn-Arty-210319A288EEA-0362d093-0"}' command is executed.
22:26:23 INFO  : Device configured successfully with "E:/VIVADO_2022/Microblaze_Projects/PROJECTS/GPIO_DIP_SW_LED/gpio_sw_led/_ide/bitstream/download.bit"
22:26:30 INFO  : Connected to target on host '127.0.0.1' and port '3121'.
22:26:30 INFO  : Jtag cable 'Digilent Arty 210319A288EEA' is selected.
22:26:30 INFO  : 'jtag frequency' command is executed.
22:26:30 INFO  : 'targets -set -filter {jtag_cable_name =~ "Digilent Arty 210319A288EEA" && level==0 && jtag_device_ctx=="jsn-Arty-210319A288EEA-0362d093-0"}' command is executed.
22:26:32 INFO  : Device configured successfully with "E:/VIVADO_2022/Microblaze_Projects/PROJECTS/GPIO_DIP_SW_LED/gpio_sw_led/_ide/bitstream/download.bit"
22:26:32 INFO  : Context for processor 'microblaze_0' is selected.
22:26:32 INFO  : Hardware design and registers information is loaded from 'E:/VIVADO_2022/Microblaze_Projects/PROJECTS/GPIO_DIP_SW_LED/design_1_wrapper/export/design_1_wrapper/hw/design_1_wrapper.xsa'.
22:26:32 INFO  : 'configparams mdm-detect-bscan-mask 2' command is executed.
22:26:32 INFO  : Context for processor 'microblaze_0' is selected.
22:26:32 INFO  : System reset is completed.
22:26:35 INFO  : 'after 3000' command is executed.
22:26:35 INFO  : Context for processor 'microblaze_0' is selected.
22:26:35 INFO  : The application 'E:/VIVADO_2022/Microblaze_Projects/PROJECTS/GPIO_DIP_SW_LED/gpio_sw_led/Debug/gpio_sw_led.elf' is downloaded to processor 'microblaze_0'.
22:26:35 INFO  : ----------------XSDB Script----------------
connect -url tcp:127.0.0.1:3121
targets -set -filter {jtag_cable_name =~ "Digilent Arty 210319A288EEA" && level==0 && jtag_device_ctx=="jsn-Arty-210319A288EEA-0362d093-0"}
fpga -file E:/VIVADO_2022/Microblaze_Projects/PROJECTS/GPIO_DIP_SW_LED/gpio_sw_led/_ide/bitstream/download.bit
targets -set -nocase -filter {name =~ "*microblaze*#0" && bscan=="USER2" }
loadhw -hw E:/VIVADO_2022/Microblaze_Projects/PROJECTS/GPIO_DIP_SW_LED/design_1_wrapper/export/design_1_wrapper/hw/design_1_wrapper.xsa -regs
configparams mdm-detect-bscan-mask 2
targets -set -nocase -filter {name =~ "*microblaze*#0" && bscan=="USER2" }
rst -system
after 3000
targets -set -nocase -filter {name =~ "*microblaze*#0" && bscan=="USER2" }
dow E:/VIVADO_2022/Microblaze_Projects/PROJECTS/GPIO_DIP_SW_LED/gpio_sw_led/Debug/gpio_sw_led.elf
----------------End of Script----------------

22:26:36 INFO  : Context for processor 'microblaze_0' is selected.
22:26:36 INFO  : 'con' command is executed.
22:26:36 INFO  : ----------------XSDB Script (After Launch)----------------
targets -set -nocase -filter {name =~ "*microblaze*#0" && bscan=="USER2" }
con
----------------End of Script----------------

22:26:36 INFO  : Launch script is exported to file 'E:\VIVADO_2022\Microblaze_Projects\PROJECTS\GPIO_DIP_SW_LED\gpio_sw_led_system\_ide\scripts\systemdebugger_gpio_sw_led_system_standalone.tcl'
22:30:04 INFO  : Result from executing command 'removePlatformRepo': 
22:30:19 INFO  : Result from executing command 'getProjects': design_1_wrapper
22:30:19 INFO  : Result from executing command 'getPlatforms': xilinx_zcu102_base_202220_1|E:/VITIS_2020.2/Vitis/2022.2/base_platforms/xilinx_zcu102_base_202220_1/xilinx_zcu102_base_202220_1.xpfm;xilinx_zcu102_base_dfx_202220_1|E:/VITIS_2020.2/Vitis/2022.2/base_platforms/xilinx_zcu102_base_dfx_202220_1/xilinx_zcu102_base_dfx_202220_1.xpfm;xilinx_zcu104_base_202220_1|E:/VITIS_2020.2/Vitis/2022.2/base_platforms/xilinx_zcu104_base_202220_1/xilinx_zcu104_base_202220_1.xpfm
22:30:20 INFO  : Checking for BSP changes to sync application flags for project 'gpio_sw_led'...
22:30:59 INFO  : Bit file 'E:/VIVADO_2022/Microblaze_Projects/PROJECTS/GPIO_DIP_SW_LED/gpio_sw_led/_ide/bitstream/download.bit' is generated.
22:30:59 INFO  : Connected to target on host '127.0.0.1' and port '3121'.
22:30:59 INFO  : 'targets -set -filter {jtag_cable_name =~ "Digilent Arty 210319A288EEA" && level==0 && jtag_device_ctx=="jsn-Arty-210319A288EEA-0362d093-0"}' command is executed.
22:31:01 INFO  : Device configured successfully with "E:/VIVADO_2022/Microblaze_Projects/PROJECTS/GPIO_DIP_SW_LED/gpio_sw_led/_ide/bitstream/download.bit"
22:31:11 INFO  : Disconnected from the channel tcfchan#2.
22:31:11 INFO  : Connected to target on host '127.0.0.1' and port '3121'.
22:31:11 INFO  : Jtag cable 'Digilent Arty 210319A288EEA' is selected.
22:31:11 INFO  : 'jtag frequency' command is executed.
22:31:11 INFO  : 'targets -set -filter {jtag_cable_name =~ "Digilent Arty 210319A288EEA" && level==0 && jtag_device_ctx=="jsn-Arty-210319A288EEA-0362d093-0"}' command is executed.
22:31:12 INFO  : Device configured successfully with "E:/VIVADO_2022/Microblaze_Projects/PROJECTS/GPIO_DIP_SW_LED/gpio_sw_led/_ide/bitstream/download.bit"
22:31:13 INFO  : Context for processor 'microblaze_0' is selected.
22:31:13 INFO  : Hardware design and registers information is loaded from 'E:/VIVADO_2022/Microblaze_Projects/PROJECTS/GPIO_DIP_SW_LED/design_1_wrapper/export/design_1_wrapper/hw/design_1_wrapper.xsa'.
22:31:13 INFO  : 'configparams mdm-detect-bscan-mask 2' command is executed.
22:31:13 INFO  : Context for processor 'microblaze_0' is selected.
22:31:13 INFO  : System reset is completed.
22:31:16 INFO  : 'after 3000' command is executed.
22:31:16 INFO  : Context for processor 'microblaze_0' is selected.
22:31:16 INFO  : The application 'E:/VIVADO_2022/Microblaze_Projects/PROJECTS/GPIO_DIP_SW_LED/gpio_sw_led/Debug/gpio_sw_led.elf' is downloaded to processor 'microblaze_0'.
22:31:16 INFO  : ----------------XSDB Script----------------
connect -url tcp:127.0.0.1:3121
targets -set -filter {jtag_cable_name =~ "Digilent Arty 210319A288EEA" && level==0 && jtag_device_ctx=="jsn-Arty-210319A288EEA-0362d093-0"}
fpga -file E:/VIVADO_2022/Microblaze_Projects/PROJECTS/GPIO_DIP_SW_LED/gpio_sw_led/_ide/bitstream/download.bit
targets -set -nocase -filter {name =~ "*microblaze*#0" && bscan=="USER2" }
loadhw -hw E:/VIVADO_2022/Microblaze_Projects/PROJECTS/GPIO_DIP_SW_LED/design_1_wrapper/export/design_1_wrapper/hw/design_1_wrapper.xsa -regs
configparams mdm-detect-bscan-mask 2
targets -set -nocase -filter {name =~ "*microblaze*#0" && bscan=="USER2" }
rst -system
after 3000
targets -set -nocase -filter {name =~ "*microblaze*#0" && bscan=="USER2" }
dow E:/VIVADO_2022/Microblaze_Projects/PROJECTS/GPIO_DIP_SW_LED/gpio_sw_led/Debug/gpio_sw_led.elf
----------------End of Script----------------

22:31:16 INFO  : Context for processor 'microblaze_0' is selected.
22:31:16 INFO  : 'con' command is executed.
22:31:16 INFO  : ----------------XSDB Script (After Launch)----------------
targets -set -nocase -filter {name =~ "*microblaze*#0" && bscan=="USER2" }
con
----------------End of Script----------------

22:31:16 INFO  : Launch script is exported to file 'E:\VIVADO_2022\Microblaze_Projects\PROJECTS\GPIO_DIP_SW_LED\gpio_sw_led_system\_ide\scripts\systemdebugger_gpio_sw_led_system_standalone.tcl'
22:32:52 INFO  : Checking for BSP changes to sync application flags for project 'gpio_sw_led'...
22:33:24 INFO  : Bit file 'E:/VIVADO_2022/Microblaze_Projects/PROJECTS/GPIO_DIP_SW_LED/gpio_sw_led/_ide/bitstream/download.bit' is generated.
22:33:24 INFO  : Connected to target on host '127.0.0.1' and port '3121'.
22:33:24 INFO  : 'targets -set -filter {jtag_cable_name =~ "Digilent Arty 210319A288EEA" && level==0 && jtag_device_ctx=="jsn-Arty-210319A288EEA-0362d093-0"}' command is executed.
22:33:25 INFO  : Device configured successfully with "E:/VIVADO_2022/Microblaze_Projects/PROJECTS/GPIO_DIP_SW_LED/gpio_sw_led/_ide/bitstream/download.bit"
22:33:35 INFO  : Disconnected from the channel tcfchan#5.
22:33:35 INFO  : Connected to target on host '127.0.0.1' and port '3121'.
22:33:35 INFO  : Jtag cable 'Digilent Arty 210319A288EEA' is selected.
22:33:35 INFO  : 'jtag frequency' command is executed.
22:33:36 INFO  : 'targets -set -filter {jtag_cable_name =~ "Digilent Arty 210319A288EEA" && level==0 && jtag_device_ctx=="jsn-Arty-210319A288EEA-0362d093-0"}' command is executed.
22:33:37 INFO  : Device configured successfully with "E:/VIVADO_2022/Microblaze_Projects/PROJECTS/GPIO_DIP_SW_LED/gpio_sw_led/_ide/bitstream/download.bit"
22:33:37 INFO  : Context for processor 'microblaze_0' is selected.
22:33:37 INFO  : Hardware design and registers information is loaded from 'E:/VIVADO_2022/Microblaze_Projects/PROJECTS/GPIO_DIP_SW_LED/design_1_wrapper/export/design_1_wrapper/hw/design_1_wrapper.xsa'.
22:33:37 INFO  : 'configparams mdm-detect-bscan-mask 2' command is executed.
22:33:37 INFO  : Context for processor 'microblaze_0' is selected.
22:33:37 INFO  : System reset is completed.
22:33:40 INFO  : 'after 3000' command is executed.
22:33:40 INFO  : Context for processor 'microblaze_0' is selected.
22:33:40 INFO  : The application 'E:/VIVADO_2022/Microblaze_Projects/PROJECTS/GPIO_DIP_SW_LED/gpio_sw_led/Debug/gpio_sw_led.elf' is downloaded to processor 'microblaze_0'.
22:33:40 INFO  : ----------------XSDB Script----------------
connect -url tcp:127.0.0.1:3121
targets -set -filter {jtag_cable_name =~ "Digilent Arty 210319A288EEA" && level==0 && jtag_device_ctx=="jsn-Arty-210319A288EEA-0362d093-0"}
fpga -file E:/VIVADO_2022/Microblaze_Projects/PROJECTS/GPIO_DIP_SW_LED/gpio_sw_led/_ide/bitstream/download.bit
targets -set -nocase -filter {name =~ "*microblaze*#0" && bscan=="USER2" }
loadhw -hw E:/VIVADO_2022/Microblaze_Projects/PROJECTS/GPIO_DIP_SW_LED/design_1_wrapper/export/design_1_wrapper/hw/design_1_wrapper.xsa -regs
configparams mdm-detect-bscan-mask 2
targets -set -nocase -filter {name =~ "*microblaze*#0" && bscan=="USER2" }
rst -system
after 3000
targets -set -nocase -filter {name =~ "*microblaze*#0" && bscan=="USER2" }
dow E:/VIVADO_2022/Microblaze_Projects/PROJECTS/GPIO_DIP_SW_LED/gpio_sw_led/Debug/gpio_sw_led.elf
----------------End of Script----------------

22:33:41 INFO  : Context for processor 'microblaze_0' is selected.
22:33:41 INFO  : 'con' command is executed.
22:33:41 INFO  : ----------------XSDB Script (After Launch)----------------
targets -set -nocase -filter {name =~ "*microblaze*#0" && bscan=="USER2" }
con
----------------End of Script----------------

22:33:41 INFO  : Launch script is exported to file 'E:\VIVADO_2022\Microblaze_Projects\PROJECTS\GPIO_DIP_SW_LED\gpio_sw_led_system\_ide\scripts\systemdebugger_gpio_sw_led_system_standalone.tcl'
22:34:53 INFO  : Checking for BSP changes to sync application flags for project 'gpio_sw_led'...
22:35:21 INFO  : Bit file 'E:/VIVADO_2022/Microblaze_Projects/PROJECTS/GPIO_DIP_SW_LED/gpio_sw_led/_ide/bitstream/download.bit' is generated.
22:35:21 INFO  : Connected to target on host '127.0.0.1' and port '3121'.
22:35:21 INFO  : 'targets -set -filter {jtag_cable_name =~ "Digilent Arty 210319A288EEA" && level==0 && jtag_device_ctx=="jsn-Arty-210319A288EEA-0362d093-0"}' command is executed.
22:35:22 INFO  : Device configured successfully with "E:/VIVADO_2022/Microblaze_Projects/PROJECTS/GPIO_DIP_SW_LED/gpio_sw_led/_ide/bitstream/download.bit"
22:35:30 INFO  : Disconnected from the channel tcfchan#6.
22:35:30 INFO  : Connected to target on host '127.0.0.1' and port '3121'.
22:35:30 INFO  : Jtag cable 'Digilent Arty 210319A288EEA' is selected.
22:35:30 INFO  : 'jtag frequency' command is executed.
22:35:30 INFO  : 'targets -set -filter {jtag_cable_name =~ "Digilent Arty 210319A288EEA" && level==0 && jtag_device_ctx=="jsn-Arty-210319A288EEA-0362d093-0"}' command is executed.
22:35:32 INFO  : Device configured successfully with "E:/VIVADO_2022/Microblaze_Projects/PROJECTS/GPIO_DIP_SW_LED/gpio_sw_led/_ide/bitstream/download.bit"
22:35:32 INFO  : Context for processor 'microblaze_0' is selected.
22:35:32 INFO  : Hardware design and registers information is loaded from 'E:/VIVADO_2022/Microblaze_Projects/PROJECTS/GPIO_DIP_SW_LED/design_1_wrapper/export/design_1_wrapper/hw/design_1_wrapper.xsa'.
22:35:32 INFO  : 'configparams mdm-detect-bscan-mask 2' command is executed.
22:35:32 INFO  : Context for processor 'microblaze_0' is selected.
22:35:32 INFO  : System reset is completed.
22:35:35 INFO  : 'after 3000' command is executed.
22:35:35 INFO  : Context for processor 'microblaze_0' is selected.
22:35:35 INFO  : The application 'E:/VIVADO_2022/Microblaze_Projects/PROJECTS/GPIO_DIP_SW_LED/gpio_sw_led/Debug/gpio_sw_led.elf' is downloaded to processor 'microblaze_0'.
22:35:35 INFO  : ----------------XSDB Script----------------
connect -url tcp:127.0.0.1:3121
targets -set -filter {jtag_cable_name =~ "Digilent Arty 210319A288EEA" && level==0 && jtag_device_ctx=="jsn-Arty-210319A288EEA-0362d093-0"}
fpga -file E:/VIVADO_2022/Microblaze_Projects/PROJECTS/GPIO_DIP_SW_LED/gpio_sw_led/_ide/bitstream/download.bit
targets -set -nocase -filter {name =~ "*microblaze*#0" && bscan=="USER2" }
loadhw -hw E:/VIVADO_2022/Microblaze_Projects/PROJECTS/GPIO_DIP_SW_LED/design_1_wrapper/export/design_1_wrapper/hw/design_1_wrapper.xsa -regs
configparams mdm-detect-bscan-mask 2
targets -set -nocase -filter {name =~ "*microblaze*#0" && bscan=="USER2" }
rst -system
after 3000
targets -set -nocase -filter {name =~ "*microblaze*#0" && bscan=="USER2" }
dow E:/VIVADO_2022/Microblaze_Projects/PROJECTS/GPIO_DIP_SW_LED/gpio_sw_led/Debug/gpio_sw_led.elf
----------------End of Script----------------

22:35:35 INFO  : Context for processor 'microblaze_0' is selected.
22:35:35 INFO  : 'con' command is executed.
22:35:35 INFO  : ----------------XSDB Script (After Launch)----------------
targets -set -nocase -filter {name =~ "*microblaze*#0" && bscan=="USER2" }
con
----------------End of Script----------------

22:35:35 INFO  : Launch script is exported to file 'E:\VIVADO_2022\Microblaze_Projects\PROJECTS\GPIO_DIP_SW_LED\gpio_sw_led_system\_ide\scripts\systemdebugger_gpio_sw_led_system_standalone.tcl'
22:36:30 INFO  : Checking for BSP changes to sync application flags for project 'gpio_sw_led'...
22:37:02 INFO  : Bit file 'E:/VIVADO_2022/Microblaze_Projects/PROJECTS/GPIO_DIP_SW_LED/gpio_sw_led/_ide/bitstream/download.bit' is generated.
22:37:02 INFO  : Connected to target on host '127.0.0.1' and port '3121'.
22:37:02 INFO  : 'targets -set -filter {jtag_cable_name =~ "Digilent Arty 210319A288EEA" && level==0 && jtag_device_ctx=="jsn-Arty-210319A288EEA-0362d093-0"}' command is executed.
22:37:03 INFO  : Device configured successfully with "E:/VIVADO_2022/Microblaze_Projects/PROJECTS/GPIO_DIP_SW_LED/gpio_sw_led/_ide/bitstream/download.bit"
22:37:10 INFO  : Disconnected from the channel tcfchan#7.
22:37:10 INFO  : Connected to target on host '127.0.0.1' and port '3121'.
22:37:10 INFO  : Jtag cable 'Digilent Arty 210319A288EEA' is selected.
22:37:10 INFO  : 'jtag frequency' command is executed.
22:37:10 INFO  : 'targets -set -filter {jtag_cable_name =~ "Digilent Arty 210319A288EEA" && level==0 && jtag_device_ctx=="jsn-Arty-210319A288EEA-0362d093-0"}' command is executed.
22:37:11 INFO  : Device configured successfully with "E:/VIVADO_2022/Microblaze_Projects/PROJECTS/GPIO_DIP_SW_LED/gpio_sw_led/_ide/bitstream/download.bit"
22:37:11 INFO  : Context for processor 'microblaze_0' is selected.
22:37:11 INFO  : Hardware design and registers information is loaded from 'E:/VIVADO_2022/Microblaze_Projects/PROJECTS/GPIO_DIP_SW_LED/design_1_wrapper/export/design_1_wrapper/hw/design_1_wrapper.xsa'.
22:37:11 INFO  : 'configparams mdm-detect-bscan-mask 2' command is executed.
22:37:12 INFO  : Context for processor 'microblaze_0' is selected.
22:37:12 INFO  : System reset is completed.
22:37:15 INFO  : 'after 3000' command is executed.
22:37:15 INFO  : Context for processor 'microblaze_0' is selected.
22:37:15 INFO  : The application 'E:/VIVADO_2022/Microblaze_Projects/PROJECTS/GPIO_DIP_SW_LED/gpio_sw_led/Debug/gpio_sw_led.elf' is downloaded to processor 'microblaze_0'.
22:37:15 INFO  : ----------------XSDB Script----------------
connect -url tcp:127.0.0.1:3121
targets -set -filter {jtag_cable_name =~ "Digilent Arty 210319A288EEA" && level==0 && jtag_device_ctx=="jsn-Arty-210319A288EEA-0362d093-0"}
fpga -file E:/VIVADO_2022/Microblaze_Projects/PROJECTS/GPIO_DIP_SW_LED/gpio_sw_led/_ide/bitstream/download.bit
targets -set -nocase -filter {name =~ "*microblaze*#0" && bscan=="USER2" }
loadhw -hw E:/VIVADO_2022/Microblaze_Projects/PROJECTS/GPIO_DIP_SW_LED/design_1_wrapper/export/design_1_wrapper/hw/design_1_wrapper.xsa -regs
configparams mdm-detect-bscan-mask 2
targets -set -nocase -filter {name =~ "*microblaze*#0" && bscan=="USER2" }
rst -system
after 3000
targets -set -nocase -filter {name =~ "*microblaze*#0" && bscan=="USER2" }
dow E:/VIVADO_2022/Microblaze_Projects/PROJECTS/GPIO_DIP_SW_LED/gpio_sw_led/Debug/gpio_sw_led.elf
----------------End of Script----------------

22:37:15 INFO  : Context for processor 'microblaze_0' is selected.
22:37:15 INFO  : 'con' command is executed.
22:37:15 INFO  : ----------------XSDB Script (After Launch)----------------
targets -set -nocase -filter {name =~ "*microblaze*#0" && bscan=="USER2" }
con
----------------End of Script----------------

22:37:15 INFO  : Launch script is exported to file 'E:\VIVADO_2022\Microblaze_Projects\PROJECTS\GPIO_DIP_SW_LED\gpio_sw_led_system\_ide\scripts\systemdebugger_gpio_sw_led_system_standalone.tcl'
22:37:48 INFO  : Checking for BSP changes to sync application flags for project 'gpio_sw_led'...
22:38:19 INFO  : Bit file 'E:/VIVADO_2022/Microblaze_Projects/PROJECTS/GPIO_DIP_SW_LED/gpio_sw_led/_ide/bitstream/download.bit' is generated.
22:38:19 INFO  : Connected to target on host '127.0.0.1' and port '3121'.
22:38:19 INFO  : 'targets -set -filter {jtag_cable_name =~ "Digilent Arty 210319A288EEA" && level==0 && jtag_device_ctx=="jsn-Arty-210319A288EEA-0362d093-0"}' command is executed.
22:38:20 INFO  : Device configured successfully with "E:/VIVADO_2022/Microblaze_Projects/PROJECTS/GPIO_DIP_SW_LED/gpio_sw_led/_ide/bitstream/download.bit"
22:38:45 INFO  : Disconnected from the channel tcfchan#8.
22:38:45 INFO  : Connected to target on host '127.0.0.1' and port '3121'.
22:38:46 INFO  : Jtag cable 'Digilent Arty 210319A288EEA' is selected.
22:38:46 INFO  : 'jtag frequency' command is executed.
22:38:46 INFO  : 'targets -set -filter {jtag_cable_name =~ "Digilent Arty 210319A288EEA" && level==0 && jtag_device_ctx=="jsn-Arty-210319A288EEA-0362d093-0"}' command is executed.
22:38:47 INFO  : Device configured successfully with "E:/VIVADO_2022/Microblaze_Projects/PROJECTS/GPIO_DIP_SW_LED/gpio_sw_led/_ide/bitstream/download.bit"
22:38:47 INFO  : Context for processor 'microblaze_0' is selected.
22:38:47 INFO  : Hardware design and registers information is loaded from 'E:/VIVADO_2022/Microblaze_Projects/PROJECTS/GPIO_DIP_SW_LED/design_1_wrapper/export/design_1_wrapper/hw/design_1_wrapper.xsa'.
22:38:47 INFO  : 'configparams mdm-detect-bscan-mask 2' command is executed.
22:38:47 INFO  : Context for processor 'microblaze_0' is selected.
22:38:47 INFO  : System reset is completed.
22:38:50 INFO  : 'after 3000' command is executed.
22:38:50 INFO  : Context for processor 'microblaze_0' is selected.
22:38:50 INFO  : The application 'E:/VIVADO_2022/Microblaze_Projects/PROJECTS/GPIO_DIP_SW_LED/gpio_sw_led/Debug/gpio_sw_led.elf' is downloaded to processor 'microblaze_0'.
22:38:50 INFO  : ----------------XSDB Script----------------
connect -url tcp:127.0.0.1:3121
targets -set -filter {jtag_cable_name =~ "Digilent Arty 210319A288EEA" && level==0 && jtag_device_ctx=="jsn-Arty-210319A288EEA-0362d093-0"}
fpga -file E:/VIVADO_2022/Microblaze_Projects/PROJECTS/GPIO_DIP_SW_LED/gpio_sw_led/_ide/bitstream/download.bit
targets -set -nocase -filter {name =~ "*microblaze*#0" && bscan=="USER2" }
loadhw -hw E:/VIVADO_2022/Microblaze_Projects/PROJECTS/GPIO_DIP_SW_LED/design_1_wrapper/export/design_1_wrapper/hw/design_1_wrapper.xsa -regs
configparams mdm-detect-bscan-mask 2
targets -set -nocase -filter {name =~ "*microblaze*#0" && bscan=="USER2" }
rst -system
after 3000
targets -set -nocase -filter {name =~ "*microblaze*#0" && bscan=="USER2" }
dow E:/VIVADO_2022/Microblaze_Projects/PROJECTS/GPIO_DIP_SW_LED/gpio_sw_led/Debug/gpio_sw_led.elf
----------------End of Script----------------

22:38:50 INFO  : Context for processor 'microblaze_0' is selected.
22:38:50 INFO  : 'con' command is executed.
22:38:50 INFO  : ----------------XSDB Script (After Launch)----------------
targets -set -nocase -filter {name =~ "*microblaze*#0" && bscan=="USER2" }
con
----------------End of Script----------------

22:38:50 INFO  : Launch script is exported to file 'E:\VIVADO_2022\Microblaze_Projects\PROJECTS\GPIO_DIP_SW_LED\gpio_sw_led_system\_ide\scripts\systemdebugger_gpio_sw_led_system_standalone.tcl'
22:39:49 INFO  : Disconnected from the channel tcfchan#9.
